{"/Users/Sebastian.Shaw/Documents/Code/snarkflix/generate-review-pages.js": {"path":"/Users/Sebastian.Shaw/Documents/Code/snarkflix/generate-review-pages.js","statementMap":{"0":{"start":{"line":1,"column":11},"end":{"line":1,"column":24}},"1":{"start":{"line":2,"column":13},"end":{"line":2,"column":28}},"2":{"start":{"line":5,"column":24},"end":{"line":5,"column":63}},"3":{"start":{"line":6,"column":27},"end":{"line":6,"column":67}},"4":{"start":{"line":9,"column":21},"end":{"line":9,"column":89}},"5":{"start":{"line":10,"column":0},"end":{"line":12,"column":1}},"6":{"start":{"line":11,"column":2},"end":{"line":11,"column":78}},"7":{"start":{"line":15,"column":16},"end":{"line":15,"column":49}},"8":{"start":{"line":18,"column":18},"end":{"line":18,"column":48}},"9":{"start":{"line":19,"column":0},"end":{"line":21,"column":1}},"10":{"start":{"line":20,"column":2},"end":{"line":20,"column":26}},"11":{"start":{"line":24,"column":0},"end":{"line":99,"column":3}},"12":{"start":{"line":25,"column":15},"end":{"line":93,"column":8}},"13":{"start":{"line":96,"column":19},"end":{"line":96,"column":60}},"14":{"start":{"line":97,"column":2},"end":{"line":97,"column":35}},"15":{"start":{"line":98,"column":2},"end":{"line":98,"column":79}},"16":{"start":{"line":101,"column":0},"end":{"line":101,"column":56}}},"fnMap":{"0":{"name":"(anonymous_0)","decl":{"start":{"line":24,"column":16},"end":{"line":24,"column":17}},"loc":{"start":{"line":24,"column":26},"end":{"line":99,"column":1}},"line":24}},"branchMap":{"0":{"loc":{"start":{"line":10,"column":0},"end":{"line":12,"column":1}},"type":"if","locations":[{"start":{"line":10,"column":0},"end":{"line":12,"column":1}},{"start":{},"end":{}}],"line":10},"1":{"loc":{"start":{"line":19,"column":0},"end":{"line":21,"column":1}},"type":"if","locations":[{"start":{"line":19,"column":0},"end":{"line":21,"column":1}},{"start":{},"end":{}}],"line":19}},"s":{"0":0,"1":0,"2":0,"3":0,"4":0,"5":0,"6":0,"7":0,"8":0,"9":0,"10":0,"11":0,"12":0,"13":0,"14":0,"15":0,"16":0},"f":{"0":0},"b":{"0":[0,0],"1":[0,0]}}
,"/Users/Sebastian.Shaw/Documents/Code/snarkflix/reviews-data.js": {"path":"/Users/Sebastian.Shaw/Documents/Code/snarkflix/reviews-data.js","statementMap":{"0":{"start":{"line":22,"column":25},"end":{"line":635,"column":1}},"1":{"start":{"line":638,"column":0},"end":{"line":640,"column":1}},"2":{"start":{"line":639,"column":4},"end":{"line":639,"column":38}}},"fnMap":{},"branchMap":{"0":{"loc":{"start":{"line":638,"column":0},"end":{"line":640,"column":1}},"type":"if","locations":[{"start":{"line":638,"column":0},"end":{"line":640,"column":1}},{"start":{},"end":{}}],"line":638},"1":{"loc":{"start":{"line":638,"column":4},"end":{"line":638,"column":51}},"type":"binary-expr","locations":[{"start":{"line":638,"column":4},"end":{"line":638,"column":33}},{"start":{"line":638,"column":37},"end":{"line":638,"column":51}}],"line":638}},"s":{"0":0,"1":0,"2":0},"f":{},"b":{"0":[0,0],"1":[0,0]}}
,"/Users/Sebastian.Shaw/Documents/Code/snarkflix/script.js": {"path":"/Users/Sebastian.Shaw/Documents/Code/snarkflix/script.js","statementMap":{"0":{"start":{"line":9,"column":28},"end":{"line":26,"column":1}},"1":{"start":{"line":31,"column":18},"end":{"line":31,"column":19}},"2":{"start":{"line":32,"column":23},"end":{"line":32,"column":24}},"3":{"start":{"line":33,"column":18},"end":{"line":33,"column":26}},"4":{"start":{"line":34,"column":22},"end":{"line":34,"column":27}},"5":{"start":{"line":35,"column":24},"end":{"line":35,"column":26}},"6":{"start":{"line":38,"column":0},"end":{"line":72,"column":3}},"7":{"start":{"line":39,"column":4},"end":{"line":39,"column":20}},"8":{"start":{"line":42,"column":22},"end":{"line":42,"column":65}},"9":{"start":{"line":43,"column":24},"end":{"line":43,"column":47}},"10":{"start":{"line":45,"column":4},"end":{"line":69,"column":5}},"11":{"start":{"line":46,"column":25},"end":{"line":46,"column":46}},"12":{"start":{"line":47,"column":23},"end":{"line":47,"column":68}},"13":{"start":{"line":47,"column":50},"end":{"line":47,"column":67}},"14":{"start":{"line":49,"column":8},"end":{"line":68,"column":9}},"15":{"start":{"line":51,"column":12},"end":{"line":51,"column":115}},"16":{"start":{"line":52,"column":12},"end":{"line":52,"column":106}},"17":{"start":{"line":53,"column":12},"end":{"line":53,"column":71}},"18":{"start":{"line":54,"column":32},"end":{"line":54,"column":73}},"19":{"start":{"line":55,"column":12},"end":{"line":55,"column":74}},"20":{"start":{"line":57,"column":12},"end":{"line":57,"column":120}},"21":{"start":{"line":58,"column":12},"end":{"line":58,"column":111}},"22":{"start":{"line":59,"column":12},"end":{"line":59,"column":76}},"23":{"start":{"line":60,"column":12},"end":{"line":60,"column":79}},"24":{"start":{"line":63,"column":12},"end":{"line":63,"column":105}},"25":{"start":{"line":64,"column":36},"end":{"line":64,"column":86}},"26":{"start":{"line":65,"column":12},"end":{"line":67,"column":13}},"27":{"start":{"line":66,"column":16},"end":{"line":66,"column":118}},"28":{"start":{"line":71,"column":4},"end":{"line":71,"column":27}},"29":{"start":{"line":75,"column":0},"end":{"line":77,"column":3}},"30":{"start":{"line":76,"column":4},"end":{"line":76,"column":27}},"31":{"start":{"line":81,"column":17},"end":{"line":81,"column":37}},"32":{"start":{"line":82,"column":22},"end":{"line":82,"column":65}},"33":{"start":{"line":83,"column":24},"end":{"line":83,"column":47}},"34":{"start":{"line":85,"column":19},"end":{"line":85,"column":23}},"35":{"start":{"line":88,"column":24},"end":{"line":88,"column":51}},"36":{"start":{"line":89,"column":4},"end":{"line":95,"column":5}},"37":{"start":{"line":90,"column":8},"end":{"line":90,"column":44}},"38":{"start":{"line":93,"column":9},"end":{"line":95,"column":5}},"39":{"start":{"line":94,"column":8},"end":{"line":94,"column":41}},"40":{"start":{"line":97,"column":4},"end":{"line":109,"column":5}},"41":{"start":{"line":98,"column":23},"end":{"line":98,"column":68}},"42":{"start":{"line":98,"column":50},"end":{"line":98,"column":67}},"43":{"start":{"line":100,"column":8},"end":{"line":105,"column":9}},"44":{"start":{"line":102,"column":12},"end":{"line":104,"column":20}},"45":{"start":{"line":103,"column":16},"end":{"line":103,"column":41}},"46":{"start":{"line":106,"column":11},"end":{"line":109,"column":5}},"47":{"start":{"line":108,"column":8},"end":{"line":108,"column":27}},"48":{"start":{"line":114,"column":4},"end":{"line":114,"column":58}},"49":{"start":{"line":115,"column":4},"end":{"line":115,"column":59}},"50":{"start":{"line":118,"column":4},"end":{"line":118,"column":18}},"51":{"start":{"line":119,"column":4},"end":{"line":119,"column":26}},"52":{"start":{"line":120,"column":4},"end":{"line":120,"column":25}},"53":{"start":{"line":121,"column":4},"end":{"line":121,"column":29}},"54":{"start":{"line":122,"column":4},"end":{"line":122,"column":24}},"55":{"start":{"line":123,"column":4},"end":{"line":123,"column":18}},"56":{"start":{"line":124,"column":4},"end":{"line":124,"column":27}},"57":{"start":{"line":125,"column":4},"end":{"line":125,"column":28}},"58":{"start":{"line":130,"column":23},"end":{"line":130,"column":69}},"59":{"start":{"line":131,"column":4},"end":{"line":136,"column":5}},"60":{"start":{"line":132,"column":8},"end":{"line":135,"column":11}},"61":{"start":{"line":133,"column":12},"end":{"line":133,"column":31}},"62":{"start":{"line":134,"column":12},"end":{"line":134,"column":31}},"63":{"start":{"line":139,"column":21},"end":{"line":139,"column":69}},"64":{"start":{"line":140,"column":4},"end":{"line":153,"column":7}},"65":{"start":{"line":141,"column":8},"end":{"line":152,"column":11}},"66":{"start":{"line":142,"column":12},"end":{"line":142,"column":31}},"67":{"start":{"line":143,"column":12},"end":{"line":143,"column":31}},"68":{"start":{"line":145,"column":12},"end":{"line":151,"column":20}},"69":{"start":{"line":146,"column":33},"end":{"line":146,"column":71}},"70":{"start":{"line":147,"column":38},"end":{"line":147,"column":71}},"71":{"start":{"line":148,"column":16},"end":{"line":150,"column":17}},"72":{"start":{"line":149,"column":20},"end":{"line":149,"column":73}},"73":{"start":{"line":157,"column":4},"end":{"line":235,"column":5}},"74":{"start":{"line":159,"column":8},"end":{"line":159,"column":35}},"75":{"start":{"line":160,"column":8},"end":{"line":160,"column":39}},"76":{"start":{"line":161,"column":8},"end":{"line":161,"column":27}},"77":{"start":{"line":164,"column":8},"end":{"line":166,"column":9}},"78":{"start":{"line":165,"column":12},"end":{"line":165,"column":58}},"79":{"start":{"line":168,"column":30},"end":{"line":168,"column":46}},"80":{"start":{"line":171,"column":4},"end":{"line":175,"column":5}},"81":{"start":{"line":172,"column":8},"end":{"line":174,"column":10}},"82":{"start":{"line":173,"column":12},"end":{"line":173,"column":40}},"83":{"start":{"line":178,"column":4},"end":{"line":187,"column":5}},"84":{"start":{"line":179,"column":32},"end":{"line":179,"column":56}},"85":{"start":{"line":180,"column":8},"end":{"line":186,"column":10}},"86":{"start":{"line":181,"column":12},"end":{"line":185,"column":67}},"87":{"start":{"line":190,"column":4},"end":{"line":208,"column":7}},"88":{"start":{"line":191,"column":8},"end":{"line":207,"column":9}},"89":{"start":{"line":194,"column":30},"end":{"line":194,"column":53}},"90":{"start":{"line":195,"column":30},"end":{"line":195,"column":53}},"91":{"start":{"line":196,"column":16},"end":{"line":196,"column":37}},"92":{"start":{"line":199,"column":16},"end":{"line":199,"column":45}},"93":{"start":{"line":202,"column":34},"end":{"line":202,"column":61}},"94":{"start":{"line":203,"column":34},"end":{"line":203,"column":61}},"95":{"start":{"line":204,"column":16},"end":{"line":204,"column":45}},"96":{"start":{"line":206,"column":16},"end":{"line":206,"column":25}},"97":{"start":{"line":211,"column":23},"end":{"line":211,"column":50}},"98":{"start":{"line":212,"column":21},"end":{"line":212,"column":48}},"99":{"start":{"line":213,"column":26},"end":{"line":213,"column":69}},"100":{"start":{"line":216,"column":4},"end":{"line":218,"column":5}},"101":{"start":{"line":217,"column":8},"end":{"line":217,"column":35}},"102":{"start":{"line":221,"column":4},"end":{"line":224,"column":7}},"103":{"start":{"line":222,"column":30},"end":{"line":222,"column":57}},"104":{"start":{"line":223,"column":8},"end":{"line":223,"column":47}},"105":{"start":{"line":227,"column":38},"end":{"line":227,"column":65}},"106":{"start":{"line":228,"column":8},"end":{"line":228,"column":76}},"107":{"start":{"line":231,"column":8},"end":{"line":231,"column":27}},"108":{"start":{"line":233,"column":8},"end":{"line":233,"column":55}},"109":{"start":{"line":234,"column":8},"end":{"line":234,"column":37}},"110":{"start":{"line":239,"column":23},"end":{"line":239,"column":56}},"111":{"start":{"line":240,"column":4},"end":{"line":240,"column":51}},"112":{"start":{"line":241,"column":4},"end":{"line":241,"column":62}},"113":{"start":{"line":242,"column":4},"end":{"line":242,"column":45}},"114":{"start":{"line":243,"column":4},"end":{"line":243,"column":47}},"115":{"start":{"line":244,"column":4},"end":{"line":244,"column":71}},"116":{"start":{"line":246,"column":4},"end":{"line":277,"column":6}},"117":{"start":{"line":280,"column":4},"end":{"line":285,"column":7}},"118":{"start":{"line":282,"column":8},"end":{"line":284,"column":9}},"119":{"start":{"line":283,"column":12},"end":{"line":283,"column":40}},"120":{"start":{"line":288,"column":25},"end":{"line":288,"column":76}},"121":{"start":{"line":289,"column":4},"end":{"line":295,"column":7}},"122":{"start":{"line":290,"column":8},"end":{"line":294,"column":11}},"123":{"start":{"line":291,"column":12},"end":{"line":291,"column":32}},"124":{"start":{"line":292,"column":29},"end":{"line":292,"column":80}},"125":{"start":{"line":293,"column":12},"end":{"line":293,"column":42}},"126":{"start":{"line":298,"column":4},"end":{"line":303,"column":7}},"127":{"start":{"line":299,"column":8},"end":{"line":302,"column":9}},"128":{"start":{"line":300,"column":12},"end":{"line":300,"column":31}},"129":{"start":{"line":301,"column":12},"end":{"line":301,"column":40}},"130":{"start":{"line":306,"column":16},"end":{"line":306,"column":47}},"131":{"start":{"line":307,"column":4},"end":{"line":322,"column":5}},"132":{"start":{"line":309,"column":8},"end":{"line":311,"column":11}},"133":{"start":{"line":310,"column":12},"end":{"line":310,"column":39}},"134":{"start":{"line":314,"column":8},"end":{"line":316,"column":11}},"135":{"start":{"line":315,"column":12},"end":{"line":315,"column":33}},"136":{"start":{"line":319,"column":8},"end":{"line":321,"column":11}},"137":{"start":{"line":320,"column":12},"end":{"line":320,"column":34}},"138":{"start":{"line":324,"column":4},"end":{"line":324,"column":22}},"139":{"start":{"line":328,"column":19},"end":{"line":328,"column":64}},"140":{"start":{"line":328,"column":46},"end":{"line":328,"column":63}},"141":{"start":{"line":329,"column":4},"end":{"line":332,"column":5}},"142":{"start":{"line":331,"column":8},"end":{"line":331,"column":33}},"143":{"start":{"line":338,"column":4},"end":{"line":344,"column":5}},"144":{"start":{"line":340,"column":8},"end":{"line":340,"column":75}},"145":{"start":{"line":343,"column":8},"end":{"line":343,"column":68}},"146":{"start":{"line":347,"column":25},"end":{"line":347,"column":81}},"147":{"start":{"line":348,"column":22},"end":{"line":348,"column":59}},"148":{"start":{"line":349,"column":23},"end":{"line":349,"column":52}},"149":{"start":{"line":350,"column":25},"end":{"line":350,"column":57}},"150":{"start":{"line":351,"column":31},"end":{"line":351,"column":65}},"151":{"start":{"line":352,"column":28},"end":{"line":352,"column":85}},"152":{"start":{"line":354,"column":19},"end":{"line":354,"column":21}},"153":{"start":{"line":356,"column":4},"end":{"line":378,"column":5}},"154":{"start":{"line":358,"column":12},"end":{"line":358,"column":153}},"155":{"start":{"line":359,"column":12},"end":{"line":359,"column":18}},"156":{"start":{"line":361,"column":12},"end":{"line":361,"column":134}},"157":{"start":{"line":362,"column":12},"end":{"line":362,"column":18}},"158":{"start":{"line":365,"column":12},"end":{"line":376,"column":15}},"159":{"start":{"line":366,"column":16},"end":{"line":366,"column":67}},"160":{"start":{"line":369,"column":33},"end":{"line":369,"column":67}},"161":{"start":{"line":370,"column":16},"end":{"line":370,"column":43}},"162":{"start":{"line":371,"column":16},"end":{"line":371,"column":52}},"163":{"start":{"line":372,"column":16},"end":{"line":372,"column":34}},"164":{"start":{"line":373,"column":16},"end":{"line":373,"column":45}},"165":{"start":{"line":374,"column":16},"end":{"line":374,"column":52}},"166":{"start":{"line":375,"column":16},"end":{"line":375,"column":67}},"167":{"start":{"line":377,"column":12},"end":{"line":377,"column":19}},"168":{"start":{"line":380,"column":4},"end":{"line":382,"column":5}},"169":{"start":{"line":381,"column":8},"end":{"line":381,"column":64}},"170":{"start":{"line":387,"column":25},"end":{"line":387,"column":54}},"171":{"start":{"line":388,"column":4},"end":{"line":388,"column":60}},"172":{"start":{"line":389,"column":4},"end":{"line":389,"column":39}},"173":{"start":{"line":390,"column":4},"end":{"line":402,"column":6}},"174":{"start":{"line":404,"column":4},"end":{"line":404,"column":44}},"175":{"start":{"line":407,"column":4},"end":{"line":414,"column":13}},"176":{"start":{"line":408,"column":8},"end":{"line":408,"column":63}},"177":{"start":{"line":409,"column":8},"end":{"line":413,"column":16}},"178":{"start":{"line":410,"column":12},"end":{"line":412,"column":13}},"179":{"start":{"line":411,"column":16},"end":{"line":411,"column":66}},"180":{"start":{"line":418,"column":23},"end":{"line":418,"column":51}},"181":{"start":{"line":419,"column":22},"end":{"line":419,"column":24}},"182":{"start":{"line":422,"column":4},"end":{"line":424,"column":5}},"183":{"start":{"line":423,"column":8},"end":{"line":423,"column":47}},"184":{"start":{"line":425,"column":4},"end":{"line":427,"column":5}},"185":{"start":{"line":426,"column":8},"end":{"line":426,"column":51}},"186":{"start":{"line":430,"column":4},"end":{"line":432,"column":5}},"187":{"start":{"line":431,"column":8},"end":{"line":431,"column":75}},"188":{"start":{"line":431,"column":43},"end":{"line":431,"column":64}},"189":{"start":{"line":435,"column":28},"end":{"line":435,"column":45}},"190":{"start":{"line":436,"column":27},"end":{"line":436,"column":29}},"191":{"start":{"line":438,"column":4},"end":{"line":450,"column":5}},"192":{"start":{"line":440,"column":8},"end":{"line":440,"column":61}},"193":{"start":{"line":441,"column":11},"end":{"line":450,"column":5}},"194":{"start":{"line":443,"column":8},"end":{"line":443,"column":61}},"195":{"start":{"line":444,"column":8},"end":{"line":444,"column":67}},"196":{"start":{"line":445,"column":11},"end":{"line":450,"column":5}},"197":{"start":{"line":447,"column":8},"end":{"line":447,"column":61}},"198":{"start":{"line":448,"column":8},"end":{"line":448,"column":61}},"199":{"start":{"line":449,"column":8},"end":{"line":449,"column":67}},"200":{"start":{"line":452,"column":17},"end":{"line":452,"column":19}},"201":{"start":{"line":453,"column":21},"end":{"line":453,"column":22}},"202":{"start":{"line":455,"column":4},"end":{"line":467,"column":7}},"203":{"start":{"line":456,"column":8},"end":{"line":456,"column":40}},"204":{"start":{"line":459,"column":8},"end":{"line":466,"column":9}},"205":{"start":{"line":460,"column":12},"end":{"line":464,"column":14}},"206":{"start":{"line":465,"column":12},"end":{"line":465,"column":25}},"207":{"start":{"line":469,"column":4},"end":{"line":469,"column":18}},"208":{"start":{"line":474,"column":18},"end":{"line":475,"column":68}},"209":{"start":{"line":477,"column":4},"end":{"line":485,"column":5}},"210":{"start":{"line":478,"column":8},"end":{"line":478,"column":49}},"211":{"start":{"line":479,"column":8},"end":{"line":483,"column":9}},"212":{"start":{"line":480,"column":12},"end":{"line":480,"column":55}},"213":{"start":{"line":482,"column":12},"end":{"line":482,"column":51}},"214":{"start":{"line":484,"column":8},"end":{"line":484,"column":43}},"215":{"start":{"line":487,"column":4},"end":{"line":487,"column":45}},"216":{"start":{"line":492,"column":4},"end":{"line":494,"column":5}},"217":{"start":{"line":493,"column":8},"end":{"line":493,"column":25}},"218":{"start":{"line":497,"column":4},"end":{"line":501,"column":5}},"219":{"start":{"line":498,"column":8},"end":{"line":498,"column":56}},"220":{"start":{"line":500,"column":8},"end":{"line":500,"column":56}},"221":{"start":{"line":506,"column":4},"end":{"line":506,"column":31}},"222":{"start":{"line":506,"column":21},"end":{"line":506,"column":31}},"223":{"start":{"line":509,"column":25},"end":{"line":509,"column":117}},"224":{"start":{"line":510,"column":4},"end":{"line":512,"column":5}},"225":{"start":{"line":511,"column":8},"end":{"line":511,"column":66}},"226":{"start":{"line":515,"column":26},"end":{"line":515,"column":63}},"227":{"start":{"line":516,"column":4},"end":{"line":518,"column":5}},"228":{"start":{"line":517,"column":8},"end":{"line":517,"column":67}},"229":{"start":{"line":520,"column":4},"end":{"line":520,"column":22}},"230":{"start":{"line":525,"column":4},"end":{"line":525,"column":57}},"231":{"start":{"line":528,"column":4},"end":{"line":528,"column":97}},"232":{"start":{"line":531,"column":28},"end":{"line":531,"column":78}},"233":{"start":{"line":532,"column":4},"end":{"line":534,"column":5}},"234":{"start":{"line":533,"column":8},"end":{"line":533,"column":110}},"235":{"start":{"line":537,"column":4},"end":{"line":537,"column":107}},"236":{"start":{"line":538,"column":4},"end":{"line":538,"column":98}},"237":{"start":{"line":539,"column":4},"end":{"line":539,"column":63}},"238":{"start":{"line":540,"column":4},"end":{"line":540,"column":74}},"239":{"start":{"line":541,"column":4},"end":{"line":541,"column":48}},"240":{"start":{"line":542,"column":4},"end":{"line":542,"column":60}},"241":{"start":{"line":543,"column":4},"end":{"line":543,"column":47}},"242":{"start":{"line":544,"column":4},"end":{"line":544,"column":40}},"243":{"start":{"line":545,"column":24},"end":{"line":545,"column":65}},"244":{"start":{"line":546,"column":4},"end":{"line":546,"column":66}},"245":{"start":{"line":549,"column":4},"end":{"line":549,"column":67}},"246":{"start":{"line":550,"column":4},"end":{"line":550,"column":72}},"247":{"start":{"line":553,"column":4},"end":{"line":553,"column":112}},"248":{"start":{"line":554,"column":4},"end":{"line":554,"column":103}},"249":{"start":{"line":555,"column":4},"end":{"line":555,"column":68}},"250":{"start":{"line":556,"column":4},"end":{"line":556,"column":71}},"251":{"start":{"line":559,"column":27},"end":{"line":559,"column":109}},"252":{"start":{"line":560,"column":4},"end":{"line":562,"column":7}},"253":{"start":{"line":561,"column":8},"end":{"line":561,"column":39}},"254":{"start":{"line":565,"column":34},"end":{"line":565,"column":93}},"255":{"start":{"line":566,"column":4},"end":{"line":568,"column":5}},"256":{"start":{"line":567,"column":8},"end":{"line":567,"column":39}},"257":{"start":{"line":571,"column":26},"end":{"line":571,"column":55}},"258":{"start":{"line":572,"column":4},"end":{"line":572,"column":65}},"259":{"start":{"line":573,"column":4},"end":{"line":573,"column":62}},"260":{"start":{"line":576,"column":19},"end":{"line":576,"column":62}},"261":{"start":{"line":577,"column":4},"end":{"line":579,"column":5}},"262":{"start":{"line":578,"column":8},"end":{"line":578,"column":74}},"263":{"start":{"line":582,"column":25},"end":{"line":582,"column":79}},"264":{"start":{"line":583,"column":4},"end":{"line":589,"column":7}},"265":{"start":{"line":584,"column":8},"end":{"line":588,"column":11}},"266":{"start":{"line":585,"column":12},"end":{"line":585,"column":31}},"267":{"start":{"line":586,"column":29},"end":{"line":586,"column":80}},"268":{"start":{"line":587,"column":12},"end":{"line":587,"column":42}},"269":{"start":{"line":592,"column":4},"end":{"line":594,"column":12}},"270":{"start":{"line":593,"column":8},"end":{"line":593,"column":35}},"271":{"start":{"line":597,"column":4},"end":{"line":597,"column":26}},"272":{"start":{"line":602,"column":4},"end":{"line":602,"column":60}},"273":{"start":{"line":605,"column":4},"end":{"line":605,"column":56}},"274":{"start":{"line":608,"column":28},"end":{"line":608,"column":78}},"275":{"start":{"line":609,"column":4},"end":{"line":611,"column":5}},"276":{"start":{"line":610,"column":8},"end":{"line":610,"column":197}},"277":{"start":{"line":614,"column":4},"end":{"line":614,"column":66}},"278":{"start":{"line":615,"column":4},"end":{"line":615,"column":185}},"279":{"start":{"line":616,"column":4},"end":{"line":616,"column":78}},"280":{"start":{"line":617,"column":4},"end":{"line":617,"column":89}},"281":{"start":{"line":618,"column":4},"end":{"line":618,"column":49}},"282":{"start":{"line":619,"column":4},"end":{"line":619,"column":70}},"283":{"start":{"line":620,"column":4},"end":{"line":620,"column":47}},"284":{"start":{"line":621,"column":4},"end":{"line":621,"column":40}},"285":{"start":{"line":622,"column":4},"end":{"line":622,"column":84}},"286":{"start":{"line":625,"column":4},"end":{"line":625,"column":82}},"287":{"start":{"line":626,"column":4},"end":{"line":626,"column":87}},"288":{"start":{"line":629,"column":4},"end":{"line":629,"column":71}},"289":{"start":{"line":630,"column":4},"end":{"line":630,"column":190}},"290":{"start":{"line":631,"column":4},"end":{"line":631,"column":83}},"291":{"start":{"line":632,"column":4},"end":{"line":632,"column":89}},"292":{"start":{"line":635,"column":27},"end":{"line":635,"column":63}},"293":{"start":{"line":636,"column":4},"end":{"line":638,"column":7}},"294":{"start":{"line":637,"column":8},"end":{"line":637,"column":35}},"295":{"start":{"line":641,"column":34},"end":{"line":641,"column":93}},"296":{"start":{"line":642,"column":4},"end":{"line":644,"column":5}},"297":{"start":{"line":643,"column":8},"end":{"line":643,"column":39}},"298":{"start":{"line":647,"column":4},"end":{"line":647,"column":26}},"299":{"start":{"line":651,"column":4},"end":{"line":760,"column":6}},"300":{"start":{"line":764,"column":27},"end":{"line":771,"column":20}},"301":{"start":{"line":765,"column":21},"end":{"line":765,"column":46}},"302":{"start":{"line":767,"column":26},"end":{"line":767,"column":49}},"303":{"start":{"line":768,"column":26},"end":{"line":768,"column":49}},"304":{"start":{"line":769,"column":12},"end":{"line":769,"column":33}},"305":{"start":{"line":772,"column":24},"end":{"line":772,"column":71}},"306":{"start":{"line":774,"column":4},"end":{"line":774,"column":29}},"307":{"start":{"line":774,"column":22},"end":{"line":774,"column":29}},"308":{"start":{"line":776,"column":4},"end":{"line":805,"column":7}},"309":{"start":{"line":777,"column":27},"end":{"line":777,"column":60}},"310":{"start":{"line":778,"column":8},"end":{"line":778,"column":55}},"311":{"start":{"line":779,"column":8},"end":{"line":779,"column":73}},"312":{"start":{"line":780,"column":8},"end":{"line":780,"column":49}},"313":{"start":{"line":781,"column":8},"end":{"line":781,"column":51}},"314":{"start":{"line":782,"column":8},"end":{"line":782,"column":82}},"315":{"start":{"line":784,"column":8},"end":{"line":798,"column":10}},"316":{"start":{"line":800,"column":8},"end":{"line":802,"column":11}},"317":{"start":{"line":801,"column":12},"end":{"line":801,"column":44}},"318":{"start":{"line":804,"column":8},"end":{"line":804,"column":44}},"319":{"start":{"line":809,"column":4},"end":{"line":814,"column":5}},"320":{"start":{"line":810,"column":8},"end":{"line":810,"column":43}},"321":{"start":{"line":812,"column":8},"end":{"line":812,"column":44}},"322":{"start":{"line":813,"column":8},"end":{"line":813,"column":97}},"323":{"start":{"line":819,"column":4},"end":{"line":823,"column":5}},"324":{"start":{"line":820,"column":8},"end":{"line":822,"column":11}},"325":{"start":{"line":821,"column":12},"end":{"line":821,"column":90}},"326":{"start":{"line":826,"column":29},"end":{"line":826,"column":84}},"327":{"start":{"line":827,"column":21},"end":{"line":827,"column":67}},"328":{"start":{"line":829,"column":4},"end":{"line":835,"column":5}},"329":{"start":{"line":830,"column":8},"end":{"line":834,"column":11}},"330":{"start":{"line":831,"column":31},"end":{"line":831,"column":88}},"331":{"start":{"line":832,"column":12},"end":{"line":832,"column":72}},"332":{"start":{"line":833,"column":12},"end":{"line":833,"column":68}},"333":{"start":{"line":838,"column":4},"end":{"line":849,"column":7}},"334":{"start":{"line":839,"column":8},"end":{"line":848,"column":11}},"335":{"start":{"line":840,"column":12},"end":{"line":840,"column":31}},"336":{"start":{"line":841,"column":27},"end":{"line":841,"column":76}},"337":{"start":{"line":842,"column":12},"end":{"line":847,"column":13}},"338":{"start":{"line":843,"column":16},"end":{"line":846,"column":19}},"339":{"start":{"line":854,"column":21},"end":{"line":854,"column":48}},"340":{"start":{"line":855,"column":4},"end":{"line":855,"column":31}},"341":{"start":{"line":856,"column":4},"end":{"line":856,"column":47}},"342":{"start":{"line":857,"column":4},"end":{"line":857,"column":50}},"343":{"start":{"line":858,"column":4},"end":{"line":858,"column":67}},"344":{"start":{"line":861,"column":26},"end":{"line":861,"column":79}},"345":{"start":{"line":862,"column":4},"end":{"line":865,"column":7}},"346":{"start":{"line":863,"column":29},"end":{"line":863,"column":65}},"347":{"start":{"line":864,"column":8},"end":{"line":864,"column":73}},"348":{"start":{"line":868,"column":4},"end":{"line":879,"column":7}},"349":{"start":{"line":870,"column":8},"end":{"line":878,"column":9}},"350":{"start":{"line":871,"column":37},"end":{"line":871,"column":92}},"351":{"start":{"line":872,"column":29},"end":{"line":872,"column":75}},"352":{"start":{"line":874,"column":12},"end":{"line":877,"column":13}},"353":{"start":{"line":875,"column":16},"end":{"line":875,"column":72}},"354":{"start":{"line":876,"column":16},"end":{"line":876,"column":72}},"355":{"start":{"line":883,"column":26},"end":{"line":883,"column":79}},"356":{"start":{"line":885,"column":4},"end":{"line":905,"column":7}},"357":{"start":{"line":886,"column":8},"end":{"line":904,"column":11}},"358":{"start":{"line":887,"column":12},"end":{"line":887,"column":31}},"359":{"start":{"line":888,"column":29},"end":{"line":888,"column":63}},"360":{"start":{"line":891,"column":12},"end":{"line":891,"column":88}},"361":{"start":{"line":891,"column":39},"end":{"line":891,"column":86}},"362":{"start":{"line":892,"column":12},"end":{"line":892,"column":60}},"363":{"start":{"line":895,"column":12},"end":{"line":895,"column":39}},"364":{"start":{"line":896,"column":12},"end":{"line":896,"column":28}},"365":{"start":{"line":897,"column":12},"end":{"line":897,"column":37}},"366":{"start":{"line":900,"column":12},"end":{"line":903,"column":15}},"367":{"start":{"line":909,"column":25},"end":{"line":909,"column":65}},"368":{"start":{"line":911,"column":4},"end":{"line":917,"column":5}},"369":{"start":{"line":912,"column":8},"end":{"line":916,"column":11}},"370":{"start":{"line":913,"column":12},"end":{"line":913,"column":41}},"371":{"start":{"line":914,"column":12},"end":{"line":914,"column":28}},"372":{"start":{"line":915,"column":12},"end":{"line":915,"column":76}},"373":{"start":{"line":921,"column":24},"end":{"line":921,"column":63}},"374":{"start":{"line":922,"column":27},"end":{"line":922,"column":70}},"375":{"start":{"line":924,"column":4},"end":{"line":951,"column":5}},"376":{"start":{"line":926,"column":32},"end":{"line":938,"column":15}},"377":{"start":{"line":927,"column":12},"end":{"line":929,"column":13}},"378":{"start":{"line":928,"column":16},"end":{"line":928,"column":36}},"379":{"start":{"line":930,"column":12},"end":{"line":930,"column":43}},"380":{"start":{"line":931,"column":12},"end":{"line":931,"column":28}},"381":{"start":{"line":932,"column":12},"end":{"line":932,"column":76}},"382":{"start":{"line":935,"column":12},"end":{"line":937,"column":20}},"383":{"start":{"line":936,"column":16},"end":{"line":936,"column":36}},"384":{"start":{"line":940,"column":8},"end":{"line":950,"column":11}},"385":{"start":{"line":941,"column":31},"end":{"line":941,"column":52}},"386":{"start":{"line":942,"column":12},"end":{"line":942,"column":40}},"387":{"start":{"line":945,"column":12},"end":{"line":949,"column":13}},"388":{"start":{"line":946,"column":16},"end":{"line":946,"column":55}},"389":{"start":{"line":948,"column":16},"end":{"line":948,"column":54}},"390":{"start":{"line":953,"column":4},"end":{"line":961,"column":5}},"391":{"start":{"line":954,"column":8},"end":{"line":960,"column":11}},"392":{"start":{"line":955,"column":12},"end":{"line":955,"column":35}},"393":{"start":{"line":956,"column":12},"end":{"line":956,"column":35}},"394":{"start":{"line":957,"column":12},"end":{"line":957,"column":28}},"395":{"start":{"line":958,"column":12},"end":{"line":958,"column":50}},"396":{"start":{"line":959,"column":12},"end":{"line":959,"column":76}},"397":{"start":{"line":967,"column":4},"end":{"line":974,"column":6}},"398":{"start":{"line":968,"column":22},"end":{"line":971,"column":9}},"399":{"start":{"line":969,"column":12},"end":{"line":969,"column":34}},"400":{"start":{"line":970,"column":12},"end":{"line":970,"column":26}},"401":{"start":{"line":972,"column":8},"end":{"line":972,"column":30}},"402":{"start":{"line":973,"column":8},"end":{"line":973,"column":42}},"403":{"start":{"line":979,"column":4},"end":{"line":979,"column":51}},"404":{"start":{"line":980,"column":4},"end":{"line":980,"column":26}},"405":{"start":{"line":981,"column":4},"end":{"line":981,"column":36}},"406":{"start":{"line":982,"column":4},"end":{"line":982,"column":47}},"407":{"start":{"line":986,"column":4},"end":{"line":986,"column":50}},"408":{"start":{"line":987,"column":4},"end":{"line":987,"column":48}},"409":{"start":{"line":990,"column":27},"end":{"line":990,"column":84}},"410":{"start":{"line":991,"column":4},"end":{"line":993,"column":5}},"411":{"start":{"line":992,"column":8},"end":{"line":992,"column":46}},"412":{"start":{"line":998,"column":19},"end":{"line":998,"column":51}},"413":{"start":{"line":999,"column":4},"end":{"line":1002,"column":7}},"414":{"start":{"line":1000,"column":8},"end":{"line":1000,"column":67}},"415":{"start":{"line":1000,"column":44},"end":{"line":1000,"column":65}},"416":{"start":{"line":1001,"column":8},"end":{"line":1001,"column":65}},"417":{"start":{"line":1001,"column":43},"end":{"line":1001,"column":63}},"418":{"start":{"line":1005,"column":21},"end":{"line":1023,"column":6}},"419":{"start":{"line":1006,"column":8},"end":{"line":1022,"column":11}},"420":{"start":{"line":1007,"column":12},"end":{"line":1021,"column":15}},"421":{"start":{"line":1008,"column":16},"end":{"line":1020,"column":17}},"422":{"start":{"line":1010,"column":20},"end":{"line":1013,"column":21}},"423":{"start":{"line":1011,"column":24},"end":{"line":1011,"column":85}},"424":{"start":{"line":1011,"column":61},"end":{"line":1011,"column":83}},"425":{"start":{"line":1012,"column":24},"end":{"line":1012,"column":83}},"426":{"start":{"line":1012,"column":60},"end":{"line":1012,"column":81}},"427":{"start":{"line":1015,"column":35},"end":{"line":1015,"column":92}},"428":{"start":{"line":1016,"column":20},"end":{"line":1019,"column":23}},"429":{"start":{"line":1017,"column":24},"end":{"line":1017,"column":83}},"430":{"start":{"line":1017,"column":60},"end":{"line":1017,"column":81}},"431":{"start":{"line":1018,"column":24},"end":{"line":1018,"column":81}},"432":{"start":{"line":1018,"column":59},"end":{"line":1018,"column":79}},"433":{"start":{"line":1025,"column":4},"end":{"line":1028,"column":7}},"434":{"start":{"line":1032,"column":4},"end":{"line":1032,"column":49}},"435":{"start":{"line":1035,"column":25},"end":{"line":1035,"column":54}},"436":{"start":{"line":1036,"column":4},"end":{"line":1036,"column":55}},"437":{"start":{"line":1037,"column":4},"end":{"line":1045,"column":6}},"438":{"start":{"line":1048,"column":4},"end":{"line":1048,"column":44}},"439":{"start":{"line":1051,"column":4},"end":{"line":1055,"column":13}},"440":{"start":{"line":1052,"column":8},"end":{"line":1054,"column":9}},"441":{"start":{"line":1053,"column":12},"end":{"line":1053,"column":34}},"442":{"start":{"line":1059,"column":4},"end":{"line":1059,"column":51}},"443":{"start":{"line":1061,"column":24},"end":{"line":1061,"column":73}},"444":{"start":{"line":1062,"column":4},"end":{"line":1072,"column":5}},"445":{"start":{"line":1063,"column":8},"end":{"line":1071,"column":10}},"446":{"start":{"line":1076,"column":4},"end":{"line":1076,"column":49}},"447":{"start":{"line":1078,"column":24},"end":{"line":1078,"column":73}},"448":{"start":{"line":1079,"column":4},"end":{"line":1087,"column":5}},"449":{"start":{"line":1080,"column":8},"end":{"line":1080,"column":67}},"450":{"start":{"line":1081,"column":8},"end":{"line":1081,"column":36}},"451":{"start":{"line":1083,"column":8},"end":{"line":1086,"column":17}},"452":{"start":{"line":1084,"column":12},"end":{"line":1084,"column":61}},"453":{"start":{"line":1085,"column":12},"end":{"line":1085,"column":41}},"454":{"start":{"line":1091,"column":0},"end":{"line":1094,"column":3}},"455":{"start":{"line":1092,"column":4},"end":{"line":1092,"column":48}},"456":{"start":{"line":1093,"column":4},"end":{"line":1093,"column":52}},"457":{"start":{"line":1097,"column":0},"end":{"line":1100,"column":3}},"458":{"start":{"line":1098,"column":4},"end":{"line":1098,"column":64}},"459":{"start":{"line":1099,"column":4},"end":{"line":1099,"column":54}},"460":{"start":{"line":1106,"column":27},"end":{"line":1106,"column":29}},"461":{"start":{"line":1107,"column":4},"end":{"line":1110,"column":7}},"462":{"start":{"line":1108,"column":25},"end":{"line":1108,"column":40}},"463":{"start":{"line":1109,"column":8},"end":{"line":1109,"column":71}},"464":{"start":{"line":1113,"column":26},"end":{"line":1113,"column":79}},"465":{"start":{"line":1114,"column":4},"end":{"line":1122,"column":7}},"466":{"start":{"line":1115,"column":25},"end":{"line":1115,"column":59}},"467":{"start":{"line":1116,"column":29},"end":{"line":1116,"column":76}},"468":{"start":{"line":1118,"column":8},"end":{"line":1121,"column":9}},"469":{"start":{"line":1119,"column":26},"end":{"line":1119,"column":50}},"470":{"start":{"line":1120,"column":12},"end":{"line":1120,"column":80}},"471":{"start":{"line":1126,"column":0},"end":{"line":1129,"column":3}},"472":{"start":{"line":1133,"column":4},"end":{"line":1175,"column":7}},"473":{"start":{"line":1135,"column":8},"end":{"line":1146,"column":9}},"474":{"start":{"line":1136,"column":37},"end":{"line":1136,"column":92}},"475":{"start":{"line":1137,"column":12},"end":{"line":1139,"column":13}},"476":{"start":{"line":1138,"column":16},"end":{"line":1138,"column":34}},"477":{"start":{"line":1142,"column":32},"end":{"line":1142,"column":81}},"478":{"start":{"line":1143,"column":12},"end":{"line":1145,"column":13}},"479":{"start":{"line":1144,"column":16},"end":{"line":1144,"column":30}},"480":{"start":{"line":1149,"column":8},"end":{"line":1156,"column":9}},"481":{"start":{"line":1150,"column":34},"end":{"line":1150,"column":53}},"482":{"start":{"line":1151,"column":34},"end":{"line":1151,"column":87}},"483":{"start":{"line":1152,"column":12},"end":{"line":1155,"column":13}},"484":{"start":{"line":1153,"column":16},"end":{"line":1153,"column":35}},"485":{"start":{"line":1154,"column":16},"end":{"line":1154,"column":53}},"486":{"start":{"line":1159,"column":8},"end":{"line":1165,"column":9}},"487":{"start":{"line":1160,"column":32},"end":{"line":1160,"column":81}},"488":{"start":{"line":1161,"column":12},"end":{"line":1164,"column":13}},"489":{"start":{"line":1162,"column":16},"end":{"line":1162,"column":35}},"490":{"start":{"line":1163,"column":16},"end":{"line":1163,"column":36}},"491":{"start":{"line":1168,"column":8},"end":{"line":1174,"column":9}},"492":{"start":{"line":1169,"column":12},"end":{"line":1169,"column":31}},"493":{"start":{"line":1170,"column":31},"end":{"line":1170,"column":79}},"494":{"start":{"line":1171,"column":12},"end":{"line":1173,"column":13}},"495":{"start":{"line":1172,"column":16},"end":{"line":1172,"column":35}},"496":{"start":{"line":1178,"column":26},"end":{"line":1178,"column":79}},"497":{"start":{"line":1179,"column":4},"end":{"line":1193,"column":7}},"498":{"start":{"line":1180,"column":8},"end":{"line":1180,"column":43}},"499":{"start":{"line":1183,"column":36},"end":{"line":1183,"column":82}},"500":{"start":{"line":1184,"column":29},"end":{"line":1184,"column":108}},"501":{"start":{"line":1185,"column":8},"end":{"line":1185,"column":93}},"502":{"start":{"line":1187,"column":8},"end":{"line":1192,"column":11}},"503":{"start":{"line":1188,"column":12},"end":{"line":1191,"column":13}},"504":{"start":{"line":1189,"column":16},"end":{"line":1189,"column":35}},"505":{"start":{"line":1190,"column":16},"end":{"line":1190,"column":29}},"506":{"start":{"line":1197,"column":28},"end":{"line":1197,"column":79}},"507":{"start":{"line":1198,"column":8},"end":{"line":1207,"column":11}},"508":{"start":{"line":1199,"column":12},"end":{"line":1199,"column":47}},"509":{"start":{"line":1201,"column":12},"end":{"line":1206,"column":15}},"510":{"start":{"line":1202,"column":16},"end":{"line":1205,"column":17}},"511":{"start":{"line":1203,"column":20},"end":{"line":1203,"column":39}},"512":{"start":{"line":1204,"column":20},"end":{"line":1204,"column":33}},"513":{"start":{"line":1212,"column":29},"end":{"line":1212,"column":78}},"514":{"start":{"line":1213,"column":8},"end":{"line":1222,"column":11}},"515":{"start":{"line":1214,"column":12},"end":{"line":1214,"column":49}},"516":{"start":{"line":1216,"column":12},"end":{"line":1221,"column":15}},"517":{"start":{"line":1217,"column":16},"end":{"line":1220,"column":17}},"518":{"start":{"line":1218,"column":20},"end":{"line":1218,"column":39}},"519":{"start":{"line":1219,"column":20},"end":{"line":1219,"column":35}},"520":{"start":{"line":1226,"column":4},"end":{"line":1226,"column":38}},"521":{"start":{"line":1227,"column":4},"end":{"line":1227,"column":39}},"522":{"start":{"line":1230,"column":32},"end":{"line":1230,"column":43}},"523":{"start":{"line":1231,"column":4},"end":{"line":1239,"column":6}},"524":{"start":{"line":1232,"column":23},"end":{"line":1232,"column":60}},"525":{"start":{"line":1234,"column":8},"end":{"line":1237,"column":16}},"526":{"start":{"line":1235,"column":12},"end":{"line":1235,"column":46}},"527":{"start":{"line":1236,"column":12},"end":{"line":1236,"column":47}},"528":{"start":{"line":1238,"column":8},"end":{"line":1238,"column":22}},"529":{"start":{"line":1243,"column":0},"end":{"line":1254,"column":3}},"530":{"start":{"line":1244,"column":4},"end":{"line":1244,"column":30}},"531":{"start":{"line":1246,"column":4},"end":{"line":1253,"column":12}},"532":{"start":{"line":1247,"column":8},"end":{"line":1252,"column":9}},"533":{"start":{"line":1248,"column":12},"end":{"line":1248,"column":38}},"534":{"start":{"line":1250,"column":12},"end":{"line":1250,"column":74}},"535":{"start":{"line":1258,"column":20},"end":{"line":1258,"column":49}},"536":{"start":{"line":1259,"column":4},"end":{"line":1259,"column":52}},"537":{"start":{"line":1260,"column":4},"end":{"line":1263,"column":6}},"538":{"start":{"line":1265,"column":4},"end":{"line":1267,"column":5}},"539":{"start":{"line":1266,"column":8},"end":{"line":1266,"column":39}},"540":{"start":{"line":1269,"column":4},"end":{"line":1269,"column":19}},"541":{"start":{"line":1273,"column":4},"end":{"line":1275,"column":5}},"542":{"start":{"line":1274,"column":8},"end":{"line":1274,"column":48}},"543":{"start":{"line":1279,"column":27},"end":{"line":1279,"column":56}},"544":{"start":{"line":1280,"column":4},"end":{"line":1280,"column":57}},"545":{"start":{"line":1281,"column":4},"end":{"line":1281,"column":71}},"546":{"start":{"line":1284,"column":25},"end":{"line":1284,"column":39}},"547":{"start":{"line":1285,"column":4},"end":{"line":1288,"column":5}},"548":{"start":{"line":1286,"column":8},"end":{"line":1286,"column":49}},"549":{"start":{"line":1287,"column":8},"end":{"line":1287,"column":49}},"550":{"start":{"line":1290,"column":4},"end":{"line":1290,"column":26}},"551":{"start":{"line":1294,"column":4},"end":{"line":1296,"column":5}},"552":{"start":{"line":1295,"column":8},"end":{"line":1295,"column":62}},"553":{"start":{"line":1300,"column":28},"end":{"line":1300,"column":81}},"554":{"start":{"line":1301,"column":4},"end":{"line":1307,"column":5}},"555":{"start":{"line":1302,"column":32},"end":{"line":1302,"column":91}},"556":{"start":{"line":1303,"column":8},"end":{"line":1306,"column":9}},"557":{"start":{"line":1304,"column":28},"end":{"line":1304,"column":79}},"558":{"start":{"line":1305,"column":12},"end":{"line":1305,"column":61}},"559":{"start":{"line":1311,"column":26},"end":{"line":1311,"column":77}},"560":{"start":{"line":1312,"column":4},"end":{"line":1314,"column":5}},"561":{"start":{"line":1313,"column":8},"end":{"line":1313,"column":42}},"562":{"start":{"line":1318,"column":24},"end":{"line":1318,"column":63}},"563":{"start":{"line":1319,"column":4},"end":{"line":1324,"column":5}},"564":{"start":{"line":1321,"column":8},"end":{"line":1321,"column":35}},"565":{"start":{"line":1322,"column":24},"end":{"line":1322,"column":77}},"566":{"start":{"line":1323,"column":8},"end":{"line":1323,"column":58}},"567":{"start":{"line":1328,"column":27},"end":{"line":1328,"column":79}},"568":{"start":{"line":1329,"column":4},"end":{"line":1331,"column":5}},"569":{"start":{"line":1330,"column":8},"end":{"line":1330,"column":43}},"570":{"start":{"line":1335,"column":0},"end":{"line":1343,"column":1}},"571":{"start":{"line":1336,"column":4},"end":{"line":1342,"column":6}}},"fnMap":{"0":{"name":"(anonymous_0)","decl":{"start":{"line":38,"column":46},"end":{"line":38,"column":47}},"loc":{"start":{"line":38,"column":57},"end":{"line":72,"column":1}},"line":38},"1":{"name":"(anonymous_1)","decl":{"start":{"line":47,"column":45},"end":{"line":47,"column":46}},"loc":{"start":{"line":47,"column":50},"end":{"line":47,"column":67}},"line":47},"2":{"name":"(anonymous_2)","decl":{"start":{"line":75,"column":38},"end":{"line":75,"column":39}},"loc":{"start":{"line":75,"column":49},"end":{"line":77,"column":1}},"line":75},"3":{"name":"checkForSharedReview","decl":{"start":{"line":80,"column":9},"end":{"line":80,"column":29}},"loc":{"start":{"line":80,"column":32},"end":{"line":110,"column":1}},"line":80},"4":{"name":"(anonymous_4)","decl":{"start":{"line":98,"column":45},"end":{"line":98,"column":46}},"loc":{"start":{"line":98,"column":50},"end":{"line":98,"column":67}},"line":98},"5":{"name":"(anonymous_5)","decl":{"start":{"line":102,"column":23},"end":{"line":102,"column":24}},"loc":{"start":{"line":102,"column":29},"end":{"line":104,"column":13}},"line":102},"6":{"name":"initializeApp","decl":{"start":{"line":112,"column":9},"end":{"line":112,"column":22}},"loc":{"start":{"line":112,"column":25},"end":{"line":126,"column":1}},"line":112},"7":{"name":"setupHeaderNavigation","decl":{"start":{"line":128,"column":9},"end":{"line":128,"column":30}},"loc":{"start":{"line":128,"column":33},"end":{"line":154,"column":1}},"line":128},"8":{"name":"(anonymous_8)","decl":{"start":{"line":132,"column":45},"end":{"line":132,"column":46}},"loc":{"start":{"line":132,"column":52},"end":{"line":135,"column":9}},"line":132},"9":{"name":"(anonymous_9)","decl":{"start":{"line":140,"column":21},"end":{"line":140,"column":22}},"loc":{"start":{"line":140,"column":29},"end":{"line":153,"column":5}},"line":140},"10":{"name":"(anonymous_10)","decl":{"start":{"line":141,"column":39},"end":{"line":141,"column":40}},"loc":{"start":{"line":141,"column":46},"end":{"line":152,"column":9}},"line":141},"11":{"name":"(anonymous_11)","decl":{"start":{"line":145,"column":23},"end":{"line":145,"column":24}},"loc":{"start":{"line":145,"column":29},"end":{"line":151,"column":13}},"line":145},"12":{"name":"loadReviews","decl":{"start":{"line":156,"column":9},"end":{"line":156,"column":20}},"loc":{"start":{"line":156,"column":111},"end":{"line":236,"column":1}},"line":156},"13":{"name":"(anonymous_13)","decl":{"start":{"line":172,"column":49},"end":{"line":172,"column":50}},"loc":{"start":{"line":173,"column":12},"end":{"line":173,"column":40}},"line":173},"14":{"name":"(anonymous_14)","decl":{"start":{"line":180,"column":49},"end":{"line":180,"column":50}},"loc":{"start":{"line":181,"column":12},"end":{"line":185,"column":67}},"line":181},"15":{"name":"(anonymous_15)","decl":{"start":{"line":190,"column":43},"end":{"line":190,"column":44}},"loc":{"start":{"line":190,"column":53},"end":{"line":208,"column":5}},"line":190},"16":{"name":"(anonymous_16)","decl":{"start":{"line":221,"column":26},"end":{"line":221,"column":27}},"loc":{"start":{"line":221,"column":36},"end":{"line":224,"column":5}},"line":221},"17":{"name":"createReviewElement","decl":{"start":{"line":238,"column":9},"end":{"line":238,"column":28}},"loc":{"start":{"line":238,"column":37},"end":{"line":325,"column":1}},"line":238},"18":{"name":"(anonymous_18)","decl":{"start":{"line":280,"column":41},"end":{"line":280,"column":42}},"loc":{"start":{"line":280,"column":48},"end":{"line":285,"column":5}},"line":280},"19":{"name":"(anonymous_19)","decl":{"start":{"line":289,"column":25},"end":{"line":289,"column":26}},"loc":{"start":{"line":289,"column":35},"end":{"line":295,"column":5}},"line":289},"20":{"name":"(anonymous_20)","decl":{"start":{"line":290,"column":41},"end":{"line":290,"column":42}},"loc":{"start":{"line":290,"column":48},"end":{"line":294,"column":9}},"line":290},"21":{"name":"(anonymous_21)","decl":{"start":{"line":298,"column":43},"end":{"line":298,"column":44}},"loc":{"start":{"line":298,"column":50},"end":{"line":303,"column":5}},"line":298},"22":{"name":"(anonymous_22)","decl":{"start":{"line":309,"column":42},"end":{"line":309,"column":43}},"loc":{"start":{"line":309,"column":48},"end":{"line":311,"column":9}},"line":309},"23":{"name":"(anonymous_23)","decl":{"start":{"line":314,"column":37},"end":{"line":314,"column":38}},"loc":{"start":{"line":314,"column":43},"end":{"line":316,"column":9}},"line":314},"24":{"name":"(anonymous_24)","decl":{"start":{"line":319,"column":38},"end":{"line":319,"column":39}},"loc":{"start":{"line":319,"column":44},"end":{"line":321,"column":9}},"line":319},"25":{"name":"navigateToReview","decl":{"start":{"line":327,"column":9},"end":{"line":327,"column":25}},"loc":{"start":{"line":327,"column":36},"end":{"line":333,"column":1}},"line":327},"26":{"name":"(anonymous_26)","decl":{"start":{"line":328,"column":41},"end":{"line":328,"column":42}},"loc":{"start":{"line":328,"column":46},"end":{"line":328,"column":63}},"line":328},"27":{"name":"shareReview","decl":{"start":{"line":335,"column":9},"end":{"line":335,"column":20}},"loc":{"start":{"line":335,"column":39},"end":{"line":383,"column":1}},"line":335},"28":{"name":"(anonymous_28)","decl":{"start":{"line":365,"column":58},"end":{"line":365,"column":59}},"loc":{"start":{"line":365,"column":64},"end":{"line":367,"column":13}},"line":365},"29":{"name":"(anonymous_29)","decl":{"start":{"line":367,"column":21},"end":{"line":367,"column":22}},"loc":{"start":{"line":367,"column":27},"end":{"line":376,"column":13}},"line":367},"30":{"name":"showShareNotification","decl":{"start":{"line":385,"column":9},"end":{"line":385,"column":30}},"loc":{"start":{"line":385,"column":40},"end":{"line":415,"column":1}},"line":385},"31":{"name":"(anonymous_31)","decl":{"start":{"line":407,"column":15},"end":{"line":407,"column":16}},"loc":{"start":{"line":407,"column":21},"end":{"line":414,"column":5}},"line":407},"32":{"name":"(anonymous_32)","decl":{"start":{"line":409,"column":19},"end":{"line":409,"column":20}},"loc":{"start":{"line":409,"column":25},"end":{"line":413,"column":9}},"line":409},"33":{"name":"insertImagesInContent","decl":{"start":{"line":417,"column":9},"end":{"line":417,"column":30}},"loc":{"start":{"line":417,"column":39},"end":{"line":470,"column":1}},"line":417},"34":{"name":"(anonymous_34)","decl":{"start":{"line":431,"column":30},"end":{"line":431,"column":31}},"loc":{"start":{"line":431,"column":43},"end":{"line":431,"column":64}},"line":431},"35":{"name":"(anonymous_35)","decl":{"start":{"line":455,"column":23},"end":{"line":455,"column":24}},"loc":{"start":{"line":455,"column":45},"end":{"line":467,"column":5}},"line":455},"36":{"name":"updateMetaTag","decl":{"start":{"line":473,"column":9},"end":{"line":473,"column":22}},"loc":{"start":{"line":473,"column":42},"end":{"line":488,"column":1}},"line":473},"37":{"name":"getAbsoluteUrl","decl":{"start":{"line":491,"column":9},"end":{"line":491,"column":23}},"loc":{"start":{"line":491,"column":35},"end":{"line":502,"column":1}},"line":491},"38":{"name":"convertToEmbedUrl","decl":{"start":{"line":505,"column":9},"end":{"line":505,"column":26}},"loc":{"start":{"line":505,"column":39},"end":{"line":521,"column":1}},"line":505},"39":{"name":"createReviewPage","decl":{"start":{"line":523,"column":9},"end":{"line":523,"column":25}},"loc":{"start":{"line":523,"column":34},"end":{"line":598,"column":1}},"line":523},"40":{"name":"(anonymous_40)","decl":{"start":{"line":560,"column":27},"end":{"line":560,"column":28}},"loc":{"start":{"line":560,"column":38},"end":{"line":562,"column":5}},"line":560},"41":{"name":"(anonymous_41)","decl":{"start":{"line":583,"column":25},"end":{"line":583,"column":26}},"loc":{"start":{"line":583,"column":35},"end":{"line":589,"column":5}},"line":583},"42":{"name":"(anonymous_42)","decl":{"start":{"line":584,"column":41},"end":{"line":584,"column":42}},"loc":{"start":{"line":584,"column":48},"end":{"line":588,"column":9}},"line":584},"43":{"name":"(anonymous_43)","decl":{"start":{"line":592,"column":15},"end":{"line":592,"column":16}},"loc":{"start":{"line":592,"column":21},"end":{"line":594,"column":5}},"line":592},"44":{"name":"returnToHomepage","decl":{"start":{"line":600,"column":9},"end":{"line":600,"column":25}},"loc":{"start":{"line":600,"column":28},"end":{"line":648,"column":1}},"line":600},"45":{"name":"(anonymous_45)","decl":{"start":{"line":636,"column":27},"end":{"line":636,"column":28}},"loc":{"start":{"line":636,"column":38},"end":{"line":638,"column":5}},"line":636},"46":{"name":"createReviewContentHTML","decl":{"start":{"line":650,"column":9},"end":{"line":650,"column":32}},"loc":{"start":{"line":650,"column":41},"end":{"line":761,"column":1}},"line":650},"47":{"name":"loadRelatedReviews","decl":{"start":{"line":763,"column":9},"end":{"line":763,"column":27}},"loc":{"start":{"line":763,"column":43},"end":{"line":806,"column":1}},"line":763},"48":{"name":"(anonymous_48)","decl":{"start":{"line":765,"column":16},"end":{"line":765,"column":17}},"loc":{"start":{"line":765,"column":21},"end":{"line":765,"column":46}},"line":765},"49":{"name":"(anonymous_49)","decl":{"start":{"line":766,"column":14},"end":{"line":766,"column":15}},"loc":{"start":{"line":766,"column":24},"end":{"line":770,"column":9}},"line":766},"50":{"name":"(anonymous_50)","decl":{"start":{"line":776,"column":27},"end":{"line":776,"column":28}},"loc":{"start":{"line":776,"column":44},"end":{"line":805,"column":5}},"line":776},"51":{"name":"(anonymous_51)","decl":{"start":{"line":800,"column":45},"end":{"line":800,"column":46}},"loc":{"start":{"line":800,"column":51},"end":{"line":802,"column":9}},"line":800},"52":{"name":"updateLoadMoreButton","decl":{"start":{"line":808,"column":9},"end":{"line":808,"column":29}},"loc":{"start":{"line":808,"column":58},"end":{"line":815,"column":1}},"line":808},"53":{"name":"setupEventListeners","decl":{"start":{"line":817,"column":9},"end":{"line":817,"column":28}},"loc":{"start":{"line":817,"column":31},"end":{"line":850,"column":1}},"line":817},"54":{"name":"(anonymous_54)","decl":{"start":{"line":820,"column":46},"end":{"line":820,"column":47}},"loc":{"start":{"line":820,"column":52},"end":{"line":822,"column":9}},"line":820},"55":{"name":"(anonymous_55)","decl":{"start":{"line":830,"column":51},"end":{"line":830,"column":52}},"loc":{"start":{"line":830,"column":57},"end":{"line":834,"column":9}},"line":830},"56":{"name":"(anonymous_56)","decl":{"start":{"line":838,"column":54},"end":{"line":838,"column":55}},"loc":{"start":{"line":838,"column":64},"end":{"line":849,"column":5}},"line":838},"57":{"name":"(anonymous_57)","decl":{"start":{"line":839,"column":41},"end":{"line":839,"column":42}},"loc":{"start":{"line":839,"column":54},"end":{"line":848,"column":9}},"line":839},"58":{"name":"setupAccessibility","decl":{"start":{"line":852,"column":9},"end":{"line":852,"column":27}},"loc":{"start":{"line":852,"column":30},"end":{"line":880,"column":1}},"line":852},"59":{"name":"(anonymous_59)","decl":{"start":{"line":862,"column":26},"end":{"line":862,"column":27}},"loc":{"start":{"line":862,"column":34},"end":{"line":865,"column":5}},"line":862},"60":{"name":"(anonymous_60)","decl":{"start":{"line":868,"column":41},"end":{"line":868,"column":42}},"loc":{"start":{"line":868,"column":48},"end":{"line":879,"column":5}},"line":868},"61":{"name":"setupCategoryFiltering","decl":{"start":{"line":882,"column":9},"end":{"line":882,"column":31}},"loc":{"start":{"line":882,"column":34},"end":{"line":906,"column":1}},"line":882},"62":{"name":"(anonymous_62)","decl":{"start":{"line":885,"column":26},"end":{"line":885,"column":27}},"loc":{"start":{"line":885,"column":34},"end":{"line":905,"column":5}},"line":885},"63":{"name":"(anonymous_63)","decl":{"start":{"line":886,"column":39},"end":{"line":886,"column":40}},"loc":{"start":{"line":886,"column":46},"end":{"line":904,"column":9}},"line":886},"64":{"name":"(anonymous_64)","decl":{"start":{"line":891,"column":34},"end":{"line":891,"column":35}},"loc":{"start":{"line":891,"column":39},"end":{"line":891,"column":86}},"line":891},"65":{"name":"setupSortDropdown","decl":{"start":{"line":908,"column":9},"end":{"line":908,"column":26}},"loc":{"start":{"line":908,"column":29},"end":{"line":918,"column":1}},"line":908},"66":{"name":"(anonymous_66)","decl":{"start":{"line":912,"column":48},"end":{"line":912,"column":49}},"loc":{"start":{"line":912,"column":55},"end":{"line":916,"column":9}},"line":912},"67":{"name":"setupSearch","decl":{"start":{"line":920,"column":9},"end":{"line":920,"column":20}},"loc":{"start":{"line":920,"column":23},"end":{"line":962,"column":1}},"line":920},"68":{"name":"(anonymous_68)","decl":{"start":{"line":926,"column":41},"end":{"line":926,"column":42}},"loc":{"start":{"line":926,"column":57},"end":{"line":938,"column":9}},"line":926},"69":{"name":"(anonymous_69)","decl":{"start":{"line":935,"column":23},"end":{"line":935,"column":24}},"loc":{"start":{"line":935,"column":29},"end":{"line":937,"column":13}},"line":935},"70":{"name":"(anonymous_70)","decl":{"start":{"line":940,"column":46},"end":{"line":940,"column":47}},"loc":{"start":{"line":940,"column":53},"end":{"line":950,"column":9}},"line":940},"71":{"name":"(anonymous_71)","decl":{"start":{"line":954,"column":49},"end":{"line":954,"column":50}},"loc":{"start":{"line":954,"column":55},"end":{"line":960,"column":9}},"line":954},"72":{"name":"debounce","decl":{"start":{"line":965,"column":9},"end":{"line":965,"column":17}},"loc":{"start":{"line":965,"column":30},"end":{"line":975,"column":1}},"line":965},"73":{"name":"executedFunction","decl":{"start":{"line":967,"column":20},"end":{"line":967,"column":36}},"loc":{"start":{"line":967,"column":46},"end":{"line":974,"column":5}},"line":967},"74":{"name":"(anonymous_74)","decl":{"start":{"line":968,"column":22},"end":{"line":968,"column":23}},"loc":{"start":{"line":968,"column":28},"end":{"line":971,"column":9}},"line":968},"75":{"name":"handleImageError","decl":{"start":{"line":978,"column":9},"end":{"line":978,"column":25}},"loc":{"start":{"line":978,"column":77},"end":{"line":983,"column":1}},"line":978},"76":{"name":"handleImageLoad","decl":{"start":{"line":985,"column":9},"end":{"line":985,"column":24}},"loc":{"start":{"line":985,"column":30},"end":{"line":994,"column":1}},"line":985},"77":{"name":"setupImageErrorHandling","decl":{"start":{"line":996,"column":9},"end":{"line":996,"column":32}},"loc":{"start":{"line":996,"column":35},"end":{"line":1029,"column":1}},"line":996},"78":{"name":"(anonymous_78)","decl":{"start":{"line":999,"column":19},"end":{"line":999,"column":20}},"loc":{"start":{"line":999,"column":26},"end":{"line":1002,"column":5}},"line":999},"79":{"name":"(anonymous_79)","decl":{"start":{"line":1000,"column":38},"end":{"line":1000,"column":39}},"loc":{"start":{"line":1000,"column":44},"end":{"line":1000,"column":65}},"line":1000},"80":{"name":"(anonymous_80)","decl":{"start":{"line":1001,"column":37},"end":{"line":1001,"column":38}},"loc":{"start":{"line":1001,"column":43},"end":{"line":1001,"column":63}},"line":1001},"81":{"name":"(anonymous_81)","decl":{"start":{"line":1005,"column":42},"end":{"line":1005,"column":43}},"loc":{"start":{"line":1005,"column":57},"end":{"line":1023,"column":5}},"line":1005},"82":{"name":"(anonymous_82)","decl":{"start":{"line":1006,"column":26},"end":{"line":1006,"column":27}},"loc":{"start":{"line":1006,"column":40},"end":{"line":1022,"column":9}},"line":1006},"83":{"name":"(anonymous_83)","decl":{"start":{"line":1007,"column":40},"end":{"line":1007,"column":41}},"loc":{"start":{"line":1007,"column":50},"end":{"line":1021,"column":13}},"line":1007},"84":{"name":"(anonymous_84)","decl":{"start":{"line":1011,"column":55},"end":{"line":1011,"column":56}},"loc":{"start":{"line":1011,"column":61},"end":{"line":1011,"column":83}},"line":1011},"85":{"name":"(anonymous_85)","decl":{"start":{"line":1012,"column":54},"end":{"line":1012,"column":55}},"loc":{"start":{"line":1012,"column":60},"end":{"line":1012,"column":81}},"line":1012},"86":{"name":"(anonymous_86)","decl":{"start":{"line":1016,"column":35},"end":{"line":1016,"column":36}},"loc":{"start":{"line":1016,"column":42},"end":{"line":1019,"column":21}},"line":1016},"87":{"name":"(anonymous_87)","decl":{"start":{"line":1017,"column":54},"end":{"line":1017,"column":55}},"loc":{"start":{"line":1017,"column":60},"end":{"line":1017,"column":81}},"line":1017},"88":{"name":"(anonymous_88)","decl":{"start":{"line":1018,"column":53},"end":{"line":1018,"column":54}},"loc":{"start":{"line":1018,"column":59},"end":{"line":1018,"column":79}},"line":1018},"89":{"name":"handleFetchError","decl":{"start":{"line":1031,"column":9},"end":{"line":1031,"column":25}},"loc":{"start":{"line":1031,"column":64},"end":{"line":1056,"column":1}},"line":1031},"90":{"name":"(anonymous_90)","decl":{"start":{"line":1051,"column":15},"end":{"line":1051,"column":16}},"loc":{"start":{"line":1051,"column":21},"end":{"line":1055,"column":5}},"line":1051},"91":{"name":"handleReviewLoadError","decl":{"start":{"line":1058,"column":9},"end":{"line":1058,"column":30}},"loc":{"start":{"line":1058,"column":38},"end":{"line":1073,"column":1}},"line":1058},"92":{"name":"handleSearchError","decl":{"start":{"line":1075,"column":9},"end":{"line":1075,"column":26}},"loc":{"start":{"line":1075,"column":34},"end":{"line":1088,"column":1}},"line":1075},"93":{"name":"(anonymous_93)","decl":{"start":{"line":1083,"column":19},"end":{"line":1083,"column":20}},"loc":{"start":{"line":1083,"column":25},"end":{"line":1086,"column":9}},"line":1083},"94":{"name":"(anonymous_94)","decl":{"start":{"line":1091,"column":33},"end":{"line":1091,"column":34}},"loc":{"start":{"line":1091,"column":44},"end":{"line":1094,"column":1}},"line":1091},"95":{"name":"(anonymous_95)","decl":{"start":{"line":1097,"column":46},"end":{"line":1097,"column":47}},"loc":{"start":{"line":1097,"column":57},"end":{"line":1100,"column":1}},"line":1097},"96":{"name":"updateCategoryCounts","decl":{"start":{"line":1104,"column":9},"end":{"line":1104,"column":29}},"loc":{"start":{"line":1104,"column":32},"end":{"line":1123,"column":1}},"line":1104},"97":{"name":"(anonymous_97)","decl":{"start":{"line":1107,"column":29},"end":{"line":1107,"column":30}},"loc":{"start":{"line":1107,"column":39},"end":{"line":1110,"column":5}},"line":1107},"98":{"name":"(anonymous_98)","decl":{"start":{"line":1114,"column":26},"end":{"line":1114,"column":27}},"loc":{"start":{"line":1114,"column":34},"end":{"line":1122,"column":5}},"line":1114},"99":{"name":"(anonymous_99)","decl":{"start":{"line":1126,"column":46},"end":{"line":1126,"column":47}},"loc":{"start":{"line":1126,"column":52},"end":{"line":1129,"column":1}},"line":1126},"100":{"name":"setupKeyboardNavigation","decl":{"start":{"line":1132,"column":9},"end":{"line":1132,"column":32}},"loc":{"start":{"line":1132,"column":35},"end":{"line":1240,"column":1}},"line":1132},"101":{"name":"(anonymous_101)","decl":{"start":{"line":1133,"column":41},"end":{"line":1133,"column":42}},"loc":{"start":{"line":1133,"column":48},"end":{"line":1175,"column":5}},"line":1133},"102":{"name":"(anonymous_102)","decl":{"start":{"line":1179,"column":26},"end":{"line":1179,"column":27}},"loc":{"start":{"line":1179,"column":43},"end":{"line":1193,"column":5}},"line":1179},"103":{"name":"(anonymous_103)","decl":{"start":{"line":1187,"column":41},"end":{"line":1187,"column":42}},"loc":{"start":{"line":1187,"column":48},"end":{"line":1192,"column":9}},"line":1187},"104":{"name":"addKeyboardSupportToReviewCards","decl":{"start":{"line":1196,"column":13},"end":{"line":1196,"column":44}},"loc":{"start":{"line":1196,"column":47},"end":{"line":1208,"column":5}},"line":1196},"105":{"name":"(anonymous_105)","decl":{"start":{"line":1198,"column":28},"end":{"line":1198,"column":29}},"loc":{"start":{"line":1198,"column":36},"end":{"line":1207,"column":9}},"line":1198},"106":{"name":"(anonymous_106)","decl":{"start":{"line":1201,"column":45},"end":{"line":1201,"column":46}},"loc":{"start":{"line":1201,"column":52},"end":{"line":1206,"column":13}},"line":1201},"107":{"name":"addKeyboardSupportToShareButtons","decl":{"start":{"line":1211,"column":13},"end":{"line":1211,"column":45}},"loc":{"start":{"line":1211,"column":48},"end":{"line":1223,"column":5}},"line":1211},"108":{"name":"(anonymous_108)","decl":{"start":{"line":1213,"column":29},"end":{"line":1213,"column":30}},"loc":{"start":{"line":1213,"column":39},"end":{"line":1222,"column":9}},"line":1213},"109":{"name":"(anonymous_109)","decl":{"start":{"line":1216,"column":47},"end":{"line":1216,"column":48}},"loc":{"start":{"line":1216,"column":54},"end":{"line":1221,"column":13}},"line":1216},"110":{"name":"(anonymous_110)","decl":{"start":{"line":1231,"column":18},"end":{"line":1231,"column":19}},"loc":{"start":{"line":1231,"column":36},"end":{"line":1239,"column":5}},"line":1231},"111":{"name":"(anonymous_111)","decl":{"start":{"line":1234,"column":19},"end":{"line":1234,"column":20}},"loc":{"start":{"line":1234,"column":25},"end":{"line":1237,"column":9}},"line":1234},"112":{"name":"(anonymous_112)","decl":{"start":{"line":1243,"column":46},"end":{"line":1243,"column":47}},"loc":{"start":{"line":1243,"column":52},"end":{"line":1254,"column":1}},"line":1243},"113":{"name":"(anonymous_113)","decl":{"start":{"line":1246,"column":15},"end":{"line":1246,"column":16}},"loc":{"start":{"line":1246,"column":21},"end":{"line":1253,"column":5}},"line":1246},"114":{"name":"showLoadingSpinner","decl":{"start":{"line":1257,"column":9},"end":{"line":1257,"column":27}},"loc":{"start":{"line":1257,"column":63},"end":{"line":1270,"column":1}},"line":1257},"115":{"name":"hideLoadingSpinner","decl":{"start":{"line":1272,"column":9},"end":{"line":1272,"column":27}},"loc":{"start":{"line":1272,"column":37},"end":{"line":1276,"column":1}},"line":1272},"116":{"name":"showImageLoadingState","decl":{"start":{"line":1278,"column":9},"end":{"line":1278,"column":30}},"loc":{"start":{"line":1278,"column":36},"end":{"line":1291,"column":1}},"line":1278},"117":{"name":"hideImageLoadingState","decl":{"start":{"line":1293,"column":9},"end":{"line":1293,"column":30}},"loc":{"start":{"line":1293,"column":47},"end":{"line":1297,"column":1}},"line":1293},"118":{"name":"showSearchLoading","decl":{"start":{"line":1299,"column":9},"end":{"line":1299,"column":26}},"loc":{"start":{"line":1299,"column":29},"end":{"line":1308,"column":1}},"line":1299},"119":{"name":"hideSearchLoading","decl":{"start":{"line":1310,"column":9},"end":{"line":1310,"column":26}},"loc":{"start":{"line":1310,"column":29},"end":{"line":1315,"column":1}},"line":1310},"120":{"name":"showReviewsLoading","decl":{"start":{"line":1317,"column":9},"end":{"line":1317,"column":27}},"loc":{"start":{"line":1317,"column":30},"end":{"line":1325,"column":1}},"line":1317},"121":{"name":"hideReviewsLoading","decl":{"start":{"line":1327,"column":9},"end":{"line":1327,"column":27}},"loc":{"start":{"line":1327,"column":30},"end":{"line":1332,"column":1}},"line":1327}},"branchMap":{"0":{"loc":{"start":{"line":45,"column":4},"end":{"line":69,"column":5}},"type":"if","locations":[{"start":{"line":45,"column":4},"end":{"line":69,"column":5}},{"start":{},"end":{}}],"line":45},"1":{"loc":{"start":{"line":49,"column":8},"end":{"line":68,"column":9}},"type":"if","locations":[{"start":{"line":49,"column":8},"end":{"line":68,"column":9}},{"start":{},"end":{}}],"line":49},"2":{"loc":{"start":{"line":65,"column":12},"end":{"line":67,"column":13}},"type":"if","locations":[{"start":{"line":65,"column":12},"end":{"line":67,"column":13}},{"start":{},"end":{}}],"line":65},"3":{"loc":{"start":{"line":89,"column":4},"end":{"line":95,"column":5}},"type":"if","locations":[{"start":{"line":89,"column":4},"end":{"line":95,"column":5}},{"start":{"line":93,"column":9},"end":{"line":95,"column":5}}],"line":89},"4":{"loc":{"start":{"line":93,"column":9},"end":{"line":95,"column":5}},"type":"if","locations":[{"start":{"line":93,"column":9},"end":{"line":95,"column":5}},{"start":{},"end":{}}],"line":93},"5":{"loc":{"start":{"line":97,"column":4},"end":{"line":109,"column":5}},"type":"if","locations":[{"start":{"line":97,"column":4},"end":{"line":109,"column":5}},{"start":{"line":106,"column":11},"end":{"line":109,"column":5}}],"line":97},"6":{"loc":{"start":{"line":100,"column":8},"end":{"line":105,"column":9}},"type":"if","locations":[{"start":{"line":100,"column":8},"end":{"line":105,"column":9}},{"start":{},"end":{}}],"line":100},"7":{"loc":{"start":{"line":106,"column":11},"end":{"line":109,"column":5}},"type":"if","locations":[{"start":{"line":106,"column":11},"end":{"line":109,"column":5}},{"start":{},"end":{}}],"line":106},"8":{"loc":{"start":{"line":106,"column":15},"end":{"line":106,"column":60}},"type":"binary-expr","locations":[{"start":{"line":106,"column":16},"end":{"line":106,"column":27}},{"start":{"line":106,"column":31},"end":{"line":106,"column":43}},{"start":{"line":106,"column":48},"end":{"line":106,"column":60}}],"line":106},"9":{"loc":{"start":{"line":131,"column":4},"end":{"line":136,"column":5}},"type":"if","locations":[{"start":{"line":131,"column":4},"end":{"line":136,"column":5}},{"start":{},"end":{}}],"line":131},"10":{"loc":{"start":{"line":148,"column":16},"end":{"line":150,"column":17}},"type":"if","locations":[{"start":{"line":148,"column":16},"end":{"line":150,"column":17}},{"start":{},"end":{}}],"line":148},"11":{"loc":{"start":{"line":156,"column":21},"end":{"line":156,"column":29}},"type":"default-arg","locations":[{"start":{"line":156,"column":28},"end":{"line":156,"column":29}}],"line":156},"12":{"loc":{"start":{"line":156,"column":31},"end":{"line":156,"column":57}},"type":"default-arg","locations":[{"start":{"line":156,"column":42},"end":{"line":156,"column":57}}],"line":156},"13":{"loc":{"start":{"line":156,"column":59},"end":{"line":156,"column":89}},"type":"default-arg","locations":[{"start":{"line":156,"column":72},"end":{"line":156,"column":89}}],"line":156},"14":{"loc":{"start":{"line":156,"column":91},"end":{"line":156,"column":109}},"type":"default-arg","locations":[{"start":{"line":156,"column":98},"end":{"line":156,"column":109}}],"line":156},"15":{"loc":{"start":{"line":164,"column":8},"end":{"line":166,"column":9}},"type":"if","locations":[{"start":{"line":164,"column":8},"end":{"line":166,"column":9}},{"start":{},"end":{}}],"line":164},"16":{"loc":{"start":{"line":164,"column":12},"end":{"line":164,"column":65}},"type":"binary-expr","locations":[{"start":{"line":164,"column":12},"end":{"line":164,"column":29}},{"start":{"line":164,"column":33},"end":{"line":164,"column":65}}],"line":164},"17":{"loc":{"start":{"line":171,"column":4},"end":{"line":175,"column":5}},"type":"if","locations":[{"start":{"line":171,"column":4},"end":{"line":175,"column":5}},{"start":{},"end":{}}],"line":171},"18":{"loc":{"start":{"line":171,"column":8},"end":{"line":171,"column":38}},"type":"binary-expr","locations":[{"start":{"line":171,"column":8},"end":{"line":171,"column":16}},{"start":{"line":171,"column":20},"end":{"line":171,"column":38}}],"line":171},"19":{"loc":{"start":{"line":178,"column":4},"end":{"line":187,"column":5}},"type":"if","locations":[{"start":{"line":178,"column":4},"end":{"line":187,"column":5}},{"start":{},"end":{}}],"line":178},"20":{"loc":{"start":{"line":181,"column":12},"end":{"line":185,"column":67}},"type":"binary-expr","locations":[{"start":{"line":181,"column":12},"end":{"line":181,"column":64}},{"start":{"line":182,"column":12},"end":{"line":182,"column":66}},{"start":{"line":183,"column":12},"end":{"line":183,"column":66}},{"start":{"line":184,"column":12},"end":{"line":184,"column":68}},{"start":{"line":185,"column":12},"end":{"line":185,"column":67}}],"line":181},"21":{"loc":{"start":{"line":191,"column":8},"end":{"line":207,"column":9}},"type":"switch","locations":[{"start":{"line":192,"column":12},"end":{"line":196,"column":37}},{"start":{"line":197,"column":12},"end":{"line":199,"column":45}},{"start":{"line":200,"column":12},"end":{"line":204,"column":45}},{"start":{"line":205,"column":12},"end":{"line":206,"column":25}}],"line":191},"22":{"loc":{"start":{"line":216,"column":4},"end":{"line":218,"column":5}},"type":"if","locations":[{"start":{"line":216,"column":4},"end":{"line":218,"column":5}},{"start":{},"end":{}}],"line":216},"23":{"loc":{"start":{"line":282,"column":8},"end":{"line":284,"column":9}},"type":"if","locations":[{"start":{"line":282,"column":8},"end":{"line":284,"column":9}},{"start":{},"end":{}}],"line":282},"24":{"loc":{"start":{"line":299,"column":8},"end":{"line":302,"column":9}},"type":"if","locations":[{"start":{"line":299,"column":8},"end":{"line":302,"column":9}},{"start":{},"end":{}}],"line":299},"25":{"loc":{"start":{"line":299,"column":12},"end":{"line":299,"column":46}},"type":"binary-expr","locations":[{"start":{"line":299,"column":12},"end":{"line":299,"column":29}},{"start":{"line":299,"column":33},"end":{"line":299,"column":46}}],"line":299},"26":{"loc":{"start":{"line":307,"column":4},"end":{"line":322,"column":5}},"type":"if","locations":[{"start":{"line":307,"column":4},"end":{"line":322,"column":5}},{"start":{},"end":{}}],"line":307},"27":{"loc":{"start":{"line":329,"column":4},"end":{"line":332,"column":5}},"type":"if","locations":[{"start":{"line":329,"column":4},"end":{"line":332,"column":5}},{"start":{},"end":{}}],"line":329},"28":{"loc":{"start":{"line":338,"column":4},"end":{"line":344,"column":5}},"type":"if","locations":[{"start":{"line":338,"column":4},"end":{"line":344,"column":5}},{"start":{"line":341,"column":11},"end":{"line":344,"column":5}}],"line":338},"29":{"loc":{"start":{"line":356,"column":4},"end":{"line":378,"column":5}},"type":"switch","locations":[{"start":{"line":357,"column":8},"end":{"line":359,"column":18}},{"start":{"line":360,"column":8},"end":{"line":362,"column":18}},{"start":{"line":363,"column":8},"end":{"line":377,"column":19}}],"line":356},"30":{"loc":{"start":{"line":380,"column":4},"end":{"line":382,"column":5}},"type":"if","locations":[{"start":{"line":380,"column":4},"end":{"line":382,"column":5}},{"start":{},"end":{}}],"line":380},"31":{"loc":{"start":{"line":410,"column":12},"end":{"line":412,"column":13}},"type":"if","locations":[{"start":{"line":410,"column":12},"end":{"line":412,"column":13}},{"start":{},"end":{}}],"line":410},"32":{"loc":{"start":{"line":422,"column":4},"end":{"line":424,"column":5}},"type":"if","locations":[{"start":{"line":422,"column":4},"end":{"line":424,"column":5}},{"start":{},"end":{}}],"line":422},"33":{"loc":{"start":{"line":425,"column":4},"end":{"line":427,"column":5}},"type":"if","locations":[{"start":{"line":425,"column":4},"end":{"line":427,"column":5}},{"start":{},"end":{}}],"line":425},"34":{"loc":{"start":{"line":430,"column":4},"end":{"line":432,"column":5}},"type":"if","locations":[{"start":{"line":430,"column":4},"end":{"line":432,"column":5}},{"start":{},"end":{}}],"line":430},"35":{"loc":{"start":{"line":438,"column":4},"end":{"line":450,"column":5}},"type":"if","locations":[{"start":{"line":438,"column":4},"end":{"line":450,"column":5}},{"start":{"line":441,"column":11},"end":{"line":450,"column":5}}],"line":438},"36":{"loc":{"start":{"line":441,"column":11},"end":{"line":450,"column":5}},"type":"if","locations":[{"start":{"line":441,"column":11},"end":{"line":450,"column":5}},{"start":{"line":445,"column":11},"end":{"line":450,"column":5}}],"line":441},"37":{"loc":{"start":{"line":445,"column":11},"end":{"line":450,"column":5}},"type":"if","locations":[{"start":{"line":445,"column":11},"end":{"line":450,"column":5}},{"start":{},"end":{}}],"line":445},"38":{"loc":{"start":{"line":459,"column":8},"end":{"line":466,"column":9}},"type":"if","locations":[{"start":{"line":459,"column":8},"end":{"line":466,"column":9}},{"start":{},"end":{}}],"line":459},"39":{"loc":{"start":{"line":459,"column":12},"end":{"line":459,"column":75}},"type":"binary-expr","locations":[{"start":{"line":459,"column":12},"end":{"line":459,"column":42}},{"start":{"line":459,"column":46},"end":{"line":459,"column":75}}],"line":459},"40":{"loc":{"start":{"line":474,"column":18},"end":{"line":475,"column":68}},"type":"binary-expr","locations":[{"start":{"line":474,"column":18},"end":{"line":474,"column":72}},{"start":{"line":475,"column":18},"end":{"line":475,"column":68}}],"line":474},"41":{"loc":{"start":{"line":477,"column":4},"end":{"line":485,"column":5}},"type":"if","locations":[{"start":{"line":477,"column":4},"end":{"line":485,"column":5}},{"start":{},"end":{}}],"line":477},"42":{"loc":{"start":{"line":479,"column":8},"end":{"line":483,"column":9}},"type":"if","locations":[{"start":{"line":479,"column":8},"end":{"line":483,"column":9}},{"start":{"line":481,"column":15},"end":{"line":483,"column":9}}],"line":479},"43":{"loc":{"start":{"line":479,"column":12},"end":{"line":479,"column":73}},"type":"binary-expr","locations":[{"start":{"line":479,"column":12},"end":{"line":479,"column":38}},{"start":{"line":479,"column":42},"end":{"line":479,"column":73}}],"line":479},"44":{"loc":{"start":{"line":492,"column":4},"end":{"line":494,"column":5}},"type":"if","locations":[{"start":{"line":492,"column":4},"end":{"line":494,"column":5}},{"start":{},"end":{}}],"line":492},"45":{"loc":{"start":{"line":497,"column":4},"end":{"line":501,"column":5}},"type":"if","locations":[{"start":{"line":497,"column":4},"end":{"line":501,"column":5}},{"start":{"line":499,"column":11},"end":{"line":501,"column":5}}],"line":497},"46":{"loc":{"start":{"line":506,"column":4},"end":{"line":506,"column":31}},"type":"if","locations":[{"start":{"line":506,"column":4},"end":{"line":506,"column":31}},{"start":{},"end":{}}],"line":506},"47":{"loc":{"start":{"line":510,"column":4},"end":{"line":512,"column":5}},"type":"if","locations":[{"start":{"line":510,"column":4},"end":{"line":512,"column":5}},{"start":{},"end":{}}],"line":510},"48":{"loc":{"start":{"line":516,"column":4},"end":{"line":518,"column":5}},"type":"if","locations":[{"start":{"line":516,"column":4},"end":{"line":518,"column":5}},{"start":{},"end":{}}],"line":516},"49":{"loc":{"start":{"line":532,"column":4},"end":{"line":534,"column":5}},"type":"if","locations":[{"start":{"line":532,"column":4},"end":{"line":534,"column":5}},{"start":{},"end":{}}],"line":532},"50":{"loc":{"start":{"line":566,"column":4},"end":{"line":568,"column":5}},"type":"if","locations":[{"start":{"line":566,"column":4},"end":{"line":568,"column":5}},{"start":{},"end":{}}],"line":566},"51":{"loc":{"start":{"line":577,"column":4},"end":{"line":579,"column":5}},"type":"if","locations":[{"start":{"line":577,"column":4},"end":{"line":579,"column":5}},{"start":{},"end":{}}],"line":577},"52":{"loc":{"start":{"line":577,"column":8},"end":{"line":577,"column":36}},"type":"binary-expr","locations":[{"start":{"line":577,"column":8},"end":{"line":577,"column":14}},{"start":{"line":577,"column":18},"end":{"line":577,"column":36}}],"line":577},"53":{"loc":{"start":{"line":609,"column":4},"end":{"line":611,"column":5}},"type":"if","locations":[{"start":{"line":609,"column":4},"end":{"line":611,"column":5}},{"start":{},"end":{}}],"line":609},"54":{"loc":{"start":{"line":642,"column":4},"end":{"line":644,"column":5}},"type":"if","locations":[{"start":{"line":642,"column":4},"end":{"line":644,"column":5}},{"start":{},"end":{}}],"line":642},"55":{"loc":{"start":{"line":731,"column":26},"end":{"line":745,"column":30}},"type":"cond-expr","locations":[{"start":{"line":731,"column":50},"end":{"line":745,"column":25}},{"start":{"line":745,"column":28},"end":{"line":745,"column":30}}],"line":731},"56":{"loc":{"start":{"line":774,"column":4},"end":{"line":774,"column":29}},"type":"if","locations":[{"start":{"line":774,"column":4},"end":{"line":774,"column":29}},{"start":{},"end":{}}],"line":774},"57":{"loc":{"start":{"line":809,"column":4},"end":{"line":814,"column":5}},"type":"if","locations":[{"start":{"
[...]
s":[{"start":{"line":819,"column":4},"end":{"line":823,"column":5}},{"start":{},"end":{}}],"line":819},"59":{"loc":{"start":{"line":829,"column":4},"end":{"line":835,"column":5}},"type":"if","locations":[{"start":{"line":829,"column":4},"end":{"line":835,"column":5}},{"start":{},"end":{}}],"line":829},"60":{"loc":{"start":{"line":829,"column":8},"end":{"line":829,"column":36}},"type":"binary-expr","locations":[{"start":{"line":829,"column":8},"end":{"line":829,"column":24}},{"start":{"line":829,"column":28},"end":{"line":829,"column":36}}],"line":829},"61":{"loc":{"start":{"line":842,"column":12},"end":{"line":847,"column":13}},"type":"if","locations":[{"start":{"line":842,"column":12},"end":{"line":847,"column":13}},{"start":{},"end":{}}],"line":842},"62":{"loc":{"start":{"line":870,"column":8},"end":{"line":878,"column":9}},"type":"if","locations":[{"start":{"line":870,"column":8},"end":{"line":878,"column":9}},{"start":{},"end":{}}],"line":870},"63":{"loc":{"start":{"line":874,"column":12},"end":{"line":877,"column":13}},"type":"if","locations":[{"start":{"line":874,"column":12},"end":{"line":877,"column":13}},{"start":{},"end":{}}],"line":874},"64":{"loc":{"start":{"line":874,"column":16},"end":{"line":874,"column":44}},"type":"binary-expr","locations":[{"start":{"line":874,"column":16},"end":{"line":874,"column":32}},{"start":{"line":874,"column":36},"end":{"line":874,"column":44}}],"line":874},"65":{"loc":{"start":{"line":911,"column":4},"end":{"line":917,"column":5}},"type":"if","locations":[{"start":{"line":911,"column":4},"end":{"line":917,"column":5}},{"start":{},"end":{}}],"line":911},"66":{"loc":{"start":{"line":924,"column":4},"end":{"line":951,"column":5}},"type":"if","locations":[{"start":{"line":924,"column":4},"end":{"line":951,"column":5}},{"start":{},"end":{}}],"line":924},"67":{"loc":{"start":{"line":927,"column":12},"end":{"line":929,"column":13}},"type":"if","locations":[{"start":{"line":927,"column":12},"end":{"line":929,"column":13}},{"start":{},"end":{}}],"line":927},"68":{"loc":{"start":{"line":945,"column":12},"end":{"line":949,"column":13}},"type":"if","locations":[{"start":{"line":945,"column":12},"end":{"line":949,"column":13}},{"start":{"line":947,"column":19},"end":{"line":949,"column":13}}],"line":945},"69":{"loc":{"start":{"line":953,"column":4},"end":{"line":961,"column":5}},"type":"if","locations":[{"start":{"line":953,"column":4},"end":{"line":961,"column":5}},{"start":{},"end":{}}],"line":953},"70":{"loc":{"start":{"line":978,"column":31},"end":{"line":978,"column":75}},"type":"default-arg","locations":[{"start":{"line":978,"column":45},"end":{"line":978,"column":75}}],"line":978},"71":{"loc":{"start":{"line":991,"column":4},"end":{"line":993,"column":5}},"type":"if","locations":[{"start":{"line":991,"column":4},"end":{"line":993,"column":5}},{"start":{},"end":{}}],"line":991},"72":{"loc":{"start":{"line":1008,"column":16},"end":{"line":1020,"column":17}},"type":"if","locations":[{"start":{"line":1008,"column":16},"end":{"line":1020,"column":17}},{"start":{},"end":{}}],"line":1008},"73":{"loc":{"start":{"line":1010,"column":20},"end":{"line":1013,"column":21}},"type":"if","locations":[{"start":{"line":1010,"column":20},"end":{"line":1013,"column":21}},{"start":{},"end":{}}],"line":1010},"74":{"loc":{"start":{"line":1015,"column":35},"end":{"line":1015,"column":92}},"type":"cond-expr","locations":[{"start":{"line":1015,"column":59},"end":{"line":1015,"column":87}},{"start":{"line":1015,"column":90},"end":{"line":1015,"column":92}}],"line":1015},"75":{"loc":{"start":{"line":1031,"column":33},"end":{"line":1031,"column":62}},"type":"default-arg","locations":[{"start":{"line":1031,"column":43},"end":{"line":1031,"column":62}}],"line":1031},"76":{"loc":{"start":{"line":1052,"column":8},"end":{"line":1054,"column":9}},"type":"if","locations":[{"start":{"line":1052,"column":8},"end":{"line":1054,"column":9}},{"start":{},"end":{}}],"line":1052},"77":{"loc":{"start":{"line":1062,"column":4},"end":{"line":1072,"column":5}},"type":"if","locations":[{"start":{"line":1062,"column":4},"end":{"line":1072,"column":5}},{"start":{},"end":{}}],"line":1062},"78":{"loc":{"start":{"line":1079,"column":4},"end":{"line":1087,"column":5}},"type":"if","locations":[{"start":{"line":1079,"column":4},"end":{"line":1087,"column":5}},{"start":{},"end":{}}],"line":1079},"79":{"loc":{"start":{"line":1109,"column":36},"end":{"line":1109,"column":65}},"type":"binary-expr","locations":[{"start":{"line":1109,"column":36},"end":{"line":1109,"column":60}},{"start":{"line":1109,"column":64},"end":{"line":1109,"column":65}}],"line":1109},"80":{"loc":{"start":{"line":1118,"column":8},"end":{"line":1121,"column":9}},"type":"if","locations":[{"start":{"line":1118,"column":8},"end":{"line":1121,"column":9}},{"start":{},"end":{}}],"line":1118},"81":{"loc":{"start":{"line":1118,"column":12},"end":{"line":1118,"column":66}},"type":"binary-expr","locations":[{"start":{"line":1118,"column":12},"end":{"line":1118,"column":24}},{"start":{"line":1118,"column":28},"end":{"line":1118,"column":66}}],"line":1118},"82":{"loc":{"start":{"line":1120,"column":55},"end":{"line":1120,"column":77}},"type":"cond-expr","locations":[{"start":{"line":1120,"column":69},"end":{"line":1120,"column":72}},{"start":{"line":1120,"column":75},"end":{"line":1120,"column":77}}],"line":1120},"83":{"loc":{"start":{"line":1135,"column":8},"end":{"line":1146,"column":9}},"type":"if","locations":[{"start":{"line":1135,"column":8},"end":{"line":1146,"column":9}},{"start":{},"end":{}}],"line":1135},"84":{"loc":{"start":{"line":1137,"column":12},"end":{"line":1139,"column":13}},"type":"if","locations":[{"start":{"line":1137,"column":12},"end":{"line":1139,"column":13}},{"start":{},"end":{}}],"line":1137},"85":{"loc":{"start":{"line":1137,"column":16},"end":{"line":1137,"column":93}},"type":"binary-expr","locations":[{"start":{"line":1137,"column":16},"end":{"line":1137,"column":32}},{"start":{"line":1137,"column":36},"end":{"line":1137,"column":93}}],"line":1137},"86":{"loc":{"start":{"line":1143,"column":12},"end":{"line":1145,"column":13}},"type":"if","locations":[{"start":{"line":1143,"column":12},"end":{"line":1145,"column":13}},{"start":{},"end":{}}],"line":1143},"87":{"loc":{"start":{"line":1149,"column":8},"end":{"line":1156,"column":9}},"type":"if","locations":[{"start":{"line":1149,"column":8},"end":{"line":1156,"column":9}},{"start":{},"end":{}}],"line":1149},"88":{"loc":{"start":{"line":1149,"column":12},"end":{"line":1149,"column":40}},"type":"binary-expr","locations":[{"start":{"line":1149,"column":12},"end":{"line":1149,"column":24}},{"start":{"line":1149,"column":28},"end":{"line":1149,"column":40}}],"line":1149},"89":{"loc":{"start":{"line":1152,"column":12},"end":{"line":1155,"column":13}},"type":"if","locations":[{"start":{"line":1152,"column":12},"end":{"line":1155,"column":13}},{"start":{},"end":{}}],"line":1152},"90":{"loc":{"start":{"line":1159,"column":8},"end":{"line":1165,"column":9}},"type":"if","locations":[{"start":{"line":1159,"column":8},"end":{"line":1165,"column":9}},{"start":{},"end":{}}],"line":1159},"91":{"loc":{"start":{"line":1159,"column":12},"end":{"line":1159,"column":53}},"type":"binary-expr","locations":[{"start":{"line":1159,"column":12},"end":{"line":1159,"column":25}},{"start":{"line":1159,"column":29},"end":{"line":1159,"column":39}},{"start":{"line":1159,"column":43},"end":{"line":1159,"column":53}}],"line":1159},"92":{"loc":{"start":{"line":1161,"column":12},"end":{"line":1164,"column":13}},"type":"if","locations":[{"start":{"line":1161,"column":12},"end":{"line":1164,"column":13}},{"start":{},"end":{}}],"line":1161},"93":{"loc":{"start":{"line":1161,"column":16},"end":{"line":1161,"column":69}},"type":"binary-expr","locations":[{"start":{"line":1161,"column":16},"end":{"line":1161,"column":27}},{"start":{"line":1161,"column":31},"end":{"line":1161,"column":69}}],"line":1161},"94":{"loc":{"start":{"line":1168,"column":8},"end":{"line":1174,"column":9}},"type":"if","locations":[{"start":{"line":1168,"column":8},"end":{"line":1174,"column":9}},{"start":{},"end":{}}],"line":1168},"95":{"loc":{"start":{"line":1168,"column":12},"end":{"line":1168,"column":38}},"type":"binary-expr","locations":[{"start":{"line":1168,"column":12},"end":{"line":1168,"column":25}},{"start":{"line":1168,"column":29},"end":{"line":1168,"column":38}}],"line":1168},"96":{"loc":{"start":{"line":1171,"column":12},"end":{"line":1173,"column":13}},"type":"if","locations":[{"start":{"line":1171,"column":12},"end":{"line":1173,"column":13}},{"start":{},"end":{}}],"line":1171},"97":{"loc":{"start":{"line":1184,"column":29},"end":{"line":1184,"column":108}},"type":"cond-expr","locations":[{"start":{"line":1184,"column":51},"end":{"line":1184,"column":82}},{"start":{"line":1184,"column":85},"end":{"line":1184,"column":108}}],"line":1184},"98":{"loc":{"start":{"line":1188,"column":12},"end":{"line":1191,"column":13}},"type":"if","locations":[{"start":{"line":1188,"column":12},"end":{"line":1191,"column":13}},{"start":{},"end":{}}],"line":1188},"99":{"loc":{"start":{"line":1188,"column":16},"end":{"line":1188,"column":50}},"type":"binary-expr","locations":[{"start":{"line":1188,"column":16},"end":{"line":1188,"column":33}},{"start":{"line":1188,"column":37},"end":{"line":1188,"column":50}}],"line":1188},"100":{"loc":{"start":{"line":1202,"column":16},"end":{"line":1205,"column":17}},"type":"if","locations":[{"start":{"line":1202,"column":16},"end":{"line":1205,"column":17}},{"start":{},"end":{}}],"line":1202},"101":{"loc":{"start":{"line":1202,"column":20},"end":{"line":1202,"column":54}},"type":"binary-expr","locations":[{"start":{"line":1202,"column":20},"end":{"line":1202,"column":37}},{"start":{"line":1202,"column":41},"end":{"line":1202,"column":54}}],"line":1202},"102":{"loc":{"start":{"line":1217,"column":16},"end":{"line":1220,"column":17}},"type":"if","locations":[{"start":{"line":1217,"column":16},"end":{"line":1220,"column":17}},{"start":{},"end":{}}],"line":1217},"103":{"loc":{"start":{"line":1217,"column":20},"end":{"line":1217,"column":54}},"type":"binary-expr","locations":[{"start":{"line":1217,"column":20},"end":{"line":1217,"column":37}},{"start":{"line":1217,"column":41},"end":{"line":1217,"column":54}}],"line":1217},"104":{"loc":{"start":{"line":1257,"column":39},"end":{"line":1257,"column":61}},"type":"default-arg","locations":[{"start":{"line":1257,"column":49},"end":{"line":1257,"column":61}}],"line":1257},"105":{"loc":{"start":{"line":1265,"column":4},"end":{"line":1267,"column":5}},"type":"if","locations":[{"start":{"line":1265,"column":4},"end":{"line":1267,"column":5}},{"start":{},"end":{}}],"line":1265},"106":{"loc":{"start":{"line":1273,"column":4},"end":{"line":1275,"column":5}},"type":"if","locations":[{"start":{"line":1273,"column":4},"end":{"line":1275,"column":5}},{"start":{},"end":{}}],"line":1273},"107":{"loc":{"start":{"line":1273,"column":8},"end":{"line":1273,"column":37}},"type":"binary-expr","locations":[{"start":{"line":1273,"column":8},"end":{"line":1273,"column":15}},{"start":{"line":1273,"column":19},"end":{"line":1273,"column":37}}],"line":1273},"108":{"loc":{"start":{"line":1285,"column":4},"end":{"line":1288,"column":5}},"type":"if","locations":[{"start":{"line":1285,"column":4},"end":{"line":1288,"column":5}},{"start":{},"end":{}}],"line":1285},"109":{"loc":{"start":{"line":1294,"column":4},"end":{"line":1296,"column":5}},"type":"if","locations":[{"start":{"line":1294,"column":4},"end":{"line":1296,"column":5}},{"start":{},"end":{}}],"line":1294},"110":{"loc":{"start":{"line":1294,"column":8},"end":{"line":1294,"column":51}},"type":"binary-expr","locations":[{"start":{"line":1294,"column":8},"end":{"line":1294,"column":22}},{"start":{"line":1294,"column":26},"end":{"line":1294,"column":51}}],"line":1294},"111":{"loc":{"start":{"line":1301,"column":4},"end":{"line":1307,"column":5}},"type":"if","locations":[{"start":{"line":1301,"column":4},"end":{"line":1307,"column":5}},{"start":{},"end":{}}],"line":1301},"112":{"loc":{"start":{"line":1303,"column":8},"end":{"line":1306,"column":9}},"type":"if","locations":[{"start":{"line":1303,"column":8},"end":{"line":1306,"column":9}},{"start":{},"end":{}}],"line":1303},"113":{"loc":{"start":{"line":1312,"column":4},"end":{"line":1314,"column":5}},"type":"if","locations":[{"start":{"line":1312,"column":4},"end":{"line":1314,"column":5}},{"start":{},"end":{}}],"line":1312},"114":{"loc":{"start":{"line":1319,"column":4},"end":{"line":1324,"column":5}},"type":"if","locations":[{"start":{"line":1319,"column":4},"end":{"line":1324,"column":5}},{"start":{},"end":{}}],"line":1319},"115":{"loc":{"start":{"line":1329,"column":4},"end":{"line":1331,"column":5}},"type":"if","locations":[{"start":{"line":1329,"column":4},"end":{"line":1331,"column":5}},{"start":{},"end":{}}],"line":1329},"116":{"loc":{"start":{"line":1335,"column":0},"end":{"line":1343,"column":1}},"type":"if","locations":[{"start":{"line":1335,"column":0},"end":{"line":1343,"column":1}},{"start":{},"end":{}}],"line":1335},"117":{"loc":{"start":{"line":1335,"column":4},"end":{"line":1335,"column":51}},"type":"binary-expr","locations":[{"start":{"line":1335,"column":4},"end":{"line":1335,"column":33}},{"start":{"line":1335,"column":37},"end":{"line":1335,"column":51}}],"line":1335}},"s":{"0":0,"1":0,"2":0,"3":0,"4":0,"5":0,"6":0,"7":0,"8":0,"9":0,"10":0,"11":0,"12":0,"13":0,"14":0,"15":0,"16":0,"17":0,"18":0,"19":0,"20":0,"21":0,"22":0,"23":0,"24":0,"25":0,"26":0,"27":0,"28":0,"29":0,"30":0,"31":0,"32":0,"33":0,"34":0,"35":0,"36":0,"37":0,"38":0,"39":0,"40":0,"41":0,"42":0,"43":0,"44":0,"45":0,"46":0,"47":0,"48":0,"49":0,"50":0,"51":0,"52":0,"53":0,"54":0,"55":0,"56":0,"57":0,"58":0,"59":0,"60":0,"61":0,"62":0,"63":0,"64":0,"65":0,"66":0,"67":0,"68":0,"69":0,"70":0,"71":0,"72":0,"73":0,"74":0,"75":0,"76":0,"77":0,"78":0,"79":0,"80":0,"81":0,"82":0,"83":0,"84":0,"85":0,"86":0,"87":0,"88":0,"89":0,"90":0,"91":0,"92":0,"93":0,"94":0,"95":0,"96":0,"97":0,"98":0,"99":0,"100":0,"101":0,"102":0,"103":0,"104":0,"105":0,"106":0,"107":0,"108":0,"109":0,"110":0,"111":0,"112":0,"113":0,"114":0,"115":0,"116":0,"117":0,"118":0,"119":0,"120":0,"121":0,"122":0,"123":0,"124":0,"125":0,"126":0,"127":0,"128":0,"129":0,"130":0,"131":0,"132":0,"133":0,"134":0,"135":0,"136":0,"137":0,"138":0,"139":0,"140":0,"141":0,"142":0,"143":0,"144":0,"145":0,"146":0,"147":0,"148":0,"149":0,"150":0,"151":0,"152":0,"153":0,"154":0,"155":0,"156":0,"157":0,"158":0,"159":0,"160":0,"161":0,"162":0,"163":0,"164":0,"165":0,"166":0,"167":0,"168":0,"169":0,"170":0,"171":0,"172":0,"173":0,"174":0,"175":0,"176":0,"177":0,"178":0,"179":0,"180":0,"181":0,"182":0,"183":0,"184":0,"185":0,"186":0,"187":0,"188":0,"189":0,"190":0,"191":0,"192":0,"193":0,"194":0,"195":0,"196":0,"197":0,"198":0,"199":0,"200":0,"201":0,"202":0,"203":0,"204":0,"205":0,"206":0,"207":0,"208":0,"209":0,"210":0,"211":0,"212":0,"213":0,"214":0,"215":0,"216":0,"217":0,"218":0,"219":0,"220":0,"221":0,"222":0,"223":0,"224":0,"225":0,"226":0,"227":0,"228":0,"229":0,"230":0,"231":0,"232":0,"233":0,"234":0,"235":0,"236":0,"237":0,"238":0,"239":0,"240":0,"241":0,"242":0,"243":0,"244":0,"245":0,"246":0,"247":0,"248":0,"249":0,"250":0,"251":0,"252":0,"253":0,"254":0,"255":0,"256":0,"257":0,"258":0,"259":0,"260":0,"261":0,"262":0,"263":0,"264":0,"265":0,"266":0,"267":0,"268":0,"269":0,"270":0,"271":0,"272":0,"273":0,"274":0,"275":0,"276":0,"277":0,"278":0,"279":0,"280":0,"281":0,"282":0,"283":0,"284":0,"285":0,"286":0,"287":0,"288":0,"289":0,"290":0,"291":0,"292":0,"293":0,"294":0,"295":0,"296":0,"297":0,"298":0,"299":0,"300":0,"301":0,"302":0,"303":0,"304":0,"305":0,"306":0,"307":0,"308":0,"309":0,"310":0,"311":0,"312":0,"313":0,"314":0,"315":0,"316":0,"317":0,"318":0,"319":0,"320":0,"321":0,"322":0,"323":0,"324":0,"325":0,"326":0,"327":0,"328":0,"329":0,"330":0,"331":0,"332":0,"333":0,"334":0,"335":0,"336":0,"337":0,"338":0,"339":0,"340":0,"341":0,"342":0,"343":0,"344":0,"345":0,"346":0,"347":0,"348":0,"349":0,"350":0,"351":0,"352":0,"353":0,"354":0,"355":0,"356":0,"357":0,"358":0,"359":0,"360":0,"361":0,"362":0,"363":0,"364":0,"365":0,"366":0,"367":0,"368":0,"369":0,"370":0,"371":0,"372":0,"373":0,"374":0,"375":0,"376":0,"377":0,"378":0,"379":0,"380":0,"381":0,"382":0,"383":0,"384":0,"385":0,"386":0,"387":0,"388":0,"389":0,"390":0,"391":0,"392":0,"393":0,"394":0,"395":0,"396":0,"397":0,"398":0,"399":0,"400":0,"401":0,"402":0,"403":0,"404":0,"405":0,"406":0,"407":0,"408":0,"409":0,"410":0,"411":0,"412":0,"413":0,"414":0,"415":0,"416":0,"417":0,"418":0,"419":0,"420":0,"421":0,"422":0,"423":0,"424":0,"425":0,"426":0,"427":0,"428":0,"429":0,"430":0,"431":0,"432":0,"433":0,"434":0,"435":0,"436":0,"437":0,"438":0,"439":0,"440":0,"441":0,"442":0,"443":0,"444":0,"445":0,"446":0,"447":0,"448":0,"449":0,"450":0,"451":0,"452":0,"453":0,"454":0,"455":0,"456":0,"457":0,"458":0,"459":0,"460":0,"461":0,"462":0,"463":0,"464":0,"465":0,"466":0,"467":0,"468":0,"469":0,"470":0,"471":0,"472":0,"473":0,"474":0,"475":0,"476":0,"477":0,"478":0,"479":0,"480":0,"481":0,"482":0,"483":0,"484":0,"485":0,"486":0,"487":0,"488":0,"489":0,"490":0,"491":0,"492":0,"493":0,"494":0,"495":0,"496":0,"497":0,"498":0,"499":0,"500":0,"501":0,"502":0,"503":0,"504":0,"505":0,"506":0,"507":0,"508":0,"509":0,"510":0,"511":0,"512":0,"513":0,"514":0,"515":0,"516":0,"517":0,"518":0,"519":0,"520":0,"521":0,"522":0,"523":0,"524":0,"525":0,"526":0,"527":0,"528":0,"529":0,"530":0,"531":0,"532":0,"533":0,"534":0,"535":0,"536":0,"537":0,"538":0,"539":0,"540":0,"541":0,"542":0,"543":0,"544":0,"545":0,"546":0,"547":0,"548":0,"549":0,"550":0,"551":0,"552":0,"553":0,"554":0,"555":0,"556":0,"557":0,"558":0,"559":0,"560":0,"561":0,"562":0,"563":0,"564":0,"565":0,"566":0,"567":0,"568":0,"569":0,"570":0,"571":0},"f":{"0":0,"1":0,"2":0,"3":0,"4":0,"5":0,"6":0,"7":0,"8":0,"9":0,"10":0,"11":0,"12":0,"13":0,"14":0,"15":0,"16":0,"17":0,"18":0,"19":0,"20":0,"21":0,"22":0,"23":0,"24":0,"25":0,"26":0,"27":0,"28":0,"29":0,"30":0,"31":0,"32":0,"33":0,"34":0,"35":0,"36":0,"37":0,"38":0,"39":0,"40":0,"41":0,"42":0,"43":0,"44":0,"45":0,"46":0,"47":0,"48":0,"49":0,"50":0,"51":0,"52":0,"53":0,"54":0,"55":0,"56":0,"57":0,"58":0,"59":0,"60":0,"61":0,"62":0,"63":0,"64":0,"65":0,"66":0,"67":0,"68":0,"69":0,"70":0,"71":0,"72":0,"73":0,"74":0,"75":0,"76":0,"77":0,"78":0,"79":0,"80":0,"81":0,"82":0,"83":0,"84":0,"85":0,"86":0,"87":0,"88":0,"89":0,"90":0,"91":0,"92":0,"93":0,"94":0,"95":0,"96":0,"97":0,"98":0,"99":0,"100":0,"101":0,"102":0,"103":0,"104":0,"105":0,"106":0,"107":0,"108":0,"109":0,"110":0,"111":0,"112":0,"113":0,"114":0,"115":0,"116":0,"117":0,"118":0,"119":0,"120":0,"121":0},"b":{"0":[0,0],"1":[0,0],"2":[0,0],"3":[0,0],"4":[0,0],"5":[0,0],"6":[0,0],"7":[0,0],"8":[0,0,0],"9":[0,0],"10":[0,0],"11":[0],"12":[0],"13":[0],"14":[0],"15":[0,0],"16":[0,0],"17":[0,0],"18":[0,0],"19":[0,0],"20":[0,0,0,0,0],"21":[0,0,0,0],"22":[0,0],"23":[0,0],"24":[0,0],"25":[0,0],"26":[0,0],"27":[0,0],"28":[0,0],"29":[0,0,0],"30":[0,0],"31":[0,0],"32":[0,0],"33":[0,0],"34":[0,0],"35":[0,0],"36":[0,0],"37":[0,0],"38":[0,0],"39":[0,0],"40":[0,0],"41":[0,0],"42":[0,0],"43":[0,0],"44":[0,0],"45":[0,0],"46":[0,0],"47":[0,0],"48":[0,0],"49":[0,0],"50":[0,0],"51":[0,0],"52":[0,0],"53":[0,0],"54":[0,0],"55":[0,0],"56":[0,0],"57":[0,0],"58":[0,0],"59":[0,0],"60":[0,0],"61":[0,0],"62":[0,0],"63":[0,0],"64":[0,0],"65":[0,0],"66":[0,0],"67":[0,0],"68":[0,0],"69":[0,0],"70":[0],"71":[0,0],"72":[0,0],"73":[0,0],"74":[0,0],"75":[0],"76":[0,0],"77":[0,0],"78":[0,0],"79":[0,0],"80":[0,0],"81":[0,0],"82":[0,0],"83":[0,0],"84":[0,0],"85":[0,0],"86":[0,0],"87":[0,0],"88":[0,0],"89":[0,0],"90":[0,0],"91":[0,0,0],"92":[0,0],"93":[0,0],"94":[0,0],"95":[0,0],"96":[0,0],"97":[0,0],"98":[0,0],"99":[0,0],"100":[0,0],"101":[0,0],"102":[0,0],"103":[0,0],"104":[0],"105":[0,0],"106":[0,0],"107":[0,0],"108":[0,0],"109":[0,0],"110":[0,0],"111":[0,0],"112":[0,0],"113":[0,0],"114":[0,0],"115":[0,0],"116":[0,0],"117":[0,0]}}
}
