{"/Users/Sebastian.Shaw/Documents/Code/snarkflix/generate-review-pages.js": {"path":"/Users/Sebastian.Shaw/Documents/Code/snarkflix/generate-review-pages.js","statementMap":{"0":{"start":{"line":1,"column":11},"end":{"line":1,"column":24}},"1":{"start":{"line":2,"column":13},"end":{"line":2,"column":28}},"2":{"start":{"line":5,"column":24},"end":{"line":5,"column":63}},"3":{"start":{"line":6,"column":27},"end":{"line":6,"column":67}},"4":{"start":{"line":9,"column":21},"end":{"line":9,"column":89}},"5":{"start":{"line":10,"column":0},"end":{"line":12,"column":1}},"6":{"start":{"line":11,"column":2},"end":{"line":11,"column":78}},"7":{"start":{"line":15,"column":16},"end":{"line":15,"column":49}},"8":{"start":{"line":18,"column":18},"end":{"line":18,"column":48}},"9":{"start":{"line":19,"column":0},"end":{"line":21,"column":1}},"10":{"start":{"line":20,"column":2},"end":{"line":20,"column":26}},"11":{"start":{"line":24,"column":0},"end":{"line":112,"column":3}},"12":{"start":{"line":25,"column":15},"end":{"line":106,"column":8}},"13":{"start":{"line":109,"column":19},"end":{"line":109,"column":60}},"14":{"start":{"line":110,"column":2},"end":{"line":110,"column":35}},"15":{"start":{"line":111,"column":2},"end":{"line":111,"column":79}},"16":{"start":{"line":114,"column":0},"end":{"line":114,"column":56}}},"fnMap":{"0":{"name":"(anonymous_0)","decl":{"start":{"line":24,"column":16},"end":{"line":24,"column":17}},"loc":{"start":{"line":24,"column":26},"end":{"line":112,"column":1}},"line":24}},"branchMap":{"0":{"loc":{"start":{"line":10,"column":0},"end":{"line":12,"column":1}},"type":"if","locations":[{"start":{"line":10,"column":0},"end":{"line":12,"column":1}},{"start":{},"end":{}}],"line":10},"1":{"loc":{"start":{"line":19,"column":0},"end":{"line":21,"column":1}},"type":"if","locations":[{"start":{"line":19,"column":0},"end":{"line":21,"column":1}},{"start":{},"end":{}}],"line":19}},"s":{"0":0,"1":0,"2":0,"3":0,"4":0,"5":0,"6":0,"7":0,"8":0,"9":0,"10":0,"11":0,"12":0,"13":0,"14":0,"15":0,"16":0},"f":{"0":0},"b":{"0":[0,0],"1":[0,0]}}
,"/Users/Sebastian.Shaw/Documents/Code/snarkflix/reviews-data.js": {"path":"/Users/Sebastian.Shaw/Documents/Code/snarkflix/reviews-data.js","statementMap":{"0":{"start":{"line":22,"column":25},"end":{"line":692,"column":1}},"1":{"start":{"line":695,"column":0},"end":{"line":697,"column":1}},"2":{"start":{"line":696,"column":4},"end":{"line":696,"column":38}}},"fnMap":{},"branchMap":{"0":{"loc":{"start":{"line":695,"column":0},"end":{"line":697,"column":1}},"type":"if","locations":[{"start":{"line":695,"column":0},"end":{"line":697,"column":1}},{"start":{},"end":{}}],"line":695},"1":{"loc":{"start":{"line":695,"column":4},"end":{"line":695,"column":51}},"type":"binary-expr","locations":[{"start":{"line":695,"column":4},"end":{"line":695,"column":33}},{"start":{"line":695,"column":37},"end":{"line":695,"column":51}}],"line":695}},"s":{"0":0,"1":0,"2":0},"f":{},"b":{"0":[0,0],"1":[0,0]}}
,"/Users/Sebastian.Shaw/Documents/Code/snarkflix/script.js": {"path":"/Users/Sebastian.Shaw/Documents/Code/snarkflix/script.js","statementMap":{"0":{"start":{"line":6,"column":22},"end":{"line":6,"column":41}},"1":{"start":{"line":7,"column":21},"end":{"line":7,"column":52}},"2":{"start":{"line":8,"column":21},"end":{"line":8,"column":53}},"3":{"start":{"line":9,"column":27},"end":{"line":9,"column":69}},"4":{"start":{"line":10,"column":16},"end":{"line":10,"column":67}},"5":{"start":{"line":14,"column":34},"end":{"line":20,"column":58}},"6":{"start":{"line":22,"column":4},"end":{"line":25,"column":5}},"7":{"start":{"line":24,"column":8},"end":{"line":24,"column":75}},"8":{"start":{"line":31,"column":4},"end":{"line":37,"column":5}},"9":{"start":{"line":33,"column":8},"end":{"line":33,"column":196}},"10":{"start":{"line":36,"column":8},"end":{"line":36,"column":158}},"11":{"start":{"line":40,"column":18},"end":{"line":42,"column":70}},"12":{"start":{"line":44,"column":4},"end":{"line":51,"column":6}},"13":{"start":{"line":60,"column":28},"end":{"line":77,"column":1}},"14":{"start":{"line":82,"column":18},"end":{"line":82,"column":19}},"15":{"start":{"line":83,"column":23},"end":{"line":83,"column":24}},"16":{"start":{"line":84,"column":18},"end":{"line":84,"column":26}},"17":{"start":{"line":85,"column":22},"end":{"line":85,"column":27}},"18":{"start":{"line":86,"column":24},"end":{"line":86,"column":26}},"19":{"start":{"line":89,"column":0},"end":{"line":122,"column":3}},"20":{"start":{"line":90,"column":4},"end":{"line":90,"column":20}},"21":{"start":{"line":93,"column":22},"end":{"line":93,"column":65}},"22":{"start":{"line":94,"column":24},"end":{"line":94,"column":47}},"23":{"start":{"line":96,"column":4},"end":{"line":119,"column":5}},"24":{"start":{"line":97,"column":25},"end":{"line":97,"column":46}},"25":{"start":{"line":98,"column":23},"end":{"line":98,"column":68}},"26":{"start":{"line":98,"column":50},"end":{"line":98,"column":67}},"27":{"start":{"line":100,"column":8},"end":{"line":118,"column":9}},"28":{"start":{"line":102,"column":12},"end":{"line":102,"column":115}},"29":{"start":{"line":103,"column":12},"end":{"line":103,"column":106}},"30":{"start":{"line":104,"column":12},"end":{"line":104,"column":71}},"31":{"start":{"line":105,"column":12},"end":{"line":105,"column":81}},"32":{"start":{"line":107,"column":12},"end":{"line":107,"column":120}},"33":{"start":{"line":108,"column":12},"end":{"line":108,"column":111}},"34":{"start":{"line":109,"column":12},"end":{"line":109,"column":76}},"35":{"start":{"line":110,"column":12},"end":{"line":110,"column":86}},"36":{"start":{"line":113,"column":12},"end":{"line":113,"column":105}},"37":{"start":{"line":114,"column":36},"end":{"line":114,"column":86}},"38":{"start":{"line":115,"column":12},"end":{"line":117,"column":13}},"39":{"start":{"line":116,"column":16},"end":{"line":116,"column":118}},"40":{"start":{"line":121,"column":4},"end":{"line":121,"column":27}},"41":{"start":{"line":125,"column":0},"end":{"line":127,"column":3}},"42":{"start":{"line":126,"column":4},"end":{"line":126,"column":27}},"43":{"start":{"line":131,"column":17},"end":{"line":131,"column":37}},"44":{"start":{"line":132,"column":22},"end":{"line":132,"column":65}},"45":{"start":{"line":133,"column":24},"end":{"line":133,"column":47}},"46":{"start":{"line":135,"column":19},"end":{"line":135,"column":23}},"47":{"start":{"line":138,"column":24},"end":{"line":138,"column":51}},"48":{"start":{"line":139,"column":4},"end":{"line":145,"column":5}},"49":{"start":{"line":140,"column":8},"end":{"line":140,"column":44}},"50":{"start":{"line":143,"column":9},"end":{"line":145,"column":5}},"51":{"start":{"line":144,"column":8},"end":{"line":144,"column":41}},"52":{"start":{"line":147,"column":4},"end":{"line":159,"column":5}},"53":{"start":{"line":148,"column":23},"end":{"line":148,"column":68}},"54":{"start":{"line":148,"column":50},"end":{"line":148,"column":67}},"55":{"start":{"line":150,"column":8},"end":{"line":155,"column":9}},"56":{"start":{"line":152,"column":12},"end":{"line":154,"column":20}},"57":{"start":{"line":153,"column":16},"end":{"line":153,"column":41}},"58":{"start":{"line":156,"column":11},"end":{"line":159,"column":5}},"59":{"start":{"line":158,"column":8},"end":{"line":158,"column":27}},"60":{"start":{"line":164,"column":4},"end":{"line":164,"column":58}},"61":{"start":{"line":165,"column":4},"end":{"line":165,"column":59}},"62":{"start":{"line":168,"column":4},"end":{"line":168,"column":18}},"63":{"start":{"line":169,"column":4},"end":{"line":169,"column":26}},"64":{"start":{"line":170,"column":4},"end":{"line":170,"column":25}},"65":{"start":{"line":171,"column":4},"end":{"line":171,"column":29}},"66":{"start":{"line":172,"column":4},"end":{"line":172,"column":24}},"67":{"start":{"line":173,"column":4},"end":{"line":173,"column":18}},"68":{"start":{"line":174,"column":4},"end":{"line":174,"column":27}},"69":{"start":{"line":175,"column":4},"end":{"line":175,"column":28}},"70":{"start":{"line":180,"column":23},"end":{"line":180,"column":69}},"71":{"start":{"line":181,"column":4},"end":{"line":186,"column":5}},"72":{"start":{"line":182,"column":8},"end":{"line":185,"column":11}},"73":{"start":{"line":183,"column":12},"end":{"line":183,"column":31}},"74":{"start":{"line":184,"column":12},"end":{"line":184,"column":31}},"75":{"start":{"line":189,"column":21},"end":{"line":189,"column":69}},"76":{"start":{"line":190,"column":4},"end":{"line":203,"column":7}},"77":{"start":{"line":191,"column":8},"end":{"line":202,"column":11}},"78":{"start":{"line":192,"column":12},"end":{"line":192,"column":31}},"79":{"start":{"line":193,"column":12},"end":{"line":193,"column":31}},"80":{"start":{"line":195,"column":12},"end":{"line":201,"column":20}},"81":{"start":{"line":196,"column":33},"end":{"line":196,"column":71}},"82":{"start":{"line":197,"column":38},"end":{"line":197,"column":71}},"83":{"start":{"line":198,"column":16},"end":{"line":200,"column":17}},"84":{"start":{"line":199,"column":20},"end":{"line":199,"column":73}},"85":{"start":{"line":207,"column":4},"end":{"line":285,"column":5}},"86":{"start":{"line":209,"column":8},"end":{"line":209,"column":35}},"87":{"start":{"line":210,"column":8},"end":{"line":210,"column":39}},"88":{"start":{"line":211,"column":8},"end":{"line":211,"column":27}},"89":{"start":{"line":214,"column":8},"end":{"line":216,"column":9}},"90":{"start":{"line":215,"column":12},"end":{"line":215,"column":58}},"91":{"start":{"line":218,"column":30},"end":{"line":218,"column":46}},"92":{"start":{"line":221,"column":4},"end":{"line":225,"column":5}},"93":{"start":{"line":222,"column":8},"end":{"line":224,"column":10}},"94":{"start":{"line":223,"column":12},"end":{"line":223,"column":40}},"95":{"start":{"line":228,"column":4},"end":{"line":237,"column":5}},"96":{"start":{"line":229,"column":32},"end":{"line":229,"column":56}},"97":{"start":{"line":230,"column":8},"end":{"line":236,"column":10}},"98":{"start":{"line":231,"column":12},"end":{"line":235,"column":67}},"99":{"start":{"line":240,"column":4},"end":{"line":258,"column":7}},"100":{"start":{"line":241,"column":8},"end":{"line":257,"column":9}},"101":{"start":{"line":244,"column":30},"end":{"line":244,"column":53}},"102":{"start":{"line":245,"column":30},"end":{"line":245,"column":53}},"103":{"start":{"line":246,"column":16},"end":{"line":246,"column":37}},"104":{"start":{"line":249,"column":16},"end":{"line":249,"column":45}},"105":{"start":{"line":252,"column":34},"end":{"line":252,"column":61}},"106":{"start":{"line":253,"column":34},"end":{"line":253,"column":61}},"107":{"start":{"line":254,"column":16},"end":{"line":254,"column":45}},"108":{"start":{"line":256,"column":16},"end":{"line":256,"column":25}},"109":{"start":{"line":261,"column":23},"end":{"line":261,"column":50}},"110":{"start":{"line":262,"column":21},"end":{"line":262,"column":48}},"111":{"start":{"line":263,"column":26},"end":{"line":263,"column":69}},"112":{"start":{"line":266,"column":4},"end":{"line":268,"column":5}},"113":{"start":{"line":267,"column":8},"end":{"line":267,"column":35}},"114":{"start":{"line":271,"column":4},"end":{"line":274,"column":7}},"115":{"start":{"line":272,"column":30},"end":{"line":272,"column":57}},"116":{"start":{"line":273,"column":8},"end":{"line":273,"column":47}},"117":{"start":{"line":277,"column":38},"end":{"line":277,"column":65}},"118":{"start":{"line":278,"column":8},"end":{"line":278,"column":76}},"119":{"start":{"line":281,"column":8},"end":{"line":281,"column":27}},"120":{"start":{"line":283,"column":8},"end":{"line":283,"column":55}},"121":{"start":{"line":284,"column":8},"end":{"line":284,"column":37}},"122":{"start":{"line":289,"column":23},"end":{"line":289,"column":56}},"123":{"start":{"line":290,"column":4},"end":{"line":290,"column":51}},"124":{"start":{"line":291,"column":4},"end":{"line":291,"column":62}},"125":{"start":{"line":292,"column":4},"end":{"line":292,"column":45}},"126":{"start":{"line":293,"column":4},"end":{"line":293,"column":47}},"127":{"start":{"line":294,"column":4},"end":{"line":294,"column":71}},"128":{"start":{"line":296,"column":4},"end":{"line":327,"column":6}},"129":{"start":{"line":330,"column":4},"end":{"line":335,"column":7}},"130":{"start":{"line":332,"column":8},"end":{"line":334,"column":9}},"131":{"start":{"line":333,"column":12},"end":{"line":333,"column":40}},"132":{"start":{"line":338,"column":25},"end":{"line":338,"column":76}},"133":{"start":{"line":339,"column":4},"end":{"line":345,"column":7}},"134":{"start":{"line":340,"column":8},"end":{"line":344,"column":11}},"135":{"start":{"line":341,"column":12},"end":{"line":341,"column":32}},"136":{"start":{"line":342,"column":29},"end":{"line":342,"column":80}},"137":{"start":{"line":343,"column":12},"end":{"line":343,"column":42}},"138":{"start":{"line":348,"column":4},"end":{"line":353,"column":7}},"139":{"start":{"line":349,"column":8},"end":{"line":352,"column":9}},"140":{"start":{"line":350,"column":12},"end":{"line":350,"column":31}},"141":{"start":{"line":351,"column":12},"end":{"line":351,"column":40}},"142":{"start":{"line":356,"column":16},"end":{"line":356,"column":47}},"143":{"start":{"line":357,"column":4},"end":{"line":372,"column":5}},"144":{"start":{"line":359,"column":8},"end":{"line":361,"column":11}},"145":{"start":{"line":360,"column":12},"end":{"line":360,"column":39}},"146":{"start":{"line":364,"column":8},"end":{"line":366,"column":11}},"147":{"start":{"line":365,"column":12},"end":{"line":365,"column":33}},"148":{"start":{"line":369,"column":8},"end":{"line":371,"column":11}},"149":{"start":{"line":370,"column":12},"end":{"line":370,"column":34}},"150":{"start":{"line":374,"column":4},"end":{"line":374,"column":22}},"151":{"start":{"line":378,"column":19},"end":{"line":378,"column":64}},"152":{"start":{"line":378,"column":46},"end":{"line":378,"column":63}},"153":{"start":{"line":379,"column":4},"end":{"line":382,"column":5}},"154":{"start":{"line":381,"column":8},"end":{"line":381,"column":33}},"155":{"start":{"line":388,"column":4},"end":{"line":394,"column":5}},"156":{"start":{"line":390,"column":8},"end":{"line":390,"column":75}},"157":{"start":{"line":393,"column":8},"end":{"line":393,"column":68}},"158":{"start":{"line":397,"column":22},"end":{"line":397,"column":65}},"159":{"start":{"line":398,"column":23},"end":{"line":398,"column":52}},"160":{"start":{"line":399,"column":25},"end":{"line":399,"column":57}},"161":{"start":{"line":400,"column":31},"end":{"line":400,"column":65}},"162":{"start":{"line":401,"column":28},"end":{"line":401,"column":85}},"163":{"start":{"line":403,"column":19},"end":{"line":403,"column":21}},"164":{"start":{"line":405,"column":4},"end":{"line":427,"column":5}},"165":{"start":{"line":407,"column":12},"end":{"line":407,"column":153}},"166":{"start":{"line":408,"column":12},"end":{"line":408,"column":18}},"167":{"start":{"line":410,"column":12},"end":{"line":410,"column":134}},"168":{"start":{"line":411,"column":12},"end":{"line":411,"column":18}},"169":{"start":{"line":414,"column":12},"end":{"line":425,"column":15}},"170":{"start":{"line":415,"column":16},"end":{"line":415,"column":67}},"171":{"start":{"line":418,"column":33},"end":{"line":418,"column":67}},"172":{"start":{"line":419,"column":16},"end":{"line":419,"column":43}},"173":{"start":{"line":420,"column":16},"end":{"line":420,"column":52}},"174":{"start":{"line":421,"column":16},"end":{"line":421,"column":34}},"175":{"start":{"line":422,"column":16},"end":{"line":422,"column":45}},"176":{"start":{"line":423,"column":16},"end":{"line":423,"column":52}},"177":{"start":{"line":424,"column":16},"end":{"line":424,"column":67}},"178":{"start":{"line":426,"column":12},"end":{"line":426,"column":19}},"179":{"start":{"line":429,"column":4},"end":{"line":431,"column":5}},"180":{"start":{"line":430,"column":8},"end":{"line":430,"column":64}},"181":{"start":{"line":436,"column":25},"end":{"line":436,"column":54}},"182":{"start":{"line":437,"column":4},"end":{"line":437,"column":60}},"183":{"start":{"line":438,"column":4},"end":{"line":438,"column":39}},"184":{"start":{"line":439,"column":4},"end":{"line":451,"column":6}},"185":{"start":{"line":453,"column":4},"end":{"line":453,"column":44}},"186":{"start":{"line":456,"column":4},"end":{"line":463,"column":13}},"187":{"start":{"line":457,"column":8},"end":{"line":457,"column":63}},"188":{"start":{"line":458,"column":8},"end":{"line":462,"column":16}},"189":{"start":{"line":459,"column":12},"end":{"line":461,"column":13}},"190":{"start":{"line":460,"column":16},"end":{"line":460,"column":66}},"191":{"start":{"line":467,"column":18},"end":{"line":467,"column":32}},"192":{"start":{"line":470,"column":4},"end":{"line":476,"column":7}},"193":{"start":{"line":471,"column":8},"end":{"line":475,"column":10}},"194":{"start":{"line":479,"column":23},"end":{"line":479,"column":44}},"195":{"start":{"line":480,"column":22},"end":{"line":480,"column":24}},"196":{"start":{"line":483,"column":4},"end":{"line":485,"column":5}},"197":{"start":{"line":484,"column":8},"end":{"line":484,"column":47}},"198":{"start":{"line":486,"column":4},"end":{"line":492,"column":5}},"199":{"start":{"line":488,"column":29},"end":{"line":489,"column":68}},"200":{"start":{"line":489,"column":26},"end":{"line":489,"column":67}},"201":{"start":{"line":490,"column":32},"end":{"line":490,"column":98}},"202":{"start":{"line":490,"column":70},"end":{"line":490,"column":97}},"203":{"start":{"line":491,"column":8},"end":{"line":491,"column":43}},"204":{"start":{"line":495,"column":4},"end":{"line":497,"column":5}},"205":{"start":{"line":496,"column":8},"end":{"line":496,"column":75}},"206":{"start":{"line":496,"column":43},"end":{"line":496,"column":64}},"207":{"start":{"line":500,"column":28},"end":{"line":500,"column":45}},"208":{"start":{"line":501,"column":27},"end":{"line":501,"column":29}},"209":{"start":{"line":503,"column":4},"end":{"line":515,"column":5}},"210":{"start":{"line":505,"column":8},"end":{"line":505,"column":61}},"211":{"start":{"line":506,"column":11},"end":{"line":515,"column":5}},"212":{"start":{"line":508,"column":8},"end":{"line":508,"column":61}},"213":{"start":{"line":509,"column":8},"end":{"line":509,"column":67}},"214":{"start":{"line":510,"column":11},"end":{"line":515,"column":5}},"215":{"start":{"line":512,"column":8},"end":{"line":512,"column":61}},"216":{"start":{"line":513,"column":8},"end":{"line":513,"column":61}},"217":{"start":{"line":514,"column":8},"end":{"line":514,"column":67}},"218":{"start":{"line":517,"column":17},"end":{"line":517,"column":19}},"219":{"start":{"line":518,"column":21},"end":{"line":518,"column":22}},"220":{"start":{"line":520,"column":4},"end":{"line":532,"column":7}},"221":{"start":{"line":521,"column":8},"end":{"line":521,"column":40}},"222":{"start":{"line":524,"column":8},"end":{"line":531,"column":9}},"223":{"start":{"line":525,"column":12},"end":{"line":529,"column":14}},"224":{"start":{"line":530,"column":12},"end":{"line":530,"column":25}},"225":{"start":{"line":534,"column":4},"end":{"line":534,"column":18}},"226":{"start":{"line":539,"column":18},"end":{"line":540,"column":68}},"227":{"start":{"line":542,"column":4},"end":{"line":550,"column":5}},"228":{"start":{"line":543,"column":8},"end":{"line":543,"column":49}},"229":{"start":{"line":544,"column":8},"end":{"line":548,"column":9}},"230":{"start":{"line":545,"column":12},"end":{"line":545,"column":55}},"231":{"start":{"line":547,"column":12},"end":{"line":547,"column":51}},"232":{"start":{"line":549,"column":8},"end":{"line":549,"column":43}},"233":{"start":{"line":552,"column":4},"end":{"line":552,"column":45}},"234":{"start":{"line":557,"column":4},"end":{"line":559,"column":5}},"235":{"start":{"line":558,"column":8},"end":{"line":558,"column":25}},"236":{"start":{"line":562,"column":4},"end":{"line":566,"column":5}},"237":{"start":{"line":563,"column":8},"end":{"line":563,"column":56}},"238":{"start":{"line":565,"column":8},"end":{"line":565,"column":56}},"239":{"start":{"line":571,"column":4},"end":{"line":571,"column":31}},"240":{"start":{"line":571,"column":21},"end":{"line":571,"column":31}},"241":{"start":{"line":574,"column":25},"end":{"line":574,"column":117}},"242":{"start":{"line":575,"column":4},"end":{"line":577,"column":5}},"243":{"start":{"line":576,"column":8},"end":{"line":576,"column":66}},"244":{"start":{"line":580,"column":26},"end":{"line":580,"column":63}},"245":{"start":{"line":581,"column":4},"end":{"line":583,"column":5}},"246":{"start":{"line":582,"column":8},"end":{"line":582,"column":67}},"247":{"start":{"line":585,"column":4},"end":{"line":585,"column":22}},"248":{"start":{"line":590,"column":4},"end":{"line":590,"column":57}},"249":{"start":{"line":593,"column":4},"end":{"line":593,"column":97}},"250":{"start":{"line":596,"column":28},"end":{"line":596,"column":78}},"251":{"start":{"line":597,"column":4},"end":{"line":599,"column":5}},"252":{"start":{"line":598,"column":8},"end":{"line":598,"column":110}},"253":{"start":{"line":602,"column":4},"end":{"line":602,"column":107}},"254":{"start":{"line":603,"column":4},"end":{"line":603,"column":98}},"255":{"start":{"line":604,"column":4},"end":{"line":604,"column":63}},"256":{"start":{"line":605,"column":4},"end":{"line":605,"column":74}},"257":{"start":{"line":606,"column":4},"end":{"line":606,"column":48}},"258":{"start":{"line":607,"column":4},"end":{"line":607,"column":60}},"259":{"start":{"line":608,"column":4},"end":{"line":608,"column":47}},"260":{"start":{"line":609,"column":4},"end":{"line":609,"column":40}},"261":{"start":{"line":610,"column":4},"end":{"line":610,"column":73}},"262":{"start":{"line":613,"column":4},"end":{"line":613,"column":67}},"263":{"start":{"line":614,"column":4},"end":{"line":614,"column":72}},"264":{"start":{"line":617,"column":4},"end":{"line":617,"column":112}},"265":{"start":{"line":618,"column":4},"end":{"line":618,"column":103}},"266":{"start":{"line":619,"column":4},"end":{"line":619,"column":68}},"267":{"start":{"line":620,"column":4},"end":{"line":620,"column":78}},"268":{"start":{"line":623,"column":31},"end":{"line":623,"column":78}},"269":{"start":{"line":624,"column":4},"end":{"line":634,"column":5}},"270":{"start":{"line":625,"column":8},"end":{"line":625,"column":51}},"271":{"start":{"line":626,"column":31},"end":{"line":626,"column":69}},"272":{"start":{"line":627,"column":8},"end":{"line":633,"column":9}},"273":{"start":{"line":628,"column":12},"end":{"line":632,"column":14}},"274":{"start":{"line":635,"column":27},"end":{"line":635,"column":109}},"275":{"start":{"line":636,"column":4},"end":{"line":638,"column":7}},"276":{"start":{"line":637,"column":8},"end":{"line":637,"column":39}},"277":{"start":{"line":641,"column":34},"end":{"line":641,"column":93}},"278":{"start":{"line":642,"column":4},"end":{"line":644,"column":5}},"279":{"start":{"line":643,"column":8},"end":{"line":643,"column":39}},"280":{"start":{"line":647,"column":26},"end":{"line":647,"column":55}},"281":{"start":{"line":648,"column":4},"end":{"line":648,"column":65}},"282":{"start":{"line":649,"column":4},"end":{"line":649,"column":62}},"283":{"start":{"line":652,"column":19},"end":{"line":652,"column":62}},"284":{"start":{"line":653,"column":4},"end":{"line":655,"column":5}},"285":{"start":{"line":654,"column":8},"end":{"line":654,"column":74}},"286":{"start":{"line":658,"column":25},"end":{"line":658,"column":79}},"287":{"start":{"line":659,"column":4},"end":{"line":665,"column":7}},"288":{"start":{"line":660,"column":8},"end":{"line":664,"column":11}},"289":{"start":{"line":661,"column":12},"end":{"line":661,"column":31}},"290":{"start":{"line":662,"column":29},"end":{"line":662,"column":80}},"291":{"start":{"line":663,"column":12},"end":{"line":663,"column":42}},"292":{"start":{"line":668,"column":4},"end":{"line":670,"column":12}},"293":{"start":{"line":669,"column":8},"end":{"line":669,"column":35}},"294":{"start":{"line":673,"column":4},"end":{"line":673,"column":26}},"295":{"start":{"line":678,"column":4},"end":{"line":678,"column":60}},"296":{"start":{"line":681,"column":31},"end":{"line":681,"column":78}},"297":{"start":{"line":682,"column":4},"end":{"line":684,"column":5}},"298":{"start":{"line":683,"column":8},"end":{"line":683,"column":50}},"299":{"start":{"line":687,"column":4},"end":{"line":687,"column":56}},"300":{"start":{"line":690,"column":28},"end":{"line":690,"column":78}},"301":{"start":{"line":691,"column":4},"end":{"line":693,"column":5}},"302":{"start":{"line":692,"column":8},"end":{"line":692,"column":197}},"303":{"start":{"line":696,"column":4},"end":{"line":696,"column":66}},"304":{"start":{"line":697,"column":4},"end":{"line":697,"column":185}},"305":{"start":{"line":698,"column":4},"end":{"line":698,"column":78}},"306":{"start":{"line":699,"column":4},"end":{"line":699,"column":89}},"307":{"start":{"line":700,"column":4},"end":{"line":700,"column":49}},"308":{"start":{"line":701,"column":4},"end":{"line":701,"column":70}},"309":{"start":{"line":702,"column":4},"end":{"line":702,"column":47}},"310":{"start":{"line":703,"column":4},"end":{"line":703,"column":40}},"311":{"start":{"line":704,"column":4},"end":{"line":704,"column":84}},"312":{"start":{"line":707,"column":4},"end":{"line":707,"column":82}},"313":{"start":{"line":708,"column":4},"end":{"line":708,"column":87}},"314":{"start":{"line":711,"column":4},"end":{"line":711,"column":71}},"315":{"start":{"line":712,"column":4},"end":{"line":712,"column":190}},"316":{"start":{"line":713,"column":4},"end":{"line":713,"column":83}},"317":{"start":{"line":714,"column":4},"end":{"line":714,"column":89}},"318":{"start":{"line":717,"column":27},"end":{"line":717,"column":63}},"319":{"start":{"line":718,"column":4},"end":{"line":720,"column":7}},"320":{"start":{"line":719,"column":8},"end":{"line":719,"column":35}},"321":{"start":{"line":723,"column":34},"end":{"line":723,"column":93}},"322":{"start":{"line":724,"column":4},"end":{"line":726,"column":5}},"323":{"start":{"line":725,"column":8},"end":{"line":725,"column":39}},"324":{"start":{"line":729,"column":4},"end":{"line":729,"column":26}},"325":{"start":{"line":733,"column":4},"end":{"line":831,"column":6}},"326":{"start":{"line":835,"column":27},"end":{"line":842,"column":20}},"327":{"start":{"line":836,"column":21},"end":{"line":836,"column":46}},"328":{"start":{"line":838,"column":26},"end":{"line":838,"column":49}},"329":{"start":{"line":839,"column":26},"end":{"line":839,"column":49}},"330":{"start":{"line":840,"column":12},"end":{"line":840,"column":33}},"331":{"start":{"line":843,"column":24},"end":{"line":843,"column":71}},"332":{"start":{"line":845,"column":4},"end":{"line":845,"column":29}},"333":{"start":{"line":845,"column":22},"end":{"line":845,"column":29}},"334":{"start":{"line":847,"column":4},"end":{"line":876,"column":7}},"335":{"start":{"line":848,"column":27},"end":{"line":848,"column":60}},"336":{"start":{"line":849,"column":8},"end":{"line":849,"column":55}},"337":{"start":{"line":850,"column":8},"end":{"line":850,"column":73}},"338":{"start":{"line":851,"column":8},"end":{"line":851,"column":49}},"339":{"start":{"line":852,"column":8},"end":{"line":852,"column":51}},"340":{"start":{"line":853,"column":8},"end":{"line":853,"column":82}},"341":{"start":{"line":855,"column":8},"end":{"line":869,"column":10}},"342":{"start":{"line":871,"column":8},"end":{"line":873,"column":11}},"343":{"start":{"line":872,"column":12},"end":{"line":872,"column":44}},"344":{"start":{"line":875,"column":8},"end":{"line":875,"column":44}},"345":{"start":{"line":880,"column":4},"end":{"line":885,"column":5}},"346":{"start":{"line":881,"column":8},"end":{"line":881,"column":43}},"347":{"start":{"line":883,"column":8},"end":{"line":883,"column":44}},"348":{"start":{"line":884,"column":8},"end":{"line":884,"column":97}},"349":{"start":{"line":890,"column":4},"end":{"line":894,"column":5}},"350":{"start":{"line":891,"column":8},"end":{"line":893,"column":11}},"351":{"start":{"line":892,"column":12},"end":{"line":892,"column":90}},"352":{"start":{"line":897,"column":29},"end":{"line":897,"column":84}},"353":{"start":{"line":898,"column":21},"end":{"line":898,"column":67}},"354":{"start":{"line":900,"column":4},"end":{"line":906,"column":5}},"355":{"start":{"line":901,"column":8},"end":{"line":905,"column":11}},"356":{"start":{"line":902,"column":31},"end":{"line":902,"column":88}},"357":{"start":{"line":903,"column":12},"end":{"line":903,"column":72}},"358":{"start":{"line":904,"column":12},"end":{"line":904,"column":68}},"359":{"start":{"line":909,"column":4},"end":{"line":920,"column":7}},"360":{"start":{"line":910,"column":8},"end":{"line":919,"column":11}},"361":{"start":{"line":911,"column":12},"end":{"line":911,"column":31}},"362":{"start":{"line":912,"column":27},"end":{"line":912,"column":76}},"363":{"start":{"line":913,"column":12},"end":{"line":918,"column":13}},"364":{"start":{"line":914,"column":16},"end":{"line":917,"column":19}},"365":{"start":{"line":925,"column":21},"end":{"line":925,"column":48}},"366":{"start":{"line":926,"column":4},"end":{"line":926,"column":31}},"367":{"start":{"line":927,"column":4},"end":{"line":927,"column":47}},"368":{"start":{"line":928,"column":4},"end":{"line":928,"column":50}},"369":{"start":{"line":929,"column":4},"end":{"line":929,"column":67}},"370":{"start":{"line":932,"column":26},"end":{"line":932,"column":79}},"371":{"start":{"line":933,"column":4},"end":{"line":936,"column":7}},"372":{"start":{"line":934,"column":29},"end":{"line":934,"column":65}},"373":{"start":{"line":935,"column":8},"end":{"line":935,"column":73}},"374":{"start":{"line":939,"column":4},"end":{"line":950,"column":7}},"375":{"start":{"line":941,"column":8},"end":{"line":949,"column":9}},"376":{"start":{"line":942,"column":37},"end":{"line":942,"column":92}},"377":{"start":{"line":943,"column":29},"end":{"line":943,"column":75}},"378":{"start":{"line":945,"column":12},"end":{"line":948,"column":13}},"379":{"start":{"line":946,"column":16},"end":{"line":946,"column":72}},"380":{"start":{"line":947,"column":16},"end":{"line":947,"column":72}},"381":{"start":{"line":954,"column":26},"end":{"line":954,"column":79}},"382":{"start":{"line":956,"column":4},"end":{"line":976,"column":7}},"383":{"start":{"line":957,"column":8},"end":{"line":975,"column":11}},"384":{"start":{"line":958,"column":12},"end":{"line":958,"column":31}},"385":{"start":{"line":959,"column":29},"end":{"line":959,"column":63}},"386":{"start":{"line":962,"column":12},"end":{"line":962,"column":88}},"387":{"start":{"line":962,"column":39},"end":{"line":962,"column":86}},"388":{"start":{"line":963,"column":12},"end":{"line":963,"column":60}},"389":{"start":{"line":966,"column":12},"end":{"line":966,"column":39}},"390":{"start":{"line":967,"column":12},"end":{"line":967,"column":28}},"391":{"start":{"line":968,"column":12},"end":{"line":968,"column":37}},"392":{"start":{"line":971,"column":12},"end":{"line":974,"column":15}},"393":{"start":{"line":980,"column":25},"end":{"line":980,"column":65}},"394":{"start":{"line":982,"column":4},"end":{"line":988,"column":5}},"395":{"start":{"line":983,"column":8},"end":{"line":987,"column":11}},"396":{"start":{"line":984,"column":12},"end":{"line":984,"column":41}},"397":{"start":{"line":985,"column":12},"end":{"line":985,"column":28}},"398":{"start":{"line":986,"column":12},"end":{"line":986,"column":76}},"399":{"start":{"line":992,"column":24},"end":{"line":992,"column":63}},"400":{"start":{"line":993,"column":27},"end":{"line":993,"column":70}},"401":{"start":{"line":995,"column":4},"end":{"line":1022,"column":5}},"402":{"start":{"line":997,"column":32},"end":{"line":1009,"column":15}},"403":{"start":{"line":998,"column":12},"end":{"line":1000,"column":13}},"404":{"start":{"line":999,"column":16},"end":{"line":999,"column":36}},"405":{"start":{"line":1001,"column":12},"end":{"line":1001,"column":43}},"406":{"start":{"line":1002,"column":12},"end":{"line":1002,"column":28}},"407":{"start":{"line":1003,"column":12},"end":{"line":1003,"column":76}},"408":{"start":{"line":1006,"column":12},"end":{"line":1008,"column":20}},"409":{"start":{"line":1007,"column":16},"end":{"line":1007,"column":36}},"410":{"start":{"line":1011,"column":8},"end":{"line":1021,"column":11}},"411":{"start":{"line":1012,"column":31},"end":{"line":1012,"column":52}},"412":{"start":{"line":1013,"column":12},"end":{"line":1013,"column":40}},"413":{"start":{"line":1016,"column":12},"end":{"line":1020,"column":13}},"414":{"start":{"line":1017,"column":16},"end":{"line":1017,"column":55}},"415":{"start":{"line":1019,"column":16},"end":{"line":1019,"column":54}},"416":{"start":{"line":1024,"column":4},"end":{"line":1032,"column":5}},"417":{"start":{"line":1025,"column":8},"end":{"line":1031,"column":11}},"418":{"start":{"line":1026,"column":12},"end":{"line":1026,"column":35}},"419":{"start":{"line":1027,"column":12},"end":{"line":1027,"column":35}},"420":{"start":{"line":1028,"column":12},"end":{"line":1028,"column":28}},"421":{"start":{"line":1029,"column":12},"end":{"line":1029,"column":50}},"422":{"start":{"line":1030,"column":12},"end":{"line":1030,"column":76}},"423":{"start":{"line":1038,"column":4},"end":{"line":1045,"column":6}},"424":{"start":{"line":1039,"column":22},"end":{"line":1042,"column":9}},"425":{"start":{"line":1040,"column":12},"end":{"line":1040,"column":34}},"426":{"start":{"line":1041,"column":12},"end":{"line":1041,"column":26}},"427":{"start":{"line":1043,"column":8},"end":{"line":1043,"column":30}},"428":{"start":{"line":1044,"column":8},"end":{"line":1044,"column":42}},"429":{"start":{"line":1050,"column":4},"end":{"line":1050,"column":51}},"430":{"start":{"line":1053,"column":4},"end":{"line":1055,"column":5}},"431":{"start":{"line":1054,"column":8},"end":{"line":1054,"column":15}},"432":{"start":{"line":1058,"column":4},"end":{"line":1058,"column":38}},"433":{"start":{"line":1061,"column":4},"end":{"line":1061,"column":55}},"434":{"start":{"line":1064,"column":4},"end":{"line":1064,"column":45}},"435":{"start":{"line":1065,"column":4},"end":{"line":1065,"column":51}},"436":{"start":{"line":1066,"column":4},"end":{"line":1066,"column":47}},"437":{"start":{"line":1067,"column":4},"end":{"line":1067,"column":48}},"438":{"start":{"line":1071,"column":4},"end":{"line":1071,"column":50}},"439":{"start":{"line":1072,"column":4},"end":{"line":1072,"column":48}},"440":{"start":{"line":1075,"column":27},"end":{"line":1075,"column":84}},"441":{"start":{"line":1076,"column":4},"end":{"line":1078,"column":5}},"442":{"start":{"line":1077,"column":8},"end":{"line":1077,"column":46}},"443":{"start":{"line":1083,"column":19},"end":{"line":1083,"column":51}},"444":{"start":{"line":1084,"column":4},"end":{"line":1096,"column":7}},"445":{"start":{"line":1086,"column":8},"end":{"line":1088,"column":9}},"446":{"start":{"line":1087,"column":12},"end":{"line":1087,"column":19}},"447":{"start":{"line":1090,"column":8},"end":{"line":1094,"column":11}},"448":{"start":{"line":1092,"column":12},"end":{"line":1092,"column":60}},"449":{"start":{"line":1092,"column":53},"end":{"line":1092,"column":60}},"450":{"start":{"line":1093,"column":12},"end":{"line":1093,"column":34}},"451":{"start":{"line":1095,"column":8},"end":{"line":1095,"column":65}},"452":{"start":{"line":1095,"column":43},"end":{"line":1095,"column":63}},"453":{"start":{"line":1099,"column":21},"end":{"line":1125,"column":6}},"454":{"start":{"line":1100,"column":8},"end":{"line":1124,"column":11}},"455":{"start":{"line":1101,"column":12},"end":{"line":1123,"column":15}},"456":{"start":{"line":1102,"column":16},"end":{"line":1122,"column":17}},"457":{"start":{"line":1104,"column":20},"end":{"line":1111,"column":21}},"458":{"start":{"line":1105,"column":24},"end":{"line":1109,"column":27}},"459":{"start":{"line":1107,"column":28},"end":{"line":1107,"column":77}},"460":{"start":{"line":1107,"column":70},"end":{"line":1107,"column":77}},"461":{"start":{"line":1108,"column":28},"end":{"line":1108,"column":51}},"462":{"start":{"line":1110,"column":24},"end":{"line":1110,"column":83}},"463":{"start":{"line":1110,"column":60},"end":{"line":1110,"column":81}},"464":{"start":{"line":1113,"column":35},"end":{"line":1113,"column":92}},"465":{"start":{"line":1114,"column":20},"end":{"line":1121,"column":23}},"466":{"start":{"line":1115,"column":24},"end":{"line":1119,"column":27}},"467":{"start":{"line":1117,"column":28},"end":{"line":1117,"column":76}},"468":{"start":{"line":1117,"column":69},"end":{"line":1117,"column":76}},"469":{"start":{"line":1118,"column":28},"end":{"line":1118,"column":50}},"470":{"start":{"line":1120,"column":24},"end":{"line":1120,"column":81}},"471":{"start":{"line":1120,"column":59},"end":{"line":1120,"column":79}},"472":{"start":{"line":1127,"column":4},"end":{"line":1130,"column":7}},"473":{"start":{"line":1134,"column":4},"end":{"line":1134,"column":49}},"474":{"start":{"line":1137,"column":25},"end":{"line":1137,"column":54}},"475":{"start":{"line":1138,"column":4},"end":{"line":1138,"column":55}},"476":{"start":{"line":1139,"column":4},"end":{"line":1147,"column":6}},"477":{"start":{"line":1150,"column":4},"end":{"line":1150,"column":44}},"478":{"start":{"line":1153,"column":4},"end":{"line":1157,"column":13}},"479":{"start":{"line":1154,"column":8},"end":{"line":1156,"column":9}},"480":{"start":{"line":1155,"column":12},"end":{"line":1155,"column":34}},"481":{"start":{"line":1161,"column":4},"end":{"line":1161,"column":51}},"482":{"start":{"line":1163,"column":24},"end":{"line":1163,"column":73}},"483":{"start":{"line":1164,"column":4},"end":{"line":1174,"column":5}},"484":{"start":{"line":1165,"column":8},"end":{"line":1173,"column":10}},"485":{"start":{"line":1178,"column":4},"end":{"line":1178,"column":49}},"486":{"start":{"line":1180,"column":24},"end":{"line":1180,"column":73}},"487":{"start":{"line":1181,"column":4},"end":{"line":1189,"column":5}},"488":{"start":{"line":1182,"column":8},"end":{"line":1182,"column":67}},"489":{"start":{"line":1183,"column":8},"end":{"line":1183,"column":36}},"490":{"start":{"line":1185,"column":8},"end":{"line":1188,"column":17}},"491":{"start":{"line":1186,"column":12},"end":{"line":1186,"column":61}},"492":{"start":{"line":1187,"column":12},"end":{"line":1187,"column":41}},"493":{"start":{"line":1193,"column":0},"end":{"line":1196,"column":3}},"494":{"start":{"line":1194,"column":4},"end":{"line":1194,"column":48}},"495":{"start":{"line":1195,"column":4},"end":{"line":1195,"column":52}},"496":{"start":{"line":1199,"column":0},"end":{"line":1202,"column":3}},"497":{"start":{"line":1200,"column":4},"end":{"line":1200,"column":64}},"498":{"start":{"line":1201,"column":4},"end":{"line":1201,"column":54}},"499":{"start":{"line":1208,"column":27},"end":{"line":1208,"column":29}},"500":{"start":{"line":1209,"column":4},"end":{"line":1212,"column":7}},"501":{"start":{"line":1210,"column":25},"end":{"line":1210,"column":40}},"502":{"start":{"line":1211,"column":8},"end":{"line":1211,"column":71}},"503":{"start":{"line":1215,"column":26},"end":{"line":1215,"column":79}},"504":{"start":{"line":1216,"column":4},"end":{"line":1224,"column":7}},"505":{"start":{"line":1217,"column":25},"end":{"line":1217,"column":59}},"506":{"start":{"line":1218,"column":29},"end":{"line":1218,"column":76}},"507":{"start":{"line":1220,"column":8},"end":{"line":1223,"column":9}},"508":{"start":{"line":1221,"column":26},"end":{"line":1221,"column":50}},"509":{"start":{"line":1222,"column":12},"end":{"line":1222,"column":80}},"510":{"start":{"line":1228,"column":0},"end":{"line":1231,"column":3}},"511":{"start":{"line":1235,"column":4},"end":{"line":1277,"column":7}},"512":{"start":{"line":1237,"column":8},"end":{"line":1248,"column":9}},"513":{"start":{"line":1238,"column":37},"end":{"line":1238,"column":92}},"514":{"start":{"line":1239,"column":12},"end":{"line":1241,"column":13}},"515":{"start":{"line":1240,"column":16},"end":{"line":1240,"column":34}},"516":{"start":{"line":1244,"column":32},"end":{"line":1244,"column":81}},"517":{"start":{"line":1245,"column":12},"end":{"line":1247,"column":13}},"518":{"start":{"line":1246,"column":16},"end":{"line":1246,"column":30}},"519":{"start":{"line":1251,"column":8},"end":{"line":1258,"column":9}},"520":{"start":{"line":1252,"column":34},"end":{"line":1252,"column":53}},"521":{"start":{"line":1253,"column":34},"end":{"line":1253,"column":87}},"522":{"start":{"line":1254,"column":12},"end":{"line":1257,"column":13}},"523":{"start":{"line":1255,"column":16},"end":{"line":1255,"column":35}},"524":{"start":{"line":1256,"column":16},"end":{"line":1256,"column":53}},"525":{"start":{"line":1261,"column":8},"end":{"line":1267,"column":9}},"526":{"start":{"line":1262,"column":32},"end":{"line":1262,"column":81}},"527":{"start":{"line":1263,"column":12},"end":{"line":1266,"column":13}},"528":{"start":{"line":1264,"column":16},"end":{"line":1264,"column":35}},"529":{"start":{"line":1265,"column":16},"end":{"line":1265,"column":36}},"530":{"start":{"line":1270,"column":8},"end":{"line":1276,"column":9}},"531":{"start":{"line":1271,"column":12},"end":{"line":1271,"column":31}},"532":{"start":{"line":1272,"column":31},"end":{"line":1272,"column":79}},"533":{"start":{"line":1273,"column":12},"end":{"line":1275,"column":13}},"534":{"start":{"line":1274,"column":16},"end":{"line":1274,"column":35}},"535":{"start":{"line":1280,"column":26},"end":{"line":1280,"column":79}},"536":{"start":{"line":1281,"column":4},"end":{"line":1295,"column":7}},"537":{"start":{"line":1282,"column":8},"end":{"line":1282,"column":43}},"538":{"start":{"line":1285,"column":36},"end":{"line":1285,"column":82}},"539":{"start":{"line":1286,"column":29},"end":{"line":1286,"column":108}},"540":{"start":{"line":1287,"column":8},"end":{"line":1287,"column":93}},"541":{"start":{"line":1289,"column":8},"end":{"line":1294,"column":11}},"542":{"start":{"line":1290,"column":12},"end":{"line":1293,"column":13}},"543":{"start":{"line":1291,"column":16},"end":{"line":1291,"column":35}},"544":{"start":{"line":1292,"column":16},"end":{"line":1292,"column":29}},"545":{"start":{"line":1299,"column":28},"end":{"line":1299,"column":79}},"546":{"start":{"line":1300,"column":8},"end":{"line":1309,"column":11}},"547":{"start":{"line":1301,"column":12},"end":{"line":1301,"column":47}},"548":{"start":{"line":1303,"column":12},"end":{"line":1308,"column":15}},"549":{"start":{"line":1304,"column":16},"end":{"line":1307,"column":17}},"550":{"start":{"line":1305,"column":20},"end":{"line":1305,"column":39}},"551":{"start":{"line":1306,"column":20},"end":{"line":1306,"column":33}},"552":{"start":{"line":1314,"column":29},"end":{"line":1314,"column":78}},"553":{"start":{"line":1315,"column":8},"end":{"line":1324,"column":11}},"554":{"start":{"line":1316,"column":12},"end":{"line":1316,"column":49}},"555":{"start":{"line":1318,"column":12},"end":{"line":1323,"column":15}},"556":{"start":{"line":1319,"column":16},"end":{"line":1322,"column":17}},"557":{"start":{"line":1320,"column":20},"end":{"line":1320,"column":39}},"558":{"start":{"line":1321,"column":20},"end":{"line":1321,"column":35}},"559":{"start":{"line":1328,"column":4},"end":{"line":1328,"column":38}},"560":{"start":{"line":1329,"column":4},"end":{"line":1329,"column":39}},"561":{"start":{"line":1332,"column":32},"end":{"line":1332,"column":43}},"562":{"start":{"line":1333,"column":4},"end":{"line":1341,"column":6}},"563":{"start":{"line":1334,"column":23},"end":{"line":1334,"column":60}},"564":{"start":{"line":1336,"column":8},"end":{"line":1339,"column":16}},"565":{"start":{"line":1337,"column":12},"end":{"line":1337,"column":46}},"566":{"start":{"line":1338,"column":12},"end":{"line":1338,"column":47}},"567":{"start":{"line":1340,"column":8},"end":{"line":1340,"column":22}},"568":{"start":{"line":1345,"column":0},"end":{"line":1356,"column":3}},"569":{"start":{"line":1346,"column":4},"end":{"line":1346,"column":30}},"570":{"start":{"line":1348,"column":4},"end":{"line":1355,"column":12}},"571":{"start":{"line":1349,"column":8},"end":{"line":1354,"column":9}},"572":{"start":{"line":1350,"column":12},"end":{"line":1350,"column":38}},"573":{"start":{"line":1352,"column":12},"end":{"line":1352,"column":74}},"574":{"start":{"line":1360,"column":20},"end":{"line":1360,"column":49}},"575":{"start":{"line":1361,"column":4},"end":{"line":1361,"column":52}},"576":{"start":{"line":1362,"column":4},"end":{"line":1365,"column":6}},"577":{"start":{"line":1367,"column":4},"end":{"line":1369,"column":5}},"578":{"start":{"line":1368,"column":8},"end":{"line":1368,"column":39}},"579":{"start":{"line":1371,"column":4},"end":{"line":1371,"column":19}},"580":{"start":{"line":1375,"column":4},"end":{"line":1377,"column":5}},"581":{"start":{"line":1376,"column":8},"end":{"line":1376,"column":48}},"582":{"start":{"line":1381,"column":27},"end":{"line":1381,"column":56}},"583":{"start":{"line":1382,"column":4},"end":{"line":1382,"column":57}},"584":{"start":{"line":1383,"column":4},"end":{"line":1383,"column":71}},"585":{"start":{"line":1386,"column":25},"end":{"line":1386,"column":39}},"586":{"start":{"line":1387,"column":4},"end":{"line":1390,"column":5}},"587":{"start":{"line":1388,"column":8},"end":{"line":1388,"column":49}},"588":{"start":{"line":1389,"column":8},"end":{"line":1389,"column":49}},"589":{"start":{"line":1392,"column":4},"end":{"line":1392,"column":26}},"590":{"start":{"line":1396,"column":4},"end":{"line":1398,"column":5}},"591":{"start":{"line":1397,"column":8},"end":{"line":1397,"column":62}},"592":{"start":{"line":1402,"column":28},"end":{"line":1402,"column":81}},"593":{"start":{"line":1403,"column":4},"end":{"line":1409,"column":5}},"594":{"start":{"line":1404,"column":32},"end":{"line":1404,"column":91}},"595":{"start":{"line":1405,"column":8},"end":{"line":1408,"column":9}},"596":{"start":{"line":1406,"column":28},"end":{"line":1406,"column":79}},"597":{"start":{"line":1407,"column":12},"end":{"line":1407,"column":61}},"598":{"start":{"line":1413,"column":26},"end":{"line":1413,"column":77}},"599":{"start":{"line":1414,"column":4},"end":{"line":1416,"column":5}},"600":{"start":{"line":1415,"column":8},"end":{"line":1415,"column":42}},"601":{"start":{"line":1420,"column":24},"end":{"line":1420,"column":63}},"602":{"start":{"line":1421,"column":4},"end":{"line":1426,"column":5}},"603":{"start":{"line":1423,"column":8},"end":{"line":1423,"column":35}},"604":{"start":{"line":1424,"column":24},"end":{"line":1424,"column":77}},"605":{"start":{"line":1425,"column":8},"end":{"line":1425,"column":58}},"606":{"start":{"line":1430,"column":27},"end":{"line":1430,"column":79}},"607":{"start":{"line":1431,"column":4},"end":{"line":1433,"column":5}},"608":{"start":{"line":1432,"column":8},"end":{"line":1432,"column":43}},"609":{"start":{"line":1437,"column":0},"end":{"line":1445,"column":1}},"610":{"start":{"line":1438,"column":4},"end":{"line":1444,"column":6}},"611":{"start":{"line":1448,"column":0},"end":{"line":1448,"column":43}},"612":{"start":{"line":1449,"column":0},"end":{"line":1449,"column":41}}},"fnMap":{"0":{"name":"createResponsiveImage","decl":{"start":{"line":4,"column":9},"end":{"line":4,"column":30}},"loc":{"start":{"line":4,"column":64},"end":{"line":52,"column":1}},"line":4},"1":{"name":"(anonymous_1)","decl":{"start":{"line":89,"column":46},"end":{"line":89,"column":47}},"loc":{"start":{"line":89,"column":57},"end":{"line":122,"column":1}},"line":89},"2":{"name":"(anonymous_2)","decl":{"start":{"line":98,"column":45},"end":{"line":98,"column":46}},"loc":{"start":{"line":98,"column":50},"end":{"line":98,"column":67}},"line":98},"3":{"name":"(anonymous_3)","decl":{"start":{"line":125,"column":38},"end":{"line":125,"column":39}},"loc":{"start":{"line":125,"column":49},"end":{"line":127,"column":1}},"line":125},"4":{"name":"checkForSharedReview","decl":{"start":{"line":130,"column":9},"end":{"line":130,"column":29}},"loc":{"start":{"line":130,"column":32},"end":{"line":160,"column":1}},"line":130},"5":{"name":"(anonymous_5)","decl":{"start":{"line":148,"column":45},"end":{"line":148,"column":46}},"loc":{"start":{"line":148,"column":50},"end":{"line":148,"column":67}},"line":148},"6":{"name":"(anonymous_6)","decl":{"start":{"line":152,"column":23},"end":{"line":152,"column":24}},"loc":{"start":{"line":152,"column":29},"end":{"line":154,"column":13}},"line":152},"7":{"name":"initializeApp","decl":{"start":{"line":162,"column":9},"end":{"line":162,"column":22}},"loc":{"start":{"line":162,"column":25},"end":{"line":176,"column":1}},"line":162},"8":{"name":"setupHeaderNavigation","decl":{"start":{"line":178,"column":9},"end":{"line":178,"column":30}},"loc":{"start":{"line":178,"column":33},"end":{"line":204,"column":1}},"line":178},"9":{"name":"(anonymous_9)","decl":{"start":{"line":182,"column":45},"end":{"line":182,"column":46}},"loc":{"start":{"line":182,"column":52},"end":{"line":185,"column":9}},"line":182},"10":{"name":"(anonymous_10)","decl":{"start":{"line":190,"column":21},"end":{"line":190,"column":22}},"loc":{"start":{"line":190,"column":29},"end":{"line":203,"column":5}},"line":190},"11":{"name":"(anonymous_11)","decl":{"start":{"line":191,"column":39},"end":{"line":191,"column":40}},"loc":{"start":{"line":191,"column":46},"end":{"line":202,"column":9}},"line":191},"12":{"name":"(anonymous_12)","decl":{"start":{"line":195,"column":23},"end":{"line":195,"column":24}},"loc":{"start":{"line":195,"column":29},"end":{"line":201,"column":13}},"line":195},"13":{"name":"loadReviews","decl":{"start":{"line":206,"column":9},"end":{"line":206,"column":20}},"loc":{"start":{"line":206,"column":111},"end":{"line":286,"column":1}},"line":206},"14":{"name":"(anonymous_14)","decl":{"start":{"line":222,"column":49},"end":{"line":222,"column":50}},"loc":{"start":{"line":223,"column":12},"end":{"line":223,"column":40}},"line":223},"15":{"name":"(anonymous_15)","decl":{"start":{"line":230,"column":49},"end":{"line":230,"column":50}},"loc":{"start":{"line":231,"column":12},"end":{"line":235,"column":67}},"line":231},"16":{"name":"(anonymous_16)","decl":{"start":{"line":240,"column":43},"end":{"line":240,"column":44}},"loc":{"start":{"line":240,"column":53},"end":{"line":258,"column":5}},"line":240},"17":{"name":"(anonymous_17)","decl":{"start":{"line":271,"column":26},"end":{"line":271,"column":27}},"loc":{"start":{"line":271,"column":36},"end":{"line":274,"column":5}},"line":271},"18":{"name":"createReviewElement","decl":{"start":{"line":288,"column":9},"end":{"line":288,"column":28}},"loc":{"start":{"line":288,"column":37},"end":{"line":375,"column":1}},"line":288},"19":{"name":"(anonymous_19)","decl":{"start":{"line":330,"column":41},"end":{"line":330,"column":42}},"loc":{"start":{"line":330,"column":48},"end":{"line":335,"column":5}},"line":330},"20":{"name":"(anonymous_20)","decl":{"start":{"line":339,"column":25},"end":{"line":339,"column":26}},"loc":{"start":{"line":339,"column":35},"end":{"line":345,"column":5}},"line":339},"21":{"name":"(anonymous_21)","decl":{"start":{"line":340,"column":41},"end":{"line":340,"column":42}},"loc":{"start":{"line":340,"column":48},"end":{"line":344,"column":9}},"line":340},"22":{"name":"(anonymous_22)","decl":{"start":{"line":348,"column":43},"end":{"line":348,"column":44}},"loc":{"start":{"line":348,"column":50},"end":{"line":353,"column":5}},"line":348},"23":{"name":"(anonymous_23)","decl":{"start":{"line":359,"column":42},"end":{"line":359,"column":43}},"loc":{"start":{"line":359,"column":48},"end":{"line":361,"column":9}},"line":359},"24":{"name":"(anonymous_24)","decl":{"start":{"line":364,"column":37},"end":{"line":364,"column":38}},"loc":{"start":{"line":364,"column":43},"end":{"line":366,"column":9}},"line":364},"25":{"name":"(anonymous_25)","decl":{"start":{"line":369,"column":38},"end":{"line":369,"column":39}},"loc":{"start":{"line":369,"column":44},"end":{"line":371,"column":9}},"line":369},"26":{"name":"navigateToReview","decl":{"start":{"line":377,"column":9},"end":{"line":377,"column":25}},"loc":{"start":{"line":377,"column":36},"end":{"line":383,"column":1}},"line":377},"27":{"name":"(anonymous_27)","decl":{"start":{"line":378,"column":41},"end":{"line":378,"column":42}},"loc":{"start":{"line":378,"column":46},"end":{"line":378,"column":63}},"line":378},"28":{"name":"shareReview","decl":{"start":{"line":385,"column":9},"end":{"line":385,"column":20}},"loc":{"start":{"line":385,"column":39},"end":{"line":432,"column":1}},"line":385},"29":{"name":"(anonymous_29)","decl":{"start":{"line":414,"column":58},"end":{"line":414,"column":59}},"loc":{"start":{"line":414,"column":64},"end":{"line":416,"column":13}},"line":414},"30":{"name":"(anonymous_30)","decl":{"start":{"line":416,"column":21},"end":{"line":416,"column":22}},"loc":{"start":{"line":416,"column":27},"end":{"line":425,"column":13}},"line":416},"31":{"name":"showShareNotification","decl":{"start":{"line":434,"column":9},"end":{"line":434,"column":30}},"loc":{"start":{"line":434,"column":40},"end":{"line":464,"column":1}},"line":434},"32":{"name":"(anonymous_32)","decl":{"start":{"line":456,"column":15},"end":{"line":456,"column":16}},"loc":{"start":{"line":456,"column":21},"end":{"line":463,"column":5}},"line":456},"33":{"name":"(anonymous_33)","decl":{"start":{"line":458,"column":19},"end":{"line":458,"column":20}},"loc":{"start":{"line":458,"column":25},"end":{"line":462,"column":9}},"line":458},"34":{"name":"insertImagesInContent","decl":{"start":{"line":466,"column":9},"end":{"line":466,"column":30}},"loc":{"start":{"line":466,"column":39},"end":{"line":535,"column":1}},"line":466},"35":{"name":"(anonymous_35)","decl":{"start":{"line":470,"column":53},"end":{"line":470,"column":54}},"loc":{"start":{"line":470,"column":75},"end":{"line":476,"column":5}},"line":470},"36":{"name":"(anonymous_36)","decl":{"start":{"line":489,"column":17},"end":{"line":489,"column":18}},"loc":{"start":{"line":489,"column":26},"end":{"line":489,"column":67}},"line":489},"37":{"name":"(anonymous_37)","decl":{"start":{"line":490,"column":63},"end":{"line":490,"column":64}},"loc":{"start":{"line":490,"column":70},"end":{"line":490,"column":97}},"line":490},"38":{"name":"(anonymous_38)","decl":{"start":{"line":496,"column":30},"end":{"line":496,"column":31}},"loc":{"start":{"line":496,"column":43},"end":{"line":496,"column":64}},"line":496},"39":{"name":"(anonymous_39)","decl":{"start":{"line":520,"column":23},"end":{"line":520,"column":24}},"loc":{"start":{"line":520,"column":45},"end":{"line":532,"column":5}},"line":520},"40":{"name":"updateMetaTag","decl":{"start":{"line":538,"column":9},"end":{"line":538,"column":22}},"loc":{"start":{"line":538,"column":42},"end":{"line":553,"column":1}},"line":538},"41":{"name":"getAbsoluteUrl","decl":{"start":{"line":556,"column":9},"end":{"line":556,"column":23}},"loc":{"start":{"line":556,"column":35},"end":{"line":567,"column":1}},"line":556},"42":{"name":"convertToEmbedUrl","decl":{"start":{"line":570,"column":9},"end":{"line":570,"column":26}},"loc":{"start":{"line":570,"column":39},"end":{"line":586,"column":1}},"line":570},"43":{"name":"createReviewPage","decl":{"start":{"line":588,"column":9},"end":{"line":588,"column":25}},"loc":{"start":{"line":588,"column":34},"end":{"line":674,"column":1}},"line":588},"44":{"name":"(anonymous_44)","decl":{"start":{"line":636,"column":27},"end":{"line":636,"column":28}},"loc":{"start":{"line":636,"column":38},"end":{"line":638,"column":5}},"line":636},"45":{"name":"(anonymous_45)","decl":{"start":{"line":659,"column":25},"end":{"line":659,"column":26}},"loc":{"start":{"line":659,"column":35},"end":{"line":665,"column":5}},"line":659},"46":{"name":"(anonymous_46)","decl":{"start":{"line":660,"column":41},"end":{"line":660,"column":42}},"loc":{"start":{"line":660,"column":48},"end":{"line":664,"column":9}},"line":660},"47":{"name":"(anonymous_47)","decl":{"start":{"line":668,"column":15},"end":{"line":668,"column":16}},"loc":{"start":{"line":668,"column":21},"end":{"line":670,"column":5}},"line":668},"48":{"name":"returnToHomepage","decl":{"start":{"line":676,"column":9},"end":{"line":676,"column":25}},"loc":{"start":{"line":676,"column":28},"end":{"line":730,"column":1}},"line":676},"49":{"name":"(anonymous_49)","decl":{"start":{"line":718,"column":27},"end":{"line":718,"column":28}},"loc":{"start":{"line":718,"column":38},"end":{"line":720,"column":5}},"line":718},"50":{"name":"createReviewContentHTML","decl":{"start":{"line":732,"column":9},"end":{"line":732,"column":32}},"loc":{"start":{"line":732,"column":41},"end":{"line":832,"column":1}},"line":732},"51":{"name":"loadRelatedReviews","decl":{"start":{"line":834,"column":9},"end":{"line":834,"column":27}},"loc":{"start":{"line":834,"column":43},"end":{"line":877,"column":1}},"line":834},"52":{"name":"(anonymous_52)","decl":{"start":{"line":836,"column":16},"end":{"line":836,"column":17}},"loc":{"start":{"line":836,"column":21},"end":{"line":836,"column":46}},"line":836},"53":{"name":"(anonymous_53)","decl":{"start":{"line":837,"column":14},"end":{"line":837,"column":15}},"loc":{"start":{"line":837,"column":24},"end":{"line":841,"column":9}},"line":837},"54":{"name":"(anonymous_54)","decl":{"start":{"line":847,"column":27},"end":{"line":847,"column":28}},"loc":{"start":{"line":847,"column":44},"end":{"line":876,"column":5}},"line":847},"55":{"name":"(anonymous_55)","decl":{"start":{"line":871,"column":45},"end":{"line":871,"column":46}},"loc":{"start":{"line":871,"column":51},"end":{"line":873,"column":9}},"line":871},"56":{"name":"updateLoadMoreButton","decl":{"start":{"line":879,"column":9},"end":{"line":879,"column":29}},"loc":{"start":{"line":879,"column":58},"end":{"line":886,"column":1}},"line":879},"57":{"name":"setupEventListeners","decl":{"start":{"line":888,"column":9},"end":{"line":888,"column":28}},"loc":{"start":{"line":888,"column":31},"end":{"line":921,"column":1}},"line":888},"58":{"name":"(anonymous_58)","decl":{"start":{"line":891,"column":46},"end":{"line":891,"column":47}},"loc":{"start":{"line":891,"column":52},"end":{"line":893,"column":9}},"line":891},"59":{"name":"(anonymous_59)","decl":{"start":{"line":901,"column":51},"end":{"line":901,"column":52}},"loc":{"start":{"line":901,"column":57},"end":{"line":905,"column":9}},"line":901},"60":{"name":"(anonymous_60)","decl":{"start":{"line":909,"column":54},"end":{"line":909,"column":55}},"loc":{"start":{"line":909,"column":64},"end":{"line":920,"column":5}},"line":909},"61":{"name":"(anonymous_61)","decl":{"start":{"line":910,"column":41},"end":{"line":910,"column":42}},"loc":{"start":{"line":910,"column":54},"end":{"line":919,"column":9}},"line":910},"62":{"name":"setupAccessibility","decl":{"start":{"line":923,"column":9},"end":{"line":923,"column":27}},"loc":{"start":{"line":923,"column":30},"end":{"line":951,"column":1}},"line":923},"63":{"name":"(anonymous_63)","decl":{"start":{"line":933,"column":26},"end":{"line":933,"column":27}},"loc":{"start":{"line":933,"column":34},"end":{"line":936,"column":5}},"line":933},"64":{"name":"(anonymous_64)","decl":{"start":{"line":939,"column":41},"end":{"line":939,"column":42}},"loc":{"start":{"line":939,"column":48},"end":{"line":950,"column":5}},"line":939},"65":{"name":"setupCategoryFiltering","decl":{"start":{"line":953,"column":9},"end":{"line":953,"column":31}},"loc":{"start":{"line":953,"column":34},"end":{"line":977,"column":1}},"line":953},"66":{"name":"(anonymous_66)","decl":{"start":{"line":956,"column":26},"end":{"line":956,"column":27}},"loc":{"start":{"line":956,"column":34},"end":{"line":976,"column":5}},"line":956},"67":{"name":"(anonymous_67)","decl":{"start":{"line":957,"column":39},"end":{"line":957,"column":40}},"loc":{"start":{"line":957,"column":46},"end":{"line":975,"column":9}},"line":957},"68":{"name":"(anonymous_68)","decl":{"start":{"line":962,"column":34},"end":{"line":962,"column":35}},"loc":{"start":{"line":962,"column":39},"end":{"line":962,"column":86}},"line":962},"69":{"name":"setupSortDropdown","decl":{"start":{"line":979,"column":9},"end":{"line":979,"column":26}},"loc":{"start":{"line":979,"column":29},"end":{"line":989,"column":1}},"line":979},"70":{"name":"(anonymous_70)","decl":{"start":{"line":983,"column":48},"end":{"line":983,"column":49}},"loc":{"start":{"line":983,"column":55},"end":{"line":987,"column":9}},"line":983},"71":{"name":"setupSearch","decl":{"start":{"line":991,"column":9},"end":{"line":991,"column":20}},"loc":{"start":{"line":991,"column":23},"end":{"line":1033,"column":1}},"line":991},"72":{"name":"(anonymous_72)","decl":{"start":{"line":997,"column":41},"end":{"line":997,"column":42}},"loc":{"start":{"line":997,"column":57},"end":{"line":1009,"column":9}},"line":997},"73":{"name":"(anonymous_73)","decl":{"start":{"line":1006,"column":23},"end":{"line":1006,"column":24}},"loc":{"start":{"line":1006,"column":29},"end":{"line":1008,"column":13}},"line":1006},"74":{"name":"(anonymous_74)","decl":{"start":{"line":1011,"column":46},"end":{"line":1011,"column":47}},"loc":{"start":{"line":1011,"column":53},"end":{"line":1021,"column":9}},"line":1011},"75":{"name":"(anonymous_75)","decl":{"start":{"line":1025,"column":49},"end":{"line":1025,"column":50}},"loc":{"start":{"line":1025,"column":55},"end":{"line":1031,"column":9}},"line":1025},"76":{"name":"debounce","decl":{"start":{"line":1036,"column":9},"end":{"line":1036,"column":17}},"loc":{"start":{"line":1036,"column":30},"end":{"line":1046,"column":1}},"line":1036},"77":{"name":"executedFunction","decl":{"start":{"line":1038,"column":20},"end":{"line":1038,"column":36}},"loc":{"start":{"line":1038,"column":46},"end":{"line":1045,"column":5}},"line":1038},"78":{"name":"(anonymous_78)","decl":{"start":{"line":1039,"column":22},"end":{"line":1039,"column":23}},"loc":{"start":{"line":1039,"column":28},"end":{"line":1042,"column":9}},"line":1039},"79":{"name":"handleImageError","decl":{"start":{"line":1049,"column":9},"end":{"line":1049,"column":25}},"loc":{"start":{"line":1049,"column":31},"end":{"line":1068,"column":1}},"line":1049},"80":{"name":"handleImageLoad","decl":{"start":{"line":1070,"column":9},"end":{"line":1070,"column":24}},"loc":{"start":{"line":1070,"column":30},"end":{"line":1079,"column":1}},"line":1070},"81":{"name":"setupImageErrorHandling","decl":{"start":{"line":1081,"column":9},"end":{"line":1081,"column":32}},"loc":{"start":{"line":1081,"column":35},"end":{"line":1131,"column":1}},"line":1081},"82":{"name":"(anonymous_82)","decl":{"start":{"line":1084,"column":19},"end":{"line":1084,"column":20}},"loc":{"start":{"line":1084,"column":26},"end":{"line":1096,"column":5}},"line":1084},"83":{"name":"(anonymous_83)","decl":{"start":{"line":1090,"column":38},"end":{"line":1090,"column":39}},"loc":{"start":{"line":1090,"column":44},"end":{"line":1094,"column":9}},"line":1090},"84":{"name":"(anonymous_84)","decl":{"start":{"line":1095,"column":37},"end":{"line":1095,"column":38}},"loc":{"start":{"line":1095,"column":43},"end":{"line":1095,"column":63}},"line":1095},"85":{"name":"(anonymous_85)","decl":{"start":{"line":1099,"column":42},"end":{"line":1099,"column":43}},"loc":{"start":{"line":1099,"column":57},"end":{"line":1125,"column":5}},"line":1099},"86":{"name":"(anonymous_86)","decl":{"start":{"line":1100,"column":26},"end":{"line":1100,"column":27}},"loc":{"start":{"line":1100,"column":40},"end":{"line":1124,"column":9}},"line":1100},"87":{"name":"(anonymous_87)","decl":{"start":{"line":1101,"column":40},"end":{"line":1101,"column":41}},"loc":{"start":{"line":1101,"column":50},"end":{"line":1123,"column":13}},"line":1101},"88":{"name":"(anonymous_88)","decl":{"start":{"line":1105,"column":55},"end":{"line":1105,"column":56}},"loc":{"start":{"line":1105,"column":61},"end":{"line":1109,"column":25}},"line":1105},"89":{"name":"(anonymous_89)","decl":{"start":{"line":1110,"column":54},"end":{"line":1110,"column":55}},"loc":{"start":{"line":1110,"column":60},"end":{"line":1110,"column":81}},"line":1110},"90":{"name":"(anonymous_90)","decl":{"start":{"line":1114,"column":35},"end":{"line":1114,"column":36}},"loc":{"start":{"line":1114,"column":42},"end":{"line":1121,"column":21}},"line":1114},"91":{"name":"(anonymous_91)","decl":{"start":{"line":1115,"column":54},"end":{"line":1115,"column":55}},"loc":{"start":{"line":1115,"column":60},"end":{"line":1119,"column":25}},"line":1115},"92":{"name":"(anonymous_92)","decl":{"start":{"line":1120,"column":53},"end":{"line":1120,"column":54}},"loc":{"start":{"line":1120,"column":59},"end":{"line":1120,"column":79}},"line":1120},"93":{"name":"handleFetchError","decl":{"start":{"line":1133,"column":9},"end":{"line":1133,"column":25}},"loc":{"start":{"line":1133,"column":64},"end":{"line":1158,"column":1}},"line":1133},"94":{"name":"(anonymous_94)","decl":{"start":{"line":1153,"column":15},"end":{"line":1153,"column":16}},"loc":{"start":{"line":1153,"column":21},"end":{"line":1157,"column":5}},"line":1153},"95":{"name":"handleReviewLoadError","decl":{"start":{"line":1160,"column":9},"end":{"line":1160,"column":30}},"loc":{"start":{"line":1160,"column":38},"end":{"line":1175,"column":1}},"line":1160},"96":{"name":"handleSearchError","decl":{"start":{"line":1177,"column":9},"end":{"line":1177,"column":26}},"loc":{"start":{"line":1177,"column":34},"end":{"line":1190,"column":1}},"line":1177},"97":{"name":"(anonymous_97)","decl":{"start":{"line":1185,"column":19},"end":{"line":1185,"column":20}},"loc":{"start":{"line":1185,"column":25},"end":{"line":1188,"column":9}},"line":1185},"98":{"name":"(anonymous_98)","decl":{"start":{"line":1193,"column":33},"end":{"line":1193,"column":34}},"loc":{"start":{"line":1193,"column":44},"end":{"line":1196,"column":1}},"line":1193},"99":{"name":"(anonymous_99)","decl":{"start":{"line":1199,"column":46},"end":{"line":1199,"column":47}},"loc":{"start":{"line":1199,"column":57},"end":{"line":1202,"column":1}},"line":1199},"100":{"name":"updateCategoryCounts","decl":{"start":{"line":1206,"column":9},"end":{"line":1206,"column":29}},"loc":{"start":{"line":1206,"column":32},"end":{"line":1225,"column":1}},"line":1206},"101":{"name":"(anonymous_101)","decl":{"start":{"line":1209,"column":29},"end":{"line":1209,"column":30}},"loc":{"start":{"line":1209,"column":39},"end":{"line":1212,"column":5}},"line":1209},"102":{"name":"(anonymous_102)","decl":{"start":{"line":1216,"column":26},"end":{"line":1216,"column":27}},"loc":{"start":{"line":1216,"column":34},"end":{"line":1224,"column":5}},"line":1216},"103":{"name":"(anonymous_103)","decl":{"start":{"line":1228,"column":46},"end":{"line":1228,"column":47}},"loc":{"start":{"line":1228,"column":52},"end":{"line":1231,"column":1}},"line":1228},"104":{"name":"setupKeyboardNavigation","decl":{"start":{"line":1234,"column":9},"end":{"line":1234,"column":32}},"loc":{"start":{"line":1234,"column":35},"end":{"line":1342,"column":1}},"line":1234},"105":{"name":"(anonymous_105)","decl":{"start":{"line":1235,"column":41},"end":{"line":1235,"column":42}},"loc":{"start":{"line":1235,"column":48},"end":{"line":1277,"column":5}},"line":1235},"106":{"name":"(anonymous_106)","decl":{"start":{"line":1281,"column":26},"end":{"line":1281,"column":27}},"loc":{"start":{"line":1281,"column":43},"end":{"line":1295,"column":5}},"line":1281},"107":{"name":"(anonymous_107)","decl":{"start":{"line":1289,"column":41},"end":{"line":1289,"column":42}},"loc":{"start":{"line":1289,"column":48},"end":{"line":1294,"column":9}},"line":1289},"108":{"name":"addKeyboardSupportToReviewCards","decl":{"start":{"line":1298,"column":13},"end":{"line":1298,"column":44}},"loc":{"start":{"line":1298,"column":47},"end":{"line":1310,"column":5}},"line":1298},"109":{"name":"(anonymous_109)","decl":{"start":{"line":1300,"column":28},"end":{"line":1300,"column":29}},"loc":{"start":{"line":1300,"column":36},"end":{"line":1309,"column":9}},"line":1300},"110":{"name":"(anonymous_110)","decl":{"start":{"line":1303,"column":45},"end":{"line":1303,"column":46}},"loc":{"start":{"line":1303,"column":52},"end":{"line":1308,"column":13}},"line":1303},"111":{"name":"addKeyboardSupportToShareButtons","decl":{"start":{"line":1313,"column":13},"end":{"line":1313,"column":45}},"loc":{"start":{"line":1313,"column":48},"end":{"line":1325,"column":5}},"line":1313},"112":{"name":"(anonymous_112)","decl":{"start":{"line":1315,"column":29},"end":{"line":1315,"column":30}},"loc":{"start":{"line":1315,"column":39},"end":{"line":1324,"column":9}},"line":1315},"113":{"name":"(anonymous_113)","decl":{"start":{"line":1318,"column":47},"end":{"line":1318,"column":48}},"loc":{"start":{"line":1318,"column":54},"end":{"line":1323,"column":13}},"line":1318},"114":{"name":"(anonymous_114)","decl":{"start":{"line":1333,"column":18},"end":{"line":1333,"column":19}},"loc":{"start":{"line":1333,"column":36},"end":{"line":1341,"column":5}},"line":1333},"115":{"name":"(anonymous_115)","decl":{"start":{"line":1336,"column":19},"end":{"line":1336,"column":20}},"loc":{"start":{"line":1336,"column":25},"end":{"line":1339,"column":9}},"line":1336},"116":{"name":"(anonymous_116)","decl":{"start":{"line":1345,"column":46},"end":{"line":1345,"column":47}},"loc":{"start":{"line":1345,"column":52},"end":{"line":1356,"column":1}},"line":1345},"117":{"name":"(anonymous_117)","decl":{"start":{"line":1348,"column":15},"end":{"line":1348,"column":16}},"loc":{"start":{"line":1348,"column":21},"end":{"line":1355,"column":5}},"line":1348},"118":{"name":"showLoadingSpinner","decl":{"start":{"line":1359,"column":9},"end":{"line":1359,"column":27}},"loc":{"start":{"line":1359,"column":63},"end":{"line":1372,"column":1}},"line":1359},"119":{"name":"hideLoadingSpinner","decl":{"start":{"line":1374,"column":9},"end":{"line":1374,"column":27}},"loc":{"start":{"line":1374,"column":37},"end":{"line":1378,"column":1}},"line":1374},"120":{"name":"showImageLoadingState","decl":{"start":{"line":1380,"column":9},"end":{"line":1380,"column":30}},"loc":{"start":{"line":1380,"column":36},"end":{"line":1393,"column":1}},"line":1380},"121":{"name":"hideImageLoadingState","decl":{"start":{"line":1395,"column":9},"end":{"line":1395,"column":30}},"loc":{"start":{"line":1395,"column":47},"end":{"line":1399,"column":1}},"line":1395},"122":{"name":"showSearchLoading","decl":{"start":{"line":1401,"column":9},"end":{"line":1401,"column":26}},"loc":{"start":{"line":1401,"column":29},"end":{"line":1410,"column":1}},"line":1401},"123":{"name":"hideSearchLoading","decl":{"start":{"line":1412,"column":9},"end":{"line":1412,"column":26}},"loc":{"start":{"line":1412,"column":29},"end":{"line":1417,"column":1}},"line":1412},"124":{"name":"showReviewsLoading","decl":{"start":{"line":1419,"column":9},"end":{"line":1419,"column":27}},"loc":{"start":{"line":1419,"column":30},"end":{"line":1427,"column":1}},"line":1419},"125":{"name":"hideReviewsLoading","decl":{"start":{"line":1429,"column":9},"end":{"line":1429,"column":27}},"loc":{"start":{"line":1429,"column":30},"end":{"line":1434,"column":1}},"line":1429}},"branchMap":{"0":{"loc":{"start":{"line":4,"column":46},"end":{"line":4,"column":62}},"type":"default-arg","locations":[{"start":{"line":4,"column":56},"end":{"line":4,"column":62}}],"line":4},"1":{"loc":{"start":{"line":10,"column":16},"end":{"line":10,"column":67}},"type":"binary-expr","locations":[{"start":{"line":10,"column":16},"end":{"line":10,"column":57}},{"start":{"line":10,"column":61},"end":{"line":10,"column":67}}],"line":10},"2":{"loc":{"start":{"line":14,"column":34},"end":{"line":20,"column":58}},"type":"binary-expr","locations":[{"start":{"line":14,"column":34},"end":{"line":14,"column":69}},{"start":{"line":15,"column":33},"end":{"line":15,"column":66}},{"start":{"line":16,"column":33},"end":{"line":16,"column":62}},{"start":{"line":17,"column":33},"end":{"line":17,"column":64}},{"start":{"line":18,"column":33},"end":{"line":18,"column":71}},{"start":{"line":19,"column":33},"end":{"line":19,"column":62}},{"start":{"line":20,"column":33},"end":{"line":20,"column":58}}],"line":14},"3":{"loc":{"start":{"line":22,"column":4},"end":{"line":25,"column":5}},"type":"if","locations":[{"start":{"line":22,"column":4},"end":{"line":25,"column":5}},{"start":{},"end":{}}],"line":22},"4":{"loc":{"start":{"line":31,"column":4},"end":{"line":37,"column":5}},"type":"if","locations":[{"start":{"line":31,"column":4},"end":{"line":37,"column":5}},{"start":{"line":34,"column":11},"end":{"line":37,"column":5}}],"line":31},"5":{"loc":{"start":{"line":31,"column":8},"end":{"line":31,"column":79}},"type":"binary-expr","locations":[{"start":{"line":31,"column":8},"end":{"line":31,"column":46}},{"start":{"line":31,"column":50},"end":{"line":31,"column":79}}],"line":31},"6":{"loc":{"start":{"line":40,"column":18},"end":{"line":42,"column":70}},"type":"cond-expr","locations":[{"start":{"line":41,"column":10},"end":{"line":41,"column":98}},{"start":{"line":42,"column":10},"end":{"line":42,"column":70}}],"line":40},"7":{"loc":{"start":{"line":40,"column":19},"end":{"line":40,"column":90}},"type":"binary-expr","locations":[{"start":{"line":40,"column":19},"end":{"line":40,"column":57}},{"start":{"line":40,"column":61},"end":{"line":40,"column":90}}],"line":40},"8":{"loc":{"start":{"line":96,"column":4},"end":{"line":119,"column":5}},"type":"if","locations":[{"start":{"line":96,"column":4},"end":{"line":119,"column":5}},{"start":{},"end":{}}],"line":96},"9":{"loc":{"start":{"line":100,"column":8},"end":{"line":118,"column":9}},"type":"if","locations":[{"start":{"line":100,"column":8},"end":{"line":118,"column":9}},{"start":{},"end":{}}],"line":100},"10":{"loc":{"start":{"line":115,"column":12},"end":{"line":117,"column":13}},"type":"if","locations":[{"start":{"line":115,"column":12},"end":{"line":117,"column":13}},{"start":{},"end":{}}],"line":115},"11":{"loc":{"start":{"line":139,"column":4},"end":{"line":145,"column":5}},"type":"if","locations":[{"start":{"line":139,"column":4},"end":{"line":145,"column":5}},{"start":{"line":143,"column":9},"end":{"line":145,"column":5}}],"line":139},"12":{"loc":{"start":{"line":143,"column":9},"end":{"line":145,"column":5}},"type":"if","locations":[{"start":{"line":143,"column":9},"end":{"line":145,"column":5}},{"start":{},"end":{}}],"line":143},"13":{"loc":{"start":{"line":147,"column":4},"end":{"line":159,"column":5}},"type":"if","locations":[{"start":{"line":147,"column":4},"end":{"line":159,"column":5}},{"start":{"line":156,"column":11},"end":{"line":159,"column":5}}],"line":147},"14":{"loc":{"start":{"line":150,"column":8},"end":{"line":155,"column":9}},"type":"if","locations":[{"start":{"line":150,"column":8},"end":{"line":155,"column":9}},{"start":{},"end":{}}],"line":150},"15":{"loc":{"start":{"line":156,"column":11},"end":{"line":159,"column":5}},"type":"if","locations":[{"start":{"line":156,"column":11},"end":{"line":159,"column":5}},{"start":{},"end":{}}],"line":156},"16":{"loc":{"start":{"line":156,"column":15},"end":{"line":156,"column":60}},"type":"binary-expr","locations":[{"start":{"line":156,"column":16},"end":{"line":156,"column":27}},{"start":{"line":156,"column":31},"end":{"line":156,"column":43}},{"start":{"line":156,"column":48},"end":{"line":156,"column":60}}],"line":156},"17":{"loc":{"start":{"line":181,"column":4},"end":{"line":186,"column":5}},"type":"if","locations":[{"start":{"line":181,"column":4},"end":{"line":186,"column":5}},{"start":{},"end":{}}],"line":181},"18":{"loc":{"start":{"line":198,"column":16},"end":{"line":200,"column":17}},"type":"if","locations":[{"start":{"line":198,"column":16},"end":{"line":200,"column":17}},{"start":{},"end":{}}],"line":198},"19":{"loc":{"start":{"line":206,"column":21},"end":{"line":206,"column":29}},"type":"default-arg","locations":[{"start":{"line":206,"column":28},"end":{"line":206,"column":29}}],"line":206},"20":{"loc":{"start":{"line":206,"column":31},"end":{"line":206,"column":57}},"type":"default-arg","locations":[{"start":{"line":206,"column":42},"end":{"line":206,"column":57}}],"line":206},"21":{"loc":{"start":{"line":206,"column":59},"end":{"line":206,"column":89}},"type":"default-arg","locations":[{"start":{"line":206,"column":72},"end":{"line":206,"column":89}}],"line":206},"22":{"loc":{"start":{"line":206,"column":91},"end":{"line":206,"column":109}},"type":"default-arg","locations":[{"start":{"line":206,"column":98},"end":{"line":206,"column":109}}],"line":206},"23":{"loc":{"start":{"line":214,"column":8},"end":{"line":216,"column":9}},"type":"if","locations":[{"start":{"line":214,"column":8},"end":{"line":216,"column":9}},{"start":{},"end":{}}],"line":214},"24":{"loc":{"start":{"line":214,"column":12},"end":{"line":214,"column":65}},"type":"binary-expr","locations":[{"start":{"line":214,"column":12},"end":{"line":214,"column":29}},{"start":{"line":214,"column":33},"end":{"line":214,"column":65}}],"line":214},"25":{"loc":{"start":{"line":221,"column":4},"end":{"line":225,"column":5}},"type":"if","locations":[{"start":{"line":221,"column":4},"end":{"line":225,"column":5}},{"start":{},"end":{}}],"line":221},"26":{"loc":{"start":{"line":221,"column":8},"end":{"line":221,"column":38}},"type":"binary-expr","locations":[{"start":{"line":221,"column":8},"end":{"line":221,"column":16}},{"start":{"line":221,"column":20},"end":{"line":221,"column":38}}],"line":221},"27":{"loc":{"start":{"line":228,"column":4},"end":{"line":237,"column":5}},"type":"if","locations":[{"start":{"line":228,"column":4},"end":{"line":237,"column":5}},{"start":{},"end":{}}],"line":228},"28":{"loc":{"start":{"line":231,"column":12},"end":{"line":235,"column":67}},"type":"binary-expr","locations":[{"start":{"line":231,"column":12},"end":{"line":231,"column":64}},{"start":{"line":232,"column":12},"end":{"line":232,"column":66}},{"start":{"line":233,"column":12},"end":{"line":233,"column":66}},{"start":{"line":234,"column":12},"end":{"line":234,"column":68}},{"start":{"line":235,"column":12},"end":{"line":235,"column":67}}],"line":231},"29":{"loc":{"start":{"line":241,"column":8},"end":{"line":257,"column":9}},"type":"switch","locations":[{"start":{"line":242,"column":12},"end":{"line":246,"column":37}},{"start":{"line":247,"column":12},"end":{"line":249,"column":45}},{"start":{"line":250,"column":12},"end":{"line":254,"column":45}},{"start":{"line":255,"column":12},"end":{"line":256,"column":25}}],"line":241},"30":{"loc":{"start":{"line":266,"column":4},"end":{"line":268,"column":5}},"type":"if","locations":[{"start":{"line":266,"column":4},"end":{"line":268,"column":5}},{"start":{},"end":{}}],"line":266},"31":{"loc":{"start":{"line":332,"column":8},"end":{"line":334,"column":9}},"type":"if","locations":[{"start":{"line":332,"column":8},"end":{"line":334,"column":9}},{"start":{},"end":{}}],"line":332},"32":{"loc":{"start":{"line":349,"column":8},"end":{"line":352,"column":9}},"type":"if","locations":[{"start":{"line":349,"column":8},"end":{"line":352,"column":9}},{"start":{},"end":{}}],"line":349},"33":{"loc":{"start":{"line":349,"column":12},"end":{"line":349,"column":46}},"type":"binary-expr","locations":[{"start":{"line":349,"column":12},"end":{"line":349,"column":29}},{"start":{"line":349,"column":33},"end":{"line":349,"column":46}}],"line":349},"34":{"loc":{"start":{"line":357,"column":4},"end":{"line":372,"column":5}},"type":"if","locations":[{"start":{"line":357,"column":4},"end":{"line":372,"column":5}},{"start":{},"end":{}}],"line":357},"35":{"loc":{"start":{"line":379,"column":4},"end":{"line":382,"column":5}},"type":"if","locations":[{"start":{"line":379,"column":4},"end":{"line":382,"column":5}},{"start":{},"end":{}}],"line":379},"36":{"loc":{"start":{"line":388,"column":4},"end":{"line":394,"column":5}},"type":"if","locations":[{"start":{"line":388,"column":4},"end":{"line":394,"column":5}},{"start":{"line":391,"column":11},"end":{"line":394,"column":5}}],"line":388},"37":{"loc":{"start":{"line":405,"column":4},"end":{"line":427,"column":5}},"type":"switch","locations":[{"start":{"line":406,"column":8},"end":{"line":408,"column":18}},{"start":{"line":409,"column":8},"end":
[...]
":[{"start":{"line":995,"column":4},"end":{"line":1022,"column":5}},{"start":{},"end":{}}],"line":995},"79":{"loc":{"start":{"line":998,"column":12},"end":{"line":1000,"column":13}},"type":"if","locations":[{"start":{"line":998,"column":12},"end":{"line":1000,"column":13}},{"start":{},"end":{}}],"line":998},"80":{"loc":{"start":{"line":1016,"column":12},"end":{"line":1020,"column":13}},"type":"if","locations":[{"start":{"line":1016,"column":12},"end":{"line":1020,"column":13}},{"start":{"line":1018,"column":19},"end":{"line":1020,"column":13}}],"line":1016},"81":{"loc":{"start":{"line":1024,"column":4},"end":{"line":1032,"column":5}},"type":"if","locations":[{"start":{"line":1024,"column":4},"end":{"line":1032,"column":5}},{"start":{},"end":{}}],"line":1024},"82":{"loc":{"start":{"line":1053,"column":4},"end":{"line":1055,"column":5}},"type":"if","locations":[{"start":{"line":1053,"column":4},"end":{"line":1055,"column":5}},{"start":{},"end":{}}],"line":1053},"83":{"loc":{"start":{"line":1076,"column":4},"end":{"line":1078,"column":5}},"type":"if","locations":[{"start":{"line":1076,"column":4},"end":{"line":1078,"column":5}},{"start":{},"end":{}}],"line":1076},"84":{"loc":{"start":{"line":1086,"column":8},"end":{"line":1088,"column":9}},"type":"if","locations":[{"start":{"line":1086,"column":8},"end":{"line":1088,"column":9}},{"start":{},"end":{}}],"line":1086},"85":{"loc":{"start":{"line":1086,"column":12},"end":{"line":1086,"column":98}},"type":"binary-expr","locations":[{"start":{"line":1086,"column":12},"end":{"line":1086,"column":47}},{"start":{"line":1086,"column":51},"end":{"line":1086,"column":98}}],"line":1086},"86":{"loc":{"start":{"line":1092,"column":12},"end":{"line":1092,"column":60}},"type":"if","locations":[{"start":{"line":1092,"column":12},"end":{"line":1092,"column":60}},{"start":{},"end":{}}],"line":1092},"87":{"loc":{"start":{"line":1102,"column":16},"end":{"line":1122,"column":17}},"type":"if","locations":[{"start":{"line":1102,"column":16},"end":{"line":1122,"column":17}},{"start":{},"end":{}}],"line":1102},"88":{"loc":{"start":{"line":1104,"column":20},"end":{"line":1111,"column":21}},"type":"if","locations":[{"start":{"line":1104,"column":20},"end":{"line":1111,"column":21}},{"start":{},"end":{}}],"line":1104},"89":{"loc":{"start":{"line":1107,"column":28},"end":{"line":1107,"column":77}},"type":"if","locations":[{"start":{"line":1107,"column":28},"end":{"line":1107,"column":77}},{"start":{},"end":{}}],"line":1107},"90":{"loc":{"start":{"line":1113,"column":35},"end":{"line":1113,"column":92}},"type":"cond-expr","locations":[{"start":{"line":1113,"column":59},"end":{"line":1113,"column":87}},{"start":{"line":1113,"column":90},"end":{"line":1113,"column":92}}],"line":1113},"91":{"loc":{"start":{"line":1117,"column":28},"end":{"line":1117,"column":76}},"type":"if","locations":[{"start":{"line":1117,"column":28},"end":{"line":1117,"column":76}},{"start":{},"end":{}}],"line":1117},"92":{"loc":{"start":{"line":1133,"column":33},"end":{"line":1133,"column":62}},"type":"default-arg","locations":[{"start":{"line":1133,"column":43},"end":{"line":1133,"column":62}}],"line":1133},"93":{"loc":{"start":{"line":1154,"column":8},"end":{"line":1156,"column":9}},"type":"if","locations":[{"start":{"line":1154,"column":8},"end":{"line":1156,"column":9}},{"start":{},"end":{}}],"line":1154},"94":{"loc":{"start":{"line":1164,"column":4},"end":{"line":1174,"column":5}},"type":"if","locations":[{"start":{"line":1164,"column":4},"end":{"line":1174,"column":5}},{"start":{},"end":{}}],"line":1164},"95":{"loc":{"start":{"line":1181,"column":4},"end":{"line":1189,"column":5}},"type":"if","locations":[{"start":{"line":1181,"column":4},"end":{"line":1189,"column":5}},{"start":{},"end":{}}],"line":1181},"96":{"loc":{"start":{"line":1211,"column":36},"end":{"line":1211,"column":65}},"type":"binary-expr","locations":[{"start":{"line":1211,"column":36},"end":{"line":1211,"column":60}},{"start":{"line":1211,"column":64},"end":{"line":1211,"column":65}}],"line":1211},"97":{"loc":{"start":{"line":1220,"column":8},"end":{"line":1223,"column":9}},"type":"if","locations":[{"start":{"line":1220,"column":8},"end":{"line":1223,"column":9}},{"start":{},"end":{}}],"line":1220},"98":{"loc":{"start":{"line":1220,"column":12},"end":{"line":1220,"column":66}},"type":"binary-expr","locations":[{"start":{"line":1220,"column":12},"end":{"line":1220,"column":24}},{"start":{"line":1220,"column":28},"end":{"line":1220,"column":66}}],"line":1220},"99":{"loc":{"start":{"line":1222,"column":55},"end":{"line":1222,"column":77}},"type":"cond-expr","locations":[{"start":{"line":1222,"column":69},"end":{"line":1222,"column":72}},{"start":{"line":1222,"column":75},"end":{"line":1222,"column":77}}],"line":1222},"100":{"loc":{"start":{"line":1237,"column":8},"end":{"line":1248,"column":9}},"type":"if","locations":[{"start":{"line":1237,"column":8},"end":{"line":1248,"column":9}},{"start":{},"end":{}}],"line":1237},"101":{"loc":{"start":{"line":1239,"column":12},"end":{"line":1241,"column":13}},"type":"if","locations":[{"start":{"line":1239,"column":12},"end":{"line":1241,"column":13}},{"start":{},"end":{}}],"line":1239},"102":{"loc":{"start":{"line":1239,"column":16},"end":{"line":1239,"column":93}},"type":"binary-expr","locations":[{"start":{"line":1239,"column":16},"end":{"line":1239,"column":32}},{"start":{"line":1239,"column":36},"end":{"line":1239,"column":93}}],"line":1239},"103":{"loc":{"start":{"line":1245,"column":12},"end":{"line":1247,"column":13}},"type":"if","locations":[{"start":{"line":1245,"column":12},"end":{"line":1247,"column":13}},{"start":{},"end":{}}],"line":1245},"104":{"loc":{"start":{"line":1251,"column":8},"end":{"line":1258,"column":9}},"type":"if","locations":[{"start":{"line":1251,"column":8},"end":{"line":1258,"column":9}},{"start":{},"end":{}}],"line":1251},"105":{"loc":{"start":{"line":1251,"column":12},"end":{"line":1251,"column":40}},"type":"binary-expr","locations":[{"start":{"line":1251,"column":12},"end":{"line":1251,"column":24}},{"start":{"line":1251,"column":28},"end":{"line":1251,"column":40}}],"line":1251},"106":{"loc":{"start":{"line":1254,"column":12},"end":{"line":1257,"column":13}},"type":"if","locations":[{"start":{"line":1254,"column":12},"end":{"line":1257,"column":13}},{"start":{},"end":{}}],"line":1254},"107":{"loc":{"start":{"line":1261,"column":8},"end":{"line":1267,"column":9}},"type":"if","locations":[{"start":{"line":1261,"column":8},"end":{"line":1267,"column":9}},{"start":{},"end":{}}],"line":1261},"108":{"loc":{"start":{"line":1261,"column":12},"end":{"line":1261,"column":53}},"type":"binary-expr","locations":[{"start":{"line":1261,"column":12},"end":{"line":1261,"column":25}},{"start":{"line":1261,"column":29},"end":{"line":1261,"column":39}},{"start":{"line":1261,"column":43},"end":{"line":1261,"column":53}}],"line":1261},"109":{"loc":{"start":{"line":1263,"column":12},"end":{"line":1266,"column":13}},"type":"if","locations":[{"start":{"line":1263,"column":12},"end":{"line":1266,"column":13}},{"start":{},"end":{}}],"line":1263},"110":{"loc":{"start":{"line":1263,"column":16},"end":{"line":1263,"column":69}},"type":"binary-expr","locations":[{"start":{"line":1263,"column":16},"end":{"line":1263,"column":27}},{"start":{"line":1263,"column":31},"end":{"line":1263,"column":69}}],"line":1263},"111":{"loc":{"start":{"line":1270,"column":8},"end":{"line":1276,"column":9}},"type":"if","locations":[{"start":{"line":1270,"column":8},"end":{"line":1276,"column":9}},{"start":{},"end":{}}],"line":1270},"112":{"loc":{"start":{"line":1270,"column":12},"end":{"line":1270,"column":38}},"type":"binary-expr","locations":[{"start":{"line":1270,"column":12},"end":{"line":1270,"column":25}},{"start":{"line":1270,"column":29},"end":{"line":1270,"column":38}}],"line":1270},"113":{"loc":{"start":{"line":1273,"column":12},"end":{"line":1275,"column":13}},"type":"if","locations":[{"start":{"line":1273,"column":12},"end":{"line":1275,"column":13}},{"start":{},"end":{}}],"line":1273},"114":{"loc":{"start":{"line":1286,"column":29},"end":{"line":1286,"column":108}},"type":"cond-expr","locations":[{"start":{"line":1286,"column":51},"end":{"line":1286,"column":82}},{"start":{"line":1286,"column":85},"end":{"line":1286,"column":108}}],"line":1286},"115":{"loc":{"start":{"line":1290,"column":12},"end":{"line":1293,"column":13}},"type":"if","locations":[{"start":{"line":1290,"column":12},"end":{"line":1293,"column":13}},{"start":{},"end":{}}],"line":1290},"116":{"loc":{"start":{"line":1290,"column":16},"end":{"line":1290,"column":50}},"type":"binary-expr","locations":[{"start":{"line":1290,"column":16},"end":{"line":1290,"column":33}},{"start":{"line":1290,"column":37},"end":{"line":1290,"column":50}}],"line":1290},"117":{"loc":{"start":{"line":1304,"column":16},"end":{"line":1307,"column":17}},"type":"if","locations":[{"start":{"line":1304,"column":16},"end":{"line":1307,"column":17}},{"start":{},"end":{}}],"line":1304},"118":{"loc":{"start":{"line":1304,"column":20},"end":{"line":1304,"column":54}},"type":"binary-expr","locations":[{"start":{"line":1304,"column":20},"end":{"line":1304,"column":37}},{"start":{"line":1304,"column":41},"end":{"line":1304,"column":54}}],"line":1304},"119":{"loc":{"start":{"line":1319,"column":16},"end":{"line":1322,"column":17}},"type":"if","locations":[{"start":{"line":1319,"column":16},"end":{"line":1322,"column":17}},{"start":{},"end":{}}],"line":1319},"120":{"loc":{"start":{"line":1319,"column":20},"end":{"line":1319,"column":54}},"type":"binary-expr","locations":[{"start":{"line":1319,"column":20},"end":{"line":1319,"column":37}},{"start":{"line":1319,"column":41},"end":{"line":1319,"column":54}}],"line":1319},"121":{"loc":{"start":{"line":1359,"column":39},"end":{"line":1359,"column":61}},"type":"default-arg","locations":[{"start":{"line":1359,"column":49},"end":{"line":1359,"column":61}}],"line":1359},"122":{"loc":{"start":{"line":1367,"column":4},"end":{"line":1369,"column":5}},"type":"if","locations":[{"start":{"line":1367,"column":4},"end":{"line":1369,"column":5}},{"start":{},"end":{}}],"line":1367},"123":{"loc":{"start":{"line":1375,"column":4},"end":{"line":1377,"column":5}},"type":"if","locations":[{"start":{"line":1375,"column":4},"end":{"line":1377,"column":5}},{"start":{},"end":{}}],"line":1375},"124":{"loc":{"start":{"line":1375,"column":8},"end":{"line":1375,"column":37}},"type":"binary-expr","locations":[{"start":{"line":1375,"column":8},"end":{"line":1375,"column":15}},{"start":{"line":1375,"column":19},"end":{"line":1375,"column":37}}],"line":1375},"125":{"loc":{"start":{"line":1387,"column":4},"end":{"line":1390,"column":5}},"type":"if","locations":[{"start":{"line":1387,"column":4},"end":{"line":1390,"column":5}},{"start":{},"end":{}}],"line":1387},"126":{"loc":{"start":{"line":1396,"column":4},"end":{"line":1398,"column":5}},"type":"if","locations":[{"start":{"line":1396,"column":4},"end":{"line":1398,"column":5}},{"start":{},"end":{}}],"line":1396},"127":{"loc":{"start":{"line":1396,"column":8},"end":{"line":1396,"column":51}},"type":"binary-expr","locations":[{"start":{"line":1396,"column":8},"end":{"line":1396,"column":22}},{"start":{"line":1396,"column":26},"end":{"line":1396,"column":51}}],"line":1396},"128":{"loc":{"start":{"line":1403,"column":4},"end":{"line":1409,"column":5}},"type":"if","locations":[{"start":{"line":1403,"column":4},"end":{"line":1409,"column":5}},{"start":{},"end":{}}],"line":1403},"129":{"loc":{"start":{"line":1405,"column":8},"end":{"line":1408,"column":9}},"type":"if","locations":[{"start":{"line":1405,"column":8},"end":{"line":1408,"column":9}},{"start":{},"end":{}}],"line":1405},"130":{"loc":{"start":{"line":1414,"column":4},"end":{"line":1416,"column":5}},"type":"if","locations":[{"start":{"line":1414,"column":4},"end":{"line":1416,"column":5}},{"start":{},"end":{}}],"line":1414},"131":{"loc":{"start":{"line":1421,"column":4},"end":{"line":1426,"column":5}},"type":"if","locations":[{"start":{"line":1421,"column":4},"end":{"line":1426,"column":5}},{"start":{},"end":{}}],"line":1421},"132":{"loc":{"start":{"line":1431,"column":4},"end":{"line":1433,"column":5}},"type":"if","locations":[{"start":{"line":1431,"column":4},"end":{"line":1433,"column":5}},{"start":{},"end":{}}],"line":1431},"133":{"loc":{"start":{"line":1437,"column":0},"end":{"line":1445,"column":1}},"type":"if","locations":[{"start":{"line":1437,"column":0},"end":{"line":1445,"column":1}},{"start":{},"end":{}}],"line":1437},"134":{"loc":{"start":{"line":1437,"column":4},"end":{"line":1437,"column":51}},"type":"binary-expr","locations":[{"start":{"line":1437,"column":4},"end":{"line":1437,"column":33}},{"start":{"line":1437,"column":37},"end":{"line":1437,"column":51}}],"line":1437}},"s":{"0":0,"1":0,"2":0,"3":0,"4":0,"5":0,"6":0,"7":0,"8":0,"9":0,"10":0,"11":0,"12":0,"13":0,"14":0,"15":0,"16":0,"17":0,"18":0,"19":0,"20":0,"21":0,"22":0,"23":0,"24":0,"25":0,"26":0,"27":0,"28":0,"29":0,"30":0,"31":0,"32":0,"33":0,"34":0,"35":0,"36":0,"37":0,"38":0,"39":0,"40":0,"41":0,"42":0,"43":0,"44":0,"45":0,"46":0,"47":0,"48":0,"49":0,"50":0,"51":0,"52":0,"53":0,"54":0,"55":0,"56":0,"57":0,"58":0,"59":0,"60":0,"61":0,"62":0,"63":0,"64":0,"65":0,"66":0,"67":0,"68":0,"69":0,"70":0,"71":0,"72":0,"73":0,"74":0,"75":0,"76":0,"77":0,"78":0,"79":0,"80":0,"81":0,"82":0,"83":0,"84":0,"85":0,"86":0,"87":0,"88":0,"89":0,"90":0,"91":0,"92":0,"93":0,"94":0,"95":0,"96":0,"97":0,"98":0,"99":0,"100":0,"101":0,"102":0,"103":0,"104":0,"105":0,"106":0,"107":0,"108":0,"109":0,"110":0,"111":0,"112":0,"113":0,"114":0,"115":0,"116":0,"117":0,"118":0,"119":0,"120":0,"121":0,"122":0,"123":0,"124":0,"125":0,"126":0,"127":0,"128":0,"129":0,"130":0,"131":0,"132":0,"133":0,"134":0,"135":0,"136":0,"137":0,"138":0,"139":0,"140":0,"141":0,"142":0,"143":0,"144":0,"145":0,"146":0,"147":0,"148":0,"149":0,"150":0,"151":0,"152":0,"153":0,"154":0,"155":0,"156":0,"157":0,"158":0,"159":0,"160":0,"161":0,"162":0,"163":0,"164":0,"165":0,"166":0,"167":0,"168":0,"169":0,"170":0,"171":0,"172":0,"173":0,"174":0,"175":0,"176":0,"177":0,"178":0,"179":0,"180":0,"181":0,"182":0,"183":0,"184":0,"185":0,"186":0,"187":0,"188":0,"189":0,"190":0,"191":0,"192":0,"193":0,"194":0,"195":0,"196":0,"197":0,"198":0,"199":0,"200":0,"201":0,"202":0,"203":0,"204":0,"205":0,"206":0,"207":0,"208":0,"209":0,"210":0,"211":0,"212":0,"213":0,"214":0,"215":0,"216":0,"217":0,"218":0,"219":0,"220":0,"221":0,"222":0,"223":0,"224":0,"225":0,"226":0,"227":0,"228":0,"229":0,"230":0,"231":0,"232":0,"233":0,"234":0,"235":0,"236":0,"237":0,"238":0,"239":0,"240":0,"241":0,"242":0,"243":0,"244":0,"245":0,"246":0,"247":0,"248":0,"249":0,"250":0,"251":0,"252":0,"253":0,"254":0,"255":0,"256":0,"257":0,"258":0,"259":0,"260":0,"261":0,"262":0,"263":0,"264":0,"265":0,"266":0,"267":0,"268":0,"269":0,"270":0,"271":0,"272":0,"273":0,"274":0,"275":0,"276":0,"277":0,"278":0,"279":0,"280":0,"281":0,"282":0,"283":0,"284":0,"285":0,"286":0,"287":0,"288":0,"289":0,"290":0,"291":0,"292":0,"293":0,"294":0,"295":0,"296":0,"297":0,"298":0,"299":0,"300":0,"301":0,"302":0,"303":0,"304":0,"305":0,"306":0,"307":0,"308":0,"309":0,"310":0,"311":0,"312":0,"313":0,"314":0,"315":0,"316":0,"317":0,"318":0,"319":0,"320":0,"321":0,"322":0,"323":0,"324":0,"325":0,"326":0,"327":0,"328":0,"329":0,"330":0,"331":0,"332":0,"333":0,"334":0,"335":0,"336":0,"337":0,"338":0,"339":0,"340":0,"341":0,"342":0,"343":0,"344":0,"345":0,"346":0,"347":0,"348":0,"349":0,"350":0,"351":0,"352":0,"353":0,"354":0,"355":0,"356":0,"357":0,"358":0,"359":0,"360":0,"361":0,"362":0,"363":0,"364":0,"365":0,"366":0,"367":0,"368":0,"369":0,"370":0,"371":0,"372":0,"373":0,"374":0,"375":0,"376":0,"377":0,"378":0,"379":0,"380":0,"381":0,"382":0,"383":0,"384":0,"385":0,"386":0,"387":0,"388":0,"389":0,"390":0,"391":0,"392":0,"393":0,"394":0,"395":0,"396":0,"397":0,"398":0,"399":0,"400":0,"401":0,"402":0,"403":0,"404":0,"405":0,"406":0,"407":0,"408":0,"409":0,"410":0,"411":0,"412":0,"413":0,"414":0,"415":0,"416":0,"417":0,"418":0,"419":0,"420":0,"421":0,"422":0,"423":0,"424":0,"425":0,"426":0,"427":0,"428":0,"429":0,"430":0,"431":0,"432":0,"433":0,"434":0,"435":0,"436":0,"437":0,"438":0,"439":0,"440":0,"441":0,"442":0,"443":0,"444":0,"445":0,"446":0,"447":0,"448":0,"449":0,"450":0,"451":0,"452":0,"453":0,"454":0,"455":0,"456":0,"457":0,"458":0,"459":0,"460":0,"461":0,"462":0,"463":0,"464":0,"465":0,"466":0,"467":0,"468":0,"469":0,"470":0,"471":0,"472":0,"473":0,"474":0,"475":0,"476":0,"477":0,"478":0,"479":0,"480":0,"481":0,"482":0,"483":0,"484":0,"485":0,"486":0,"487":0,"488":0,"489":0,"490":0,"491":0,"492":0,"493":0,"494":0,"495":0,"496":0,"497":0,"498":0,"499":0,"500":0,"501":0,"502":0,"503":0,"504":0,"505":0,"506":0,"507":0,"508":0,"509":0,"510":0,"511":0,"512":0,"513":0,"514":0,"515":0,"516":0,"517":0,"518":0,"519":0,"520":0,"521":0,"522":0,"523":0,"524":0,"525":0,"526":0,"527":0,"528":0,"529":0,"530":0,"531":0,"532":0,"533":0,"534":0,"535":0,"536":0,"537":0,"538":0,"539":0,"540":0,"541":0,"542":0,"543":0,"544":0,"545":0,"546":0,"547":0,"548":0,"549":0,"550":0,"551":0,"552":0,"553":0,"554":0,"555":0,"556":0,"557":0,"558":0,"559":0,"560":0,"561":0,"562":0,"563":0,"564":0,"565":0,"566":0,"567":0,"568":0,"569":0,"570":0,"571":0,"572":0,"573":0,"574":0,"575":0,"576":0,"577":0,"578":0,"579":0,"580":0,"581":0,"582":0,"583":0,"584":0,"585":0,"586":0,"587":0,"588":0,"589":0,"590":0,"591":0,"592":0,"593":0,"594":0,"595":0,"596":0,"597":0,"598":0,"599":0,"600":0,"601":0,"602":0,"603":0,"604":0,"605":0,"606":0,"607":0,"608":0,"609":0,"610":0,"611":0,"612":0},"f":{"0":0,"1":0,"2":0,"3":0,"4":0,"5":0,"6":0,"7":0,"8":0,"9":0,"10":0,"11":0,"12":0,"13":0,"14":0,"15":0,"16":0,"17":0,"18":0,"19":0,"20":0,"21":0,"22":0,"23":0,"24":0,"25":0,"26":0,"27":0,"28":0,"29":0,"30":0,"31":0,"32":0,"33":0,"34":0,"35":0,"36":0,"37":0,"38":0,"39":0,"40":0,"41":0,"42":0,"43":0,"44":0,"45":0,"46":0,"47":0,"48":0,"49":0,"50":0,"51":0,"52":0,"53":0,"54":0,"55":0,"56":0,"57":0,"58":0,"59":0,"60":0,"61":0,"62":0,"63":0,"64":0,"65":0,"66":0,"67":0,"68":0,"69":0,"70":0,"71":0,"72":0,"73":0,"74":0,"75":0,"76":0,"77":0,"78":0,"79":0,"80":0,"81":0,"82":0,"83":0,"84":0,"85":0,"86":0,"87":0,"88":0,"89":0,"90":0,"91":0,"92":0,"93":0,"94":0,"95":0,"96":0,"97":0,"98":0,"99":0,"100":0,"101":0,"102":0,"103":0,"104":0,"105":0,"106":0,"107":0,"108":0,"109":0,"110":0,"111":0,"112":0,"113":0,"114":0,"115":0,"116":0,"117":0,"118":0,"119":0,"120":0,"121":0,"122":0,"123":0,"124":0,"125":0},"b":{"0":[0],"1":[0,0],"2":[0,0,0,0,0,0,0],"3":[0,0],"4":[0,0],"5":[0,0],"6":[0,0],"7":[0,0],"8":[0,0],"9":[0,0],"10":[0,0],"11":[0,0],"12":[0,0],"13":[0,0],"14":[0,0],"15":[0,0],"16":[0,0,0],"17":[0,0],"18":[0,0],"19":[0],"20":[0],"21":[0],"22":[0],"23":[0,0],"24":[0,0],"25":[0,0],"26":[0,0],"27":[0,0],"28":[0,0,0,0,0],"29":[0,0,0,0],"30":[0,0],"31":[0,0],"32":[0,0],"33":[0,0],"34":[0,0],"35":[0,0],"36":[0,0],"37":[0,0,0],"38":[0,0],"39":[0,0],"40":[0,0],"41":[0,0],"42":[0,0],"43":[0,0],"44":[0,0],"45":[0,0],"46":[0,0],"47":[0,0],"48":[0,0],"49":[0,0],"50":[0,0],"51":[0,0],"52":[0,0],"53":[0,0],"54":[0,0],"55":[0,0],"56":[0,0],"57":[0,0],"58":[0,0],"59":[0,0],"60":[0,0],"61":[0,0],"62":[0,0],"63":[0,0],"64":[0,0],"65":[0,0],"66":[0,0],"67":[0,0],"68":[0,0],"69":[0,0],"70":[0,0],"71":[0,0],"72":[0,0],"73":[0,0],"74":[0,0],"75":[0,0],"76":[0,0],"77":[0,0],"78":[0,0],"79":[0,0],"80":[0,0],"81":[0,0],"82":[0,0],"83":[0,0],"84":[0,0],"85":[0,0],"86":[0,0],"87":[0,0],"88":[0,0],"89":[0,0],"90":[0,0],"91":[0,0],"92":[0],"93":[0,0],"94":[0,0],"95":[0,0],"96":[0,0],"97":[0,0],"98":[0,0],"99":[0,0],"100":[0,0],"101":[0,0],"102":[0,0],"103":[0,0],"104":[0,0],"105":[0,0],"106":[0,0],"107":[0,0],"108":[0,0,0],"109":[0,0],"110":[0,0],"111":[0,0],"112":[0,0],"113":[0,0],"114":[0,0],"115":[0,0],"116":[0,0],"117":[0,0],"118":[0,0],"119":[0,0],"120":[0,0],"121":[0],"122":[0,0],"123":[0,0],"124":[0,0],"125":[0,0],"126":[0,0],"127":[0,0],"128":[0,0],"129":[0,0],"130":[0,0],"131":[0,0],"132":[0,0],"133":[0,0],"134":[0,0]}}
}
