TN:
SF:generate-review-pages.js
FN:24,(anonymous_0)
FNF:1
FNH:0
FNDA:0,(anonymous_0)
DA:1,0
DA:2,0
DA:5,0
DA:6,0
DA:9,0
DA:10,0
DA:11,0
DA:15,0
DA:18,0
DA:19,0
DA:20,0
DA:24,0
DA:25,0
DA:96,0
DA:97,0
DA:98,0
DA:101,0
LF:17
LH:0
BRDA:10,0,0,0
BRDA:10,0,1,0
BRDA:19,1,0,0
BRDA:19,1,1,0
BRF:4
BRH:0
end_of_record
TN:
SF:reviews-data.js
FNF:0
FNH:0
DA:22,0
DA:638,0
DA:639,0
LF:3
LH:0
BRDA:638,0,0,0
BRDA:638,0,1,0
BRDA:638,1,0,0
BRDA:638,1,1,0
BRF:4
BRH:0
end_of_record
TN:
SF:script.js
FN:38,(anonymous_0)
FN:47,(anonymous_1)
FN:75,(anonymous_2)
FN:80,checkForSharedReview
FN:98,(anonymous_4)
FN:102,(anonymous_5)
FN:112,initializeApp
FN:128,setupHeaderNavigation
FN:132,(anonymous_8)
FN:140,(anonymous_9)
FN:141,(anonymous_10)
FN:145,(anonymous_11)
FN:156,loadReviews
FN:172,(anonymous_13)
FN:180,(anonymous_14)
FN:190,(anonymous_15)
FN:221,(anonymous_16)
FN:238,createReviewElement
FN:280,(anonymous_18)
FN:289,(anonymous_19)
FN:290,(anonymous_20)
FN:298,(anonymous_21)
FN:309,(anonymous_22)
FN:314,(anonymous_23)
FN:319,(anonymous_24)
FN:327,navigateToReview
FN:328,(anonymous_26)
FN:335,shareReview
FN:365,(anonymous_28)
FN:367,(anonymous_29)
FN:385,showShareNotification
FN:407,(anonymous_31)
FN:409,(anonymous_32)
FN:417,insertImagesInContent
FN:431,(anonymous_34)
FN:455,(anonymous_35)
FN:473,updateMetaTag
FN:491,getAbsoluteUrl
FN:505,convertToEmbedUrl
FN:523,createReviewPage
FN:560,(anonymous_40)
FN:583,(anonymous_41)
FN:584,(anonymous_42)
FN:592,(anonymous_43)
FN:600,returnToHomepage
FN:636,(anonymous_45)
FN:650,createReviewContentHTML
FN:763,loadRelatedReviews
FN:765,(anonymous_48)
FN:766,(anonymous_49)
FN:776,(anonymous_50)
FN:800,(anonymous_51)
FN:808,updateLoadMoreButton
FN:817,setupEventListeners
FN:820,(anonymous_54)
FN:830,(anonymous_55)
FN:838,(anonymous_56)
FN:839,(anonymous_57)
FN:852,setupAccessibility
FN:862,(anonymous_59)
FN:868,(anonymous_60)
FN:882,setupCategoryFiltering
FN:885,(anonymous_62)
FN:886,(anonymous_63)
FN:891,(anonymous_64)
FN:908,setupSortDropdown
FN:912,(anonymous_66)
FN:920,setupSearch
FN:926,(anonymous_68)
FN:935,(anonymous_69)
FN:940,(anonymous_70)
FN:954,(anonymous_71)
FN:965,debounce
FN:967,executedFunction
FN:968,(anonymous_74)
FN:978,handleImageError
FN:985,handleImageLoad
FN:996,setupImageErrorHandling
FN:999,(anonymous_78)
FN:1000,(anonymous_79)
FN:1001,(anonymous_80)
FN:1005,(anonymous_81)
FN:1006,(anonymous_82)
FN:1007,(anonymous_83)
FN:1011,(anonymous_84)
FN:1012,(anonymous_85)
FN:1016,(anonymous_86)
FN:1017,(anonymous_87)
FN:1018,(anonymous_88)
FN:1031,handleFetchError
FN:1051,(anonymous_90)
FN:1058,handleReviewLoadError
FN:1075,handleSearchError
FN:1083,(anonymous_93)
FN:1091,(anonymous_94)
FN:1097,(anonymous_95)
FN:1104,updateCategoryCounts
FN:1107,(anonymous_97)
FN:1114,(anonymous_98)
FN:1126,(anonymous_99)
FN:1132,setupKeyboardNavigation
FN:1133,(anonymous_101)
FN:1179,(anonymous_102)
FN:1187,(anonymous_103)
FN:1196,addKeyboardSupportToReviewCards
FN:1198,(anonymous_105)
FN:1201,(anonymous_106)
FN:1211,addKeyboardSupportToShareButtons
FN:1213,(anonymous_108)
FN:1216,(anonymous_109)
FN:1231,(anonymous_110)
FN:1234,(anonymous_111)
FN:1243,(anonymous_112)
FN:1246,(anonymous_113)
FN:1257,showLoadingSpinner
FN:1272,hideLoadingSpinner
FN:1278,showImageLoadingState
FN:1293,hideImageLoadingState
FN:1299,showSearchLoading
FN:1310,hideSearchLoading
FN:1317,showReviewsLoading
FN:1327,hideReviewsLoading
FNF:122
FNH:0
FNDA:0,(anonymous_0)
FNDA:0,(anonymous_1)
FNDA:0,(anonymous_2)
FNDA:0,checkForSharedReview
FNDA:0,(anonymous_4)
FNDA:0,(anonymous_5)
FNDA:0,initializeApp
FNDA:0,setupHeaderNavigation
FNDA:0,(anonymous_8)
FNDA:0,(anonymous_9)
FNDA:0,(anonymous_10)
FNDA:0,(anonymous_11)
FNDA:0,loadReviews
FNDA:0,(anonymous_13)
FNDA:0,(anonymous_14)
FNDA:0,(anonymous_15)
FNDA:0,(anonymous_16)
FNDA:0,createReviewElement
FNDA:0,(anonymous_18)
FNDA:0,(anonymous_19)
FNDA:0,(anonymous_20)
FNDA:0,(anonymous_21)
FNDA:0,(anonymous_22)
FNDA:0,(anonymous_23)
FNDA:0,(anonymous_24)
FNDA:0,navigateToReview
FNDA:0,(anonymous_26)
FNDA:0,shareReview
FNDA:0,(anonymous_28)
FNDA:0,(anonymous_29)
FNDA:0,showShareNotification
FNDA:0,(anonymous_31)
FNDA:0,(anonymous_32)
FNDA:0,insertImagesInContent
FNDA:0,(anonymous_34)
FNDA:0,(anonymous_35)
FNDA:0,updateMetaTag
FNDA:0,getAbsoluteUrl
FNDA:0,convertToEmbedUrl
FNDA:0,createReviewPage
FNDA:0,(anonymous_40)
FNDA:0,(anonymous_41)
FNDA:0,(anonymous_42)
FNDA:0,(anonymous_43)
FNDA:0,returnToHomepage
FNDA:0,(anonymous_45)
FNDA:0,createReviewContentHTML
FNDA:0,loadRelatedReviews
FNDA:0,(anonymous_48)
FNDA:0,(anonymous_49)
FNDA:0,(anonymous_50)
FNDA:0,(anonymous_51)
FNDA:0,updateLoadMoreButton
FNDA:0,setupEventListeners
FNDA:0,(anonymous_54)
FNDA:0,(anonymous_55)
FNDA:0,(anonymous_56)
FNDA:0,(anonymous_57)
FNDA:0,setupAccessibility
FNDA:0,(anonymous_59)
FNDA:0,(anonymous_60)
FNDA:0,setupCategoryFiltering
FNDA:0,(anonymous_62)
FNDA:0,(anonymous_63)
FNDA:0,(anonymous_64)
FNDA:0,setupSortDropdown
FNDA:0,(anonymous_66)
FNDA:0,setupSearch
FNDA:0,(anonymous_68)
FNDA:0,(anonymous_69)
FNDA:0,(anonymous_70)
FNDA:0,(anonymous_71)
FNDA:0,debounce
FNDA:0,executedFunction
FNDA:0,(anonymous_74)
FNDA:0,handleImageError
FNDA:0,handleImageLoad
FNDA:0,setupImageErrorHandling
FNDA:0,(anonymous_78)
FNDA:0,(anonymous_79)
FNDA:0,(anonymous_80)
FNDA:0,(anonymous_81)
FNDA:0,(anonymous_82)
FNDA:0,(anonymous_83)
FNDA:0,(anonymous_84)
FNDA:0,(anonymous_85)
FNDA:0,(anonymous_86)
FNDA:0,(anonymous_87)
FNDA:0,(anonymous_88)
FNDA:0,handleFetchError
FNDA:0,(anonymous_90)
FNDA:0,handleReviewLoadError
FNDA:0,handleSearchError
FNDA:0,(anonymous_93)
FNDA:0,(anonymous_94)
FNDA:0,(anonymous_95)
FNDA:0,updateCategoryCounts
FNDA:0,(anonymous_97)
FNDA:0,(anonymous_98)
FNDA:0,(anonymous_99)
FNDA:0,setupKeyboardNavigation
FNDA:0,(anonymous_101)
FNDA:0,(anonymous_102)
FNDA:0,(anonymous_103)
FNDA:0,addKeyboardSupportToReviewCards
FNDA:0,(anonymous_105)
FNDA:0,(anonymous_106)
FNDA:0,addKeyboardSupportToShareButtons
FNDA:0,(anonymous_108)
FNDA:0,(anonymous_109)
FNDA:0,(anonymous_110)
FNDA:0,(anonymous_111)
FNDA:0,(anonymous_112)
FNDA:0,(anonymous_113)
FNDA:0,showLoadingSpinner
FNDA:0,hideLoadingSpinner
FNDA:0,showImageLoadingState
FNDA:0,hideImageLoadingState
FNDA:0,showSearchLoading
FNDA:0,hideSearchLoading
FNDA:0,showReviewsLoading
FNDA:0,hideReviewsLoading
DA:9,0
DA:31,0
DA:32,0
DA:33,0
DA:34,0
DA:35,0
DA:38,0
DA:39,0
DA:42,0
DA:43,0
DA:45,0
DA:46,0
DA:47,0
DA:49,0
DA:51,0
DA:52,0
DA:53,0
DA:54,0
DA:55,0
DA:57,0
DA:58,0
DA:59,0
DA:60,0
DA:63,0
DA:64,0
DA:65,0
DA:66,0
DA:71,0
DA:75,0
DA:76,0
DA:81,0
DA:82,0
DA:83,0
DA:85,0
DA:88,0
DA:89,0
DA:90,0
DA:93,0
DA:94,0
DA:97,0
DA:98,0
DA:100,0
DA:102,0
DA:103,0
DA:106,0
DA:108,0
DA:114,0
DA:115,0
DA:118,0
DA:119,0
DA:120,0
DA:121,0
DA:122,0
DA:123,0
DA:124,0
DA:125,0
DA:130,0
DA:131,0
DA:132,0
DA:133,0
DA:134,0
DA:139,0
DA:140,0
DA:141,0
DA:142,0
DA:143,0
DA:145,0
DA:146,0
DA:147,0
DA:148,0
DA:149,0
DA:157,0
DA:159,0
DA:160,0
DA:161,0
DA:164,0
DA:165,0
DA:168,0
DA:171,0
DA:172,0
DA:173,0
DA:178,0
DA:179,0
DA:180,0
DA:181,0
DA:190,0
DA:191,0
DA:194,0
DA:195,0
DA:196,0
DA:199,0
DA:202,0
DA:203,0
DA:204,0
DA:206,0
DA:211,0
DA:212,0
DA:213,0
DA:216,0
DA:217,0
DA:221,0
DA:222,0
DA:223,0
DA:227,0
DA:228,0
DA:231,0
DA:233,0
DA:234,0
DA:239,0
DA:240,0
DA:241,0
DA:242,0
DA:243,0
DA:244,0
DA:246,0
DA:280,0
DA:282,0
DA:283,0
DA:288,0
DA:289,0
DA:290,0
DA:291,0
DA:292,0
DA:293,0
DA:298,0
DA:299,0
DA:300,0
DA:301,0
DA:306,0
DA:307,0
DA:309,0
DA:310,0
DA:314,0
DA:315,0
DA:319,0
DA:320,0
DA:324,0
DA:328,0
DA:329,0
DA:331,0
DA:338,0
DA:340,0
DA:343,0
DA:347,0
DA:348,0
DA:349,0
DA:350,0
DA:351,0
DA:352,0
DA:354,0
DA:356,0
DA:358,0
DA:359,0
DA:361,0
DA:362,0
DA:365,0
DA:366,0
DA:369,0
DA:370,0
DA:371,0
DA:372,0
DA:373,0
DA:374,0
DA:375,0
DA:377,0
DA:380,0
DA:381,0
DA:387,0
DA:388,0
DA:389,0
DA:390,0
DA:404,0
DA:407,0
DA:408,0
DA:409,0
DA:410,0
DA:411,0
DA:418,0
DA:419,0
DA:422,0
DA:423,0
DA:425,0
DA:426,0
DA:430,0
DA:431,0
DA:435,0
DA:436,0
DA:438,0
DA:440,0
DA:441,0
DA:443,0
DA:444,0
DA:445,0
DA:447,0
DA:448,0
DA:449,0
DA:452,0
DA:453,0
DA:455,0
DA:456,0
DA:459,0
DA:460,0
DA:465,0
DA:469,0
DA:474,0
DA:477,0
DA:478,0
DA:479,0
DA:480,0
DA:482,0
DA:484,0
DA:487,0
DA:492,0
DA:493,0
DA:497,0
DA:498,0
DA:500,0
DA:506,0
DA:509,0
DA:510,0
DA:511,0
DA:515,0
DA:516,0
DA:517,0
DA:520,0
DA:525,0
DA:528,0
DA:531,0
DA:532,0
DA:533,0
DA:537,0
DA:538,0
DA:539,0
DA:540,0
DA:541,0
DA:542,0
DA:543,0
DA:544,0
DA:545,0
DA:546,0
DA:549,0
DA:550,0
DA:553,0
DA:554,0
DA:555,0
DA:556,0
DA:559,0
DA:560,0
DA:561,0
DA:565,0
DA:566,0
DA:567,0
DA:571,0
DA:572,0
DA:573,0
DA:576,0
DA:577,0
DA:578,0
DA:582,0
DA:583,0
DA:584,0
DA:585,0
DA:586,0
DA:587,0
DA:592,0
DA:593,0
DA:597,0
DA:602,0
DA:605,0
DA:608,0
DA:609,0
DA:610,0
DA:614,0
DA:615,0
DA:616,0
DA:617,0
DA:618,0
DA:619,0
DA:620,0
DA:621,0
DA:622,0
DA:625,0
DA:626,0
DA:629,0
DA:630,0
DA:631,0
DA:632,0
DA:635,0
DA:636,0
DA:637,0
DA:641,0
DA:642,0
DA:643,0
DA:647,0
DA:651,0
DA:764,0
DA:765,0
DA:767,0
DA:768,0
DA:769,0
DA:772,0
DA:774,0
DA:776,0
DA:777,0
DA:778,0
DA:779,0
DA:780,0
DA:781,0
DA:782,0
DA:784,0
DA:800,0
DA:801,0
DA:804,0
DA:809,0
DA:810,0
DA:812,0
DA:813,0
DA:819,0
DA:820,0
DA:821,0
DA:826,0
DA:827,0
DA:829,0
DA:830,0
DA:831,0
DA:832,0
DA:833,0
DA:838,0
DA:839,0
DA:840,0
DA:841,0
DA:842,0
DA:843,0
DA:854,0
DA:855,0
DA:856,0
DA:857,0
DA:858,0
DA:861,0
DA:862,0
DA:863,0
DA:864,0
DA:868,0
DA:870,0
DA:871,0
DA:872,0
DA:874,0
DA:875,0
DA:876,0
DA:883,0
DA:885,0
DA:886,0
DA:887,0
DA:888,0
DA:891,0
DA:892,0
DA:895,0
DA:896,0
DA:897,0
DA:900,0
DA:909,0
DA:911,0
DA:912,0
DA:913,0
DA:914,0
DA:915,0
DA:921,0
DA:922,0
DA:924,0
DA:926,0
DA:927,0
DA:928,0
DA:930,0
DA:931,0
DA:932,0
DA:935,0
DA:936,0
DA:940,0
DA:941,0
DA:942,0
DA:945,0
DA:946,0
DA:948,0
DA:953,0
DA:954,0
DA:955,0
DA:956,0
DA:957,0
DA:958,0
DA:959,0
DA:967,0
DA:968,0
DA:969,0
DA:970,0
DA:972,0
DA:973,0
DA:979,0
DA:980,0
DA:981,0
DA:982,0
DA:986,0
DA:987,0
DA:990,0
DA:991,0
DA:992,0
DA:998,0
DA:999,0
DA:1000,0
DA:1001,0
DA:1005,0
DA:1006,0
DA:1007,0
DA:1008,0
DA:1010,0
DA:1011,0
DA:1012,0
DA:1015,0
DA:1016,0
DA:1017,0
DA:1018,0
DA:1025,0
DA:1032,0
DA:1035,0
DA:1036,0
DA:1037,0
DA:1048,0
DA:1051,0
DA:1052,0
DA:1053,0
DA:1059,0
DA:1061,0
DA:1062,0
DA:1063,0
DA:1076,0
DA:1078,0
DA:1079,0
DA:1080,0
DA:1081,0
DA:1083,0
DA:1084,0
DA:1085,0
DA:1091,0
DA:1092,0
DA:1093,0
DA:1097,0
DA:1098,0
DA:1099,0
DA:1106,0
DA:1107,0
DA:1108,0
DA:1109,0
DA:1113,0
DA:1114,0
DA:1115,0
DA:1116,0
DA:1118,0
DA:1119,0
DA:1120,0
DA:1126,0
DA:1133,0
DA:1135,0
DA:1136,0
DA:1137,0
DA:1138,0
DA:1142,0
DA:1143,0
DA:1144,0
DA:1149,0
DA:1150,0
DA:1151,0
DA:1152,0
DA:1153,0
DA:1154,0
DA:1159,0
DA:1160,0
DA:1161,0
DA:1162,0
DA:1163,0
DA:1168,0
DA:1169,0
DA:1170,0
DA:1171,0
DA:1172,0
DA:1178,0
DA:1179,0
DA:1180,0
DA:1183,0
DA:1184,0
DA:1185,0
DA:1187,0
DA:1188,0
DA:1189,0
DA:1190,0
DA:1197,0
DA:1198,0
DA:1199,0
DA:1201,0
DA:1202,0
DA:1203,0
DA:1204,0
DA:1212,0
DA:1213,0
DA:1214,0
DA:1216,0
DA:1217,0
DA:1218,0
DA:1219,0
DA:1226,0
DA:1227,0
DA:1230,0
DA:1231,0
DA:1232,0
DA:1234,0
DA:1235,0
DA:1236,0
DA:1238,0
DA:1243,0
DA:1244,0
DA:1246,0
DA:1247,0
DA:1248,0
DA:1250,0
DA:1258,0
DA:1259,0
DA:1260,0
DA:1265,0
DA:1266,0
DA:1269,0
DA:1273,0
DA:1274,0
DA:1279,0
DA:1280,0
DA:1281,0
DA:1284,0
DA:1285,0
DA:1286,0
DA:1287,0
DA:1290,0
DA:1294,0
DA:1295,0
DA:1300,0
DA:1301,0
DA:1302,0
DA:1303,0
DA:1304,0
DA:1305,0
DA:1311,0
DA:1312,0
DA:1313,0
DA:1318,0
DA:1319,0
DA:1321,0
DA:1322,0
DA:1323,0
DA:1328,0
DA:1329,0
DA:1330,0
DA:1335,0
DA:1336,0
LF:559
LH:0
BRDA:45,0,0,0
BRDA:45,0,1,0
BRDA:49,1,0,0
BRDA:49,1,1,0
BRDA:65,2,0,0
BRDA:65,2,1,0
BRDA:89,3,0,0
BRDA:89,3,1,0
BRDA:93,4,0,0
BRDA:93,4,1,0
BRDA:97,5,0,0
BRDA:97,5,1,0
BRDA:100,6,0,0
BRDA:100,6,1,0
BRDA:106,7,0,0
BRDA:106,7,1,0
BRDA:106,8,0,0
BRDA:106,8,1,0
BRDA:106,8,2,0
BRDA:131,9,0,0
BRDA:131,9,1,0
BRDA:148,10,0,0
BRDA:148,10,1,0
BRDA:156,11,0,0
BRDA:156,12,0,0
BRDA:156,13,0,0
BRDA:156,14,0,0
BRDA:164,15,0,0
BRDA:164,15,1,0
BRDA:164,16,0,0
BRDA:164,16,1,0
BRDA:171,17,0,0
BRDA:171,17,1,0
BRDA:171,18,0,0
BRDA:171,18,1,0
BRDA:178,19,0,0
BRDA:178,19,1,0
BRDA:181,20,0,0
BRDA:181,20,1,0
BRDA:181,20,2,0
BRDA:181,20,3,0
BRDA:181,20,4,0
BRDA:191,21,0,0
BRDA:191,21,1,0
BRDA:191,21,2,0
BRDA:191,21,3,0
BRDA:216,22,0,0
BRDA:216,22,1,0
BRDA:282,23,0,0
BRDA:282,23,1,0
BRDA:299,24,0,0
BRDA:299,24,1,0
BRDA:299,25,0,0
BRDA:299,25,1,0
BRDA:307,26,0,0
BRDA:307,26,1,0
BRDA:329,27,0,0
BRDA:329,27,1,0
BRDA:338,28,0,0
BRDA:338,28,1,0
BRDA:356,29,0,0
BRDA:356,29,1,0
BRDA:356,29,2,0
BRDA:380,30,0,0
BRDA:380,30,1,0
BRDA:410,31,0,0
BRDA:410,31,1,0
BRDA:422,32,0,0
BRDA:422,32,1,0
BRDA:425,33,0,0
BRDA:425,33,1,0
BRDA:430,34,0,0
BRDA:430,34,1,0
BRDA:438,35,0,0
BRDA:438,35,1,0
BRDA:441,36,0,0
BRDA:441,36,1,0
BRDA:445,37,0,0
BRDA:445,37,1,0
BRDA:459,38,0,0
BRDA:459,38,1,0
BRDA:459,39,0,0
BRDA:459,39,1,0
BRDA:474,40,0,0
BRDA:474,40,1,0
BRDA:477,41,0,0
BRDA:477,41,1,0
BRDA:479,42,0,0
BRDA:479,42,1,0
BRDA:479,43,0,0
BRDA:479,43,1,0
BRDA:492,44,0,0
BRDA:492,44,1,0
BRDA:497,45,0,0
BRDA:497,45,1,0
BRDA:506,46,0,0
BRDA:506,46,1,0
BRDA:510,47,0,0
BRDA:510,47,1,0
BRDA:516,48,0,0
BRDA:516,48,1,0
BRDA:532,49,0,0
BRDA:532,49,1,0
BRDA:566,50,0,0
BRDA:566,50,1,0
BRDA:577,51,0,0
BRDA:577,51,1,0
BRDA:577,52,0,0
BRDA:577,52,1,0
BRDA:609,53,0,0
BRDA:609,53,1,0
BRDA:642,54,0,0
BRDA:642,54,1,0
BRDA:731,55,0,0
BRDA:731,55,1,0
BRDA:774,56,0,0
BRDA:774,56,1,0
BRDA:809,57,0,0
BRDA:809,57,1,0
BRDA:819,58,0,0
BRDA:819,58,1,0
BRDA:829,59,0,0
BRDA:829,59,1,0
BRDA:829,60,0,0
BRDA:829,60,1,0
BRDA:842,61,0,0
BRDA:842,61,1,0
BRDA:870,62,0,0
BRDA:870,62,1,0
BRDA:874,63,0,0
BRDA:874,63,1,0
BRDA:874,64,0,0
BRDA:874,64,1,0
BRDA:911,65,0,0
BRDA:911,65,1,0
BRDA:924,66,0,0
BRDA:924,66,1,0
BRDA:927,67,0,0
BRDA:927,67,1,0
BRDA:945,68,0,0
BRDA:945,68,1,0
BRDA:953,69,0,0
BRDA:953,69,1,0
BRDA:978,70,0,0
BRDA:991,71,0,0
BRDA:991,71,1,0
BRDA:1008,72,0,0
BRDA:1008,72,1,0
BRDA:1010,73,0,0
BRDA:1010,73,1,0
BRDA:1015,74,0,0
BRDA:1015,74,1,0
BRDA:1031,75,0,0
BRDA:1052,76,0,0
BRDA:1052,76,1,0
BRDA:1062,77,0,0
BRDA:1062,77,1,0
BRDA:1079,78,0,0
BRDA:1079,78,1,0
BRDA:1109,79,0,0
BRDA:1109,79,1,0
BRDA:1118,80,0,0
BRDA:1118,80,1,0
BRDA:1118,81,0,0
BRDA:1118,81,1,0
BRDA:1120,82,0,0
BRDA:1120,82,1,0
BRDA:1135,83,0,0
BRDA:1135,83,1,0
BRDA:1137,84,0,0
BRDA:1137,84,1,0
BRDA:1137,85,0,0
BRDA:1137,85,1,0
BRDA:1143,86,0,0
BRDA:1143,86,1,0
BRDA:1149,87,0,0
BRDA:1149,87,1,0
BRDA:1149,88,0,0
BRDA:1149,88,1,0
BRDA:1152,89,0,0
BRDA:1152,89,1,0
BRDA:1159,90,0,0
BRDA:1159,90,1,0
BRDA:1159,91,0,0
BRDA:1159,91,1,0
BRDA:1159,91,2,0
BRDA:1161,92,0,0
BRDA:1161,92,1,0
BRDA:1161,93,0,0
BRDA:1161,93,1,0
BRDA:1168,94,0,0
BRDA:1168,94,1,0
BRDA:1168,95,0,0
BRDA:1168,95,1,0
BRDA:1171,96,0,0
BRDA:1171,96,1,0
BRDA:1184,97,0,0
BRDA:1184,97,1,0
BRDA:1188,98,0,0
BRDA:1188,98,1,0
BRDA:1188,99,0,0
BRDA:1188,99,1,0
BRDA:1202,100,0,0
BRDA:1202,100,1,0
BRDA:1202,101,0,0
BRDA:1202,101,1,0
BRDA:1217,102,0,0
BRDA:1217,102,1,0
BRDA:1217,103,0,0
BRDA:1217,103,1,0
BRDA:1257,104,0,0
BRDA:1265,105,0,0
BRDA:1265,105,1,0
BRDA:1273,106,0,0
BRDA:1273,106,1,0
BRDA:1273,107,0,0
BRDA:1273,107,1,0
BRDA:1285,108,0,0
BRDA:1285,108,1,0
BRDA:1294,109,0,0
BRDA:1294,109,1,0
BRDA:1294,110,0,0
BRDA:1294,110,1,0
BRDA:1301,111,0,0
BRDA:1301,111,1,0
BRDA:1303,112,0,0
BRDA:1303,112,1,0
BRDA:1312,113,0,0
BRDA:1312,113,1,0
BRDA:1319,114,0,0
BRDA:1319,114,1,0
BRDA:1329,115,0,0
BRDA:1329,115,1,0
BRDA:1335,116,0,0
BRDA:1335,116,1,0
BRDA:1335,117,0,0
BRDA:1335,117,1,0
BRF:237
BRH:0
end_of_record
