TN:
SF:generate-review-pages.js
FN:24,(anonymous_0)
FNF:1
FNH:0
FNDA:0,(anonymous_0)
DA:1,0
DA:2,0
DA:5,0
DA:6,0
DA:9,0
DA:10,0
DA:11,0
DA:15,0
DA:18,0
DA:19,0
DA:20,0
DA:24,0
DA:25,0
DA:109,0
DA:110,0
DA:111,0
DA:114,0
LF:17
LH:0
BRDA:10,0,0,0
BRDA:10,0,1,0
BRDA:19,1,0,0
BRDA:19,1,1,0
BRF:4
BRH:0
end_of_record
TN:
SF:reviews-data.js
FNF:0
FNH:0
DA:22,0
DA:695,0
DA:696,0
LF:3
LH:0
BRDA:695,0,0,0
BRDA:695,0,1,0
BRDA:695,1,0,0
BRDA:695,1,1,0
BRF:4
BRH:0
end_of_record
TN:
SF:script.js
FN:4,createResponsiveImage
FN:89,(anonymous_1)
FN:98,(anonymous_2)
FN:125,(anonymous_3)
FN:130,checkForSharedReview
FN:148,(anonymous_5)
FN:152,(anonymous_6)
FN:162,initializeApp
FN:178,setupHeaderNavigation
FN:182,(anonymous_9)
FN:190,(anonymous_10)
FN:191,(anonymous_11)
FN:195,(anonymous_12)
FN:206,loadReviews
FN:222,(anonymous_14)
FN:230,(anonymous_15)
FN:240,(anonymous_16)
FN:271,(anonymous_17)
FN:288,createReviewElement
FN:330,(anonymous_19)
FN:339,(anonymous_20)
FN:340,(anonymous_21)
FN:348,(anonymous_22)
FN:359,(anonymous_23)
FN:364,(anonymous_24)
FN:369,(anonymous_25)
FN:377,navigateToReview
FN:378,(anonymous_27)
FN:385,shareReview
FN:414,(anonymous_29)
FN:416,(anonymous_30)
FN:434,showShareNotification
FN:456,(anonymous_32)
FN:458,(anonymous_33)
FN:466,insertImagesInContent
FN:470,(anonymous_35)
FN:489,(anonymous_36)
FN:490,(anonymous_37)
FN:496,(anonymous_38)
FN:520,(anonymous_39)
FN:538,updateMetaTag
FN:556,getAbsoluteUrl
FN:570,convertToEmbedUrl
FN:588,createReviewPage
FN:636,(anonymous_44)
FN:659,(anonymous_45)
FN:660,(anonymous_46)
FN:668,(anonymous_47)
FN:676,returnToHomepage
FN:718,(anonymous_49)
FN:732,createReviewContentHTML
FN:834,loadRelatedReviews
FN:836,(anonymous_52)
FN:837,(anonymous_53)
FN:847,(anonymous_54)
FN:871,(anonymous_55)
FN:879,updateLoadMoreButton
FN:888,setupEventListeners
FN:891,(anonymous_58)
FN:901,(anonymous_59)
FN:909,(anonymous_60)
FN:910,(anonymous_61)
FN:923,setupAccessibility
FN:933,(anonymous_63)
FN:939,(anonymous_64)
FN:953,setupCategoryFiltering
FN:956,(anonymous_66)
FN:957,(anonymous_67)
FN:962,(anonymous_68)
FN:979,setupSortDropdown
FN:983,(anonymous_70)
FN:991,setupSearch
FN:997,(anonymous_72)
FN:1006,(anonymous_73)
FN:1011,(anonymous_74)
FN:1025,(anonymous_75)
FN:1036,debounce
FN:1038,executedFunction
FN:1039,(anonymous_78)
FN:1049,handleImageError
FN:1070,handleImageLoad
FN:1081,setupImageErrorHandling
FN:1084,(anonymous_82)
FN:1090,(anonymous_83)
FN:1095,(anonymous_84)
FN:1099,(anonymous_85)
FN:1100,(anonymous_86)
FN:1101,(anonymous_87)
FN:1105,(anonymous_88)
FN:1110,(anonymous_89)
FN:1114,(anonymous_90)
FN:1115,(anonymous_91)
FN:1120,(anonymous_92)
FN:1133,handleFetchError
FN:1153,(anonymous_94)
FN:1160,handleReviewLoadError
FN:1177,handleSearchError
FN:1185,(anonymous_97)
FN:1193,(anonymous_98)
FN:1199,(anonymous_99)
FN:1206,updateCategoryCounts
FN:1209,(anonymous_101)
FN:1216,(anonymous_102)
FN:1228,(anonymous_103)
FN:1234,setupKeyboardNavigation
FN:1235,(anonymous_105)
FN:1281,(anonymous_106)
FN:1289,(anonymous_107)
FN:1298,addKeyboardSupportToReviewCards
FN:1300,(anonymous_109)
FN:1303,(anonymous_110)
FN:1313,addKeyboardSupportToShareButtons
FN:1315,(anonymous_112)
FN:1318,(anonymous_113)
FN:1333,(anonymous_114)
FN:1336,(anonymous_115)
FN:1345,(anonymous_116)
FN:1348,(anonymous_117)
FN:1359,showLoadingSpinner
FN:1374,hideLoadingSpinner
FN:1380,showImageLoadingState
FN:1395,hideImageLoadingState
FN:1401,showSearchLoading
FN:1412,hideSearchLoading
FN:1419,showReviewsLoading
FN:1429,hideReviewsLoading
FNF:126
FNH:0
FNDA:0,createResponsiveImage
FNDA:0,(anonymous_1)
FNDA:0,(anonymous_2)
FNDA:0,(anonymous_3)
FNDA:0,checkForSharedReview
FNDA:0,(anonymous_5)
FNDA:0,(anonymous_6)
FNDA:0,initializeApp
FNDA:0,setupHeaderNavigation
FNDA:0,(anonymous_9)
FNDA:0,(anonymous_10)
FNDA:0,(anonymous_11)
FNDA:0,(anonymous_12)
FNDA:0,loadReviews
FNDA:0,(anonymous_14)
FNDA:0,(anonymous_15)
FNDA:0,(anonymous_16)
FNDA:0,(anonymous_17)
FNDA:0,createReviewElement
FNDA:0,(anonymous_19)
FNDA:0,(anonymous_20)
FNDA:0,(anonymous_21)
FNDA:0,(anonymous_22)
FNDA:0,(anonymous_23)
FNDA:0,(anonymous_24)
FNDA:0,(anonymous_25)
FNDA:0,navigateToReview
FNDA:0,(anonymous_27)
FNDA:0,shareReview
FNDA:0,(anonymous_29)
FNDA:0,(anonymous_30)
FNDA:0,showShareNotification
FNDA:0,(anonymous_32)
FNDA:0,(anonymous_33)
FNDA:0,insertImagesInContent
FNDA:0,(anonymous_35)
FNDA:0,(anonymous_36)
FNDA:0,(anonymous_37)
FNDA:0,(anonymous_38)
FNDA:0,(anonymous_39)
FNDA:0,updateMetaTag
FNDA:0,getAbsoluteUrl
FNDA:0,convertToEmbedUrl
FNDA:0,createReviewPage
FNDA:0,(anonymous_44)
FNDA:0,(anonymous_45)
FNDA:0,(anonymous_46)
FNDA:0,(anonymous_47)
FNDA:0,returnToHomepage
FNDA:0,(anonymous_49)
FNDA:0,createReviewContentHTML
FNDA:0,loadRelatedReviews
FNDA:0,(anonymous_52)
FNDA:0,(anonymous_53)
FNDA:0,(anonymous_54)
FNDA:0,(anonymous_55)
FNDA:0,updateLoadMoreButton
FNDA:0,setupEventListeners
FNDA:0,(anonymous_58)
FNDA:0,(anonymous_59)
FNDA:0,(anonymous_60)
FNDA:0,(anonymous_61)
FNDA:0,setupAccessibility
FNDA:0,(anonymous_63)
FNDA:0,(anonymous_64)
FNDA:0,setupCategoryFiltering
FNDA:0,(anonymous_66)
FNDA:0,(anonymous_67)
FNDA:0,(anonymous_68)
FNDA:0,setupSortDropdown
FNDA:0,(anonymous_70)
FNDA:0,setupSearch
FNDA:0,(anonymous_72)
FNDA:0,(anonymous_73)
FNDA:0,(anonymous_74)
FNDA:0,(anonymous_75)
FNDA:0,debounce
FNDA:0,executedFunction
FNDA:0,(anonymous_78)
FNDA:0,handleImageError
FNDA:0,handleImageLoad
FNDA:0,setupImageErrorHandling
FNDA:0,(anonymous_82)
FNDA:0,(anonymous_83)
FNDA:0,(anonymous_84)
FNDA:0,(anonymous_85)
FNDA:0,(anonymous_86)
FNDA:0,(anonymous_87)
FNDA:0,(anonymous_88)
FNDA:0,(anonymous_89)
FNDA:0,(anonymous_90)
FNDA:0,(anonymous_91)
FNDA:0,(anonymous_92)
FNDA:0,handleFetchError
FNDA:0,(anonymous_94)
FNDA:0,handleReviewLoadError
FNDA:0,handleSearchError
FNDA:0,(anonymous_97)
FNDA:0,(anonymous_98)
FNDA:0,(anonymous_99)
FNDA:0,updateCategoryCounts
FNDA:0,(anonymous_101)
FNDA:0,(anonymous_102)
FNDA:0,(anonymous_103)
FNDA:0,setupKeyboardNavigation
FNDA:0,(anonymous_105)
FNDA:0,(anonymous_106)
FNDA:0,(anonymous_107)
FNDA:0,addKeyboardSupportToReviewCards
FNDA:0,(anonymous_109)
FNDA:0,(anonymous_110)
FNDA:0,addKeyboardSupportToShareButtons
FNDA:0,(anonymous_112)
FNDA:0,(anonymous_113)
FNDA:0,(anonymous_114)
FNDA:0,(anonymous_115)
FNDA:0,(anonymous_116)
FNDA:0,(anonymous_117)
FNDA:0,showLoadingSpinner
FNDA:0,hideLoadingSpinner
FNDA:0,showImageLoadingState
FNDA:0,hideImageLoadingState
FNDA:0,showSearchLoading
FNDA:0,hideSearchLoading
FNDA:0,showReviewsLoading
FNDA:0,hideReviewsLoading
DA:6,0
DA:7,0
DA:8,0
DA:9,0
DA:10,0
DA:14,0
DA:22,0
DA:24,0
DA:31,0
DA:33,0
DA:36,0
DA:40,0
DA:44,0
DA:60,0
DA:82,0
DA:83,0
DA:84,0
DA:85,0
DA:86,0
DA:89,0
DA:90,0
DA:93,0
DA:94,0
DA:96,0
DA:97,0
DA:98,0
DA:100,0
DA:102,0
DA:103,0
DA:104,0
DA:105,0
DA:107,0
DA:108,0
DA:109,0
DA:110,0
DA:113,0
DA:114,0
DA:115,0
DA:116,0
DA:121,0
DA:125,0
DA:126,0
DA:131,0
DA:132,0
DA:133,0
DA:135,0
DA:138,0
DA:139,0
DA:140,0
DA:143,0
DA:144,0
DA:147,0
DA:148,0
DA:150,0
DA:152,0
DA:153,0
DA:156,0
DA:158,0
DA:164,0
DA:165,0
DA:168,0
DA:169,0
DA:170,0
DA:171,0
DA:172,0
DA:173,0
DA:174,0
DA:175,0
DA:180,0
DA:181,0
DA:182,0
DA:183,0
DA:184,0
DA:189,0
DA:190,0
DA:191,0
DA:192,0
DA:193,0
DA:195,0
DA:196,0
DA:197,0
DA:198,0
DA:199,0
DA:207,0
DA:209,0
DA:210,0
DA:211,0
DA:214,0
DA:215,0
DA:218,0
DA:221,0
DA:222,0
DA:223,0
DA:228,0
DA:229,0
DA:230,0
DA:231,0
DA:240,0
DA:241,0
DA:244,0
DA:245,0
DA:246,0
DA:249,0
DA:252,0
DA:253,0
DA:254,0
DA:256,0
DA:261,0
DA:262,0
DA:263,0
DA:266,0
DA:267,0
DA:271,0
DA:272,0
DA:273,0
DA:277,0
DA:278,0
DA:281,0
DA:283,0
DA:284,0
DA:289,0
DA:290,0
DA:291,0
DA:292,0
DA:293,0
DA:294,0
DA:296,0
DA:330,0
DA:332,0
DA:333,0
DA:338,0
DA:339,0
DA:340,0
DA:341,0
DA:342,0
DA:343,0
DA:348,0
DA:349,0
DA:350,0
DA:351,0
DA:356,0
DA:357,0
DA:359,0
DA:360,0
DA:364,0
DA:365,0
DA:369,0
DA:370,0
DA:374,0
DA:378,0
DA:379,0
DA:381,0
DA:388,0
DA:390,0
DA:393,0
DA:397,0
DA:398,0
DA:399,0
DA:400,0
DA:401,0
DA:403,0
DA:405,0
DA:407,0
DA:408,0
DA:410,0
DA:411,0
DA:414,0
DA:415,0
DA:418,0
DA:419,0
DA:420,0
DA:421,0
DA:422,0
DA:423,0
DA:424,0
DA:426,0
DA:429,0
DA:430,0
DA:436,0
DA:437,0
DA:438,0
DA:439,0
DA:453,0
DA:456,0
DA:457,0
DA:458,0
DA:459,0
DA:460,0
DA:467,0
DA:470,0
DA:471,0
DA:479,0
DA:480,0
DA:483,0
DA:484,0
DA:486,0
DA:488,0
DA:489,0
DA:490,0
DA:491,0
DA:495,0
DA:496,0
DA:500,0
DA:501,0
DA:503,0
DA:505,0
DA:506,0
DA:508,0
DA:509,0
DA:510,0
DA:512,0
DA:513,0
DA:514,0
DA:517,0
DA:518,0
DA:520,0
DA:521,0
DA:524,0
DA:525,0
DA:530,0
DA:534,0
DA:539,0
DA:542,0
DA:543,0
DA:544,0
DA:545,0
DA:547,0
DA:549,0
DA:552,0
DA:557,0
DA:558,0
DA:562,0
DA:563,0
DA:565,0
DA:571,0
DA:574,0
DA:575,0
DA:576,0
DA:580,0
DA:581,0
DA:582,0
DA:585,0
DA:590,0
DA:593,0
DA:596,0
DA:597,0
DA:598,0
DA:602,0
DA:603,0
DA:604,0
DA:605,0
DA:606,0
DA:607,0
DA:608,0
DA:609,0
DA:610,0
DA:613,0
DA:614,0
DA:617,0
DA:618,0
DA:619,0
DA:620,0
DA:623,0
DA:624,0
DA:625,0
DA:626,0
DA:627,0
DA:628,0
DA:635,0
DA:636,0
DA:637,0
DA:641,0
DA:642,0
DA:643,0
DA:647,0
DA:648,0
DA:649,0
DA:652,0
DA:653,0
DA:654,0
DA:658,0
DA:659,0
DA:660,0
DA:661,0
DA:662,0
DA:663,0
DA:668,0
DA:669,0
DA:673,0
DA:678,0
DA:681,0
DA:682,0
DA:683,0
DA:687,0
DA:690,0
DA:691,0
DA:692,0
DA:696,0
DA:697,0
DA:698,0
DA:699,0
DA:700,0
DA:701,0
DA:702,0
DA:703,0
DA:704,0
DA:707,0
DA:708,0
DA:711,0
DA:712,0
DA:713,0
DA:714,0
DA:717,0
DA:718,0
DA:719,0
DA:723,0
DA:724,0
DA:725,0
DA:729,0
DA:733,0
DA:835,0
DA:836,0
DA:838,0
DA:839,0
DA:840,0
DA:843,0
DA:845,0
DA:847,0
DA:848,0
DA:849,0
DA:850,0
DA:851,0
DA:852,0
DA:853,0
DA:855,0
DA:871,0
DA:872,0
DA:875,0
DA:880,0
DA:881,0
DA:883,0
DA:884,0
DA:890,0
DA:891,0
DA:892,0
DA:897,0
DA:898,0
DA:900,0
DA:901,0
DA:902,0
DA:903,0
DA:904,0
DA:909,0
DA:910,0
DA:911,0
DA:912,0
DA:913,0
DA:914,0
DA:925,0
DA:926,0
DA:927,0
DA:928,0
DA:929,0
DA:932,0
DA:933,0
DA:934,0
DA:935,0
DA:939,0
DA:941,0
DA:942,0
DA:943,0
DA:945,0
DA:946,0
DA:947,0
DA:954,0
DA:956,0
DA:957,0
DA:958,0
DA:959,0
DA:962,0
DA:963,0
DA:966,0
DA:967,0
DA:968,0
DA:971,0
DA:980,0
DA:982,0
DA:983,0
DA:984,0
DA:985,0
DA:986,0
DA:992,0
DA:993,0
DA:995,0
DA:997,0
DA:998,0
DA:999,0
DA:1001,0
DA:1002,0
DA:1003,0
DA:1006,0
DA:1007,0
DA:1011,0
DA:1012,0
DA:1013,0
DA:1016,0
DA:1017,0
DA:1019,0
DA:1024,0
DA:1025,0
DA:1026,0
DA:1027,0
DA:1028,0
DA:1029,0
DA:1030,0
DA:1038,0
DA:1039,0
DA:1040,0
DA:1041,0
DA:1043,0
DA:1044,0
DA:1050,0
DA:1053,0
DA:1054,0
DA:1058,0
DA:1061,0
DA:1064,0
DA:1065,0
DA:1066,0
DA:1067,0
DA:1071,0
DA:1072,0
DA:1075,0
DA:1076,0
DA:1077,0
DA:1083,0
DA:1084,0
DA:1086,0
DA:1087,0
DA:1090,0
DA:1092,0
DA:1093,0
DA:1095,0
DA:1099,0
DA:1100,0
DA:1101,0
DA:1102,0
DA:1104,0
DA:1105,0
DA:1107,0
DA:1108,0
DA:1110,0
DA:1113,0
DA:1114,0
DA:1115,0
DA:1117,0
DA:1118,0
DA:1120,0
DA:1127,0
DA:1134,0
DA:1137,0
DA:1138,0
DA:1139,0
DA:1150,0
DA:1153,0
DA:1154,0
DA:1155,0
DA:1161,0
DA:1163,0
DA:1164,0
DA:1165,0
DA:1178,0
DA:1180,0
DA:1181,0
DA:1182,0
DA:1183,0
DA:1185,0
DA:1186,0
DA:1187,0
DA:1193,0
DA:1194,0
DA:1195,0
DA:1199,0
DA:1200,0
DA:1201,0
DA:1208,0
DA:1209,0
DA:1210,0
DA:1211,0
DA:1215,0
DA:1216,0
DA:1217,0
DA:1218,0
DA:1220,0
DA:1221,0
DA:1222,0
DA:1228,0
DA:1235,0
DA:1237,0
DA:1238,0
DA:1239,0
DA:1240,0
DA:1244,0
DA:1245,0
DA:1246,0
DA:1251,0
DA:1252,0
DA:1253,0
DA:1254,0
DA:1255,0
DA:1256,0
DA:1261,0
DA:1262,0
DA:1263,0
DA:1264,0
DA:1265,0
DA:1270,0
DA:1271,0
DA:1272,0
DA:1273,0
DA:1274,0
DA:1280,0
DA:1281,0
DA:1282,0
DA:1285,0
DA:1286,0
DA:1287,0
DA:1289,0
DA:1290,0
DA:1291,0
DA:1292,0
DA:1299,0
DA:1300,0
DA:1301,0
DA:1303,0
DA:1304,0
DA:1305,0
DA:1306,0
DA:1314,0
DA:1315,0
DA:1316,0
DA:1318,0
DA:1319,0
DA:1320,0
DA:1321,0
DA:1328,0
DA:1329,0
DA:1332,0
DA:1333,0
DA:1334,0
DA:1336,0
DA:1337,0
DA:1338,0
DA:1340,0
DA:1345,0
DA:1346,0
DA:1348,0
DA:1349,0
DA:1350,0
DA:1352,0
DA:1360,0
DA:1361,0
DA:1362,0
DA:1367,0
DA:1368,0
DA:1371,0
DA:1375,0
DA:1376,0
DA:1381,0
DA:1382,0
DA:1383,0
DA:1386,0
DA:1387,0
DA:1388,0
DA:1389,0
DA:1392,0
DA:1396,0
DA:1397,0
DA:1402,0
DA:1403,0
DA:1404,0
DA:1405,0
DA:1406,0
DA:1407,0
DA:1413,0
DA:1414,0
DA:1415,0
DA:1420,0
DA:1421,0
DA:1423,0
DA:1424,0
DA:1425,0
DA:1430,0
DA:1431,0
DA:1432,0
DA:1437,0
DA:1438,0
DA:1448,0
DA:1449,0
LF:599
LH:0
BRDA:4,0,0,0
BRDA:10,1,0,0
BRDA:10,1,1,0
BRDA:14,2,0,0
BRDA:14,2,1,0
BRDA:14,2,2,0
BRDA:14,2,3,0
BRDA:14,2,4,0
BRDA:14,2,5,0
BRDA:14,2,6,0
BRDA:22,3,0,0
BRDA:22,3,1,0
BRDA:31,4,0,0
BRDA:31,4,1,0
BRDA:31,5,0,0
BRDA:31,5,1,0
BRDA:40,6,0,0
BRDA:40,6,1,0
BRDA:40,7,0,0
BRDA:40,7,1,0
BRDA:96,8,0,0
BRDA:96,8,1,0
BRDA:100,9,0,0
BRDA:100,9,1,0
BRDA:115,10,0,0
BRDA:115,10,1,0
BRDA:139,11,0,0
BRDA:139,11,1,0
BRDA:143,12,0,0
BRDA:143,12,1,0
BRDA:147,13,0,0
BRDA:147,13,1,0
BRDA:150,14,0,0
BRDA:150,14,1,0
BRDA:156,15,0,0
BRDA:156,15,1,0
BRDA:156,16,0,0
BRDA:156,16,1,0
BRDA:156,16,2,0
BRDA:181,17,0,0
BRDA:181,17,1,0
BRDA:198,18,0,0
BRDA:198,18,1,0
BRDA:206,19,0,0
BRDA:206,20,0,0
BRDA:206,21,0,0
BRDA:206,22,0,0
BRDA:214,23,0,0
BRDA:214,23,1,0
BRDA:214,24,0,0
BRDA:214,24,1,0
BRDA:221,25,0,0
BRDA:221,25,1,0
BRDA:221,26,0,0
BRDA:221,26,1,0
BRDA:228,27,0,0
BRDA:228,27,1,0
BRDA:231,28,0,0
BRDA:231,28,1,0
BRDA:231,28,2,0
BRDA:231,28,3,0
BRDA:231,28,4,0
BRDA:241,29,0,0
BRDA:241,29,1,0
BRDA:241,29,2,0
BRDA:241,29,3,0
BRDA:266,30,0,0
BRDA:266,30,1,0
BRDA:332,31,0,0
BRDA:332,31,1,0
BRDA:349,32,0,0
BRDA:349,32,1,0
BRDA:349,33,0,0
BRDA:349,33,1,0
BRDA:357,34,0,0
BRDA:357,34,1,0
BRDA:379,35,0,0
BRDA:379,35,1,0
BRDA:388,36,0,0
BRDA:388,36,1,0
BRDA:405,37,0,0
BRDA:405,37,1,0
BRDA:405,37,2,0
BRDA:429,38,0,0
BRDA:429,38,1,0
BRDA:459,39,0,0
BRDA:459,39,1,0
BRDA:483,40,0,0
BRDA:483,40,1,0
BRDA:486,41,0,0
BRDA:486,41,1,0
BRDA:488,42,0,0
BRDA:488,42,1,0
BRDA:495,43,0,0
BRDA:495,43,1,0
BRDA:503,44,0,0
BRDA:503,44,1,0
BRDA:506,45,0,0
BRDA:506,45,1,0
BRDA:510,46,0,0
BRDA:510,46,1,0
BRDA:524,47,0,0
BRDA:524,47,1,0
BRDA:524,48,0,0
BRDA:524,48,1,0
BRDA:539,49,0,0
BRDA:539,49,1,0
BRDA:542,50,0,0
BRDA:542,50,1,0
BRDA:544,51,0,0
BRDA:544,51,1,0
BRDA:544,52,0,0
BRDA:544,52,1,0
BRDA:557,53,0,0
BRDA:557,53,1,0
BRDA:562,54,0,0
BRDA:562,54,1,0
BRDA:571,55,0,0
BRDA:571,55,1,0
BRDA:575,56,0,0
BRDA:575,56,1,0
BRDA:581,57,0,0
BRDA:581,57,1,0
BRDA:597,58,0,0
BRDA:597,58,1,0
BRDA:624,59,0,0
BRDA:624,59,1,0
BRDA:627,60,0,0
BRDA:627,60,1,0
BRDA:642,61,0,0
BRDA:642,61,1,0
BRDA:653,62,0,0
BRDA:653,62,1,0
BRDA:653,63,0,0
BRDA:653,63,1,0
BRDA:682,64,0,0
BRDA:682,64,1,0
BRDA:691,65,0,0
BRDA:691,65,1,0
BRDA:724,66,0,0
BRDA:724,66,1,0
BRDA:802,67,0,0
BRDA:802,67,1,0
BRDA:845,68,0,0
BRDA:845,68,1,0
BRDA:880,69,0,0
BRDA:880,69,1,0
BRDA:890,70,0,0
BRDA:890,70,1,0
BRDA:900,71,0,0
BRDA:900,71,1,0
BRDA:900,72,0,0
BRDA:900,72,1,0
BRDA:913,73,0,0
BRDA:913,73,1,0
BRDA:941,74,0,0
BRDA:941,74,1,0
BRDA:945,75,0,0
BRDA:945,75,1,0
BRDA:945,76,0,0
BRDA:945,76,1,0
BRDA:982,77,0,0
BRDA:982,77,1,0
BRDA:995,78,0,0
BRDA:995,78,1,0
BRDA:998,79,0,0
BRDA:998,79,1,0
BRDA:1016,80,0,0
BRDA:1016,80,1,0
BRDA:1024,81,0,0
BRDA:1024,81,1,0
BRDA:1053,82,0,0
BRDA:1053,82,1,0
BRDA:1076,83,0,0
BRDA:1076,83,1,0
BRDA:1086,84,0,0
BRDA:1086,84,1,0
BRDA:1086,85,0,0
BRDA:1086,85,1,0
BRDA:1092,86,0,0
BRDA:1092,86,1,0
BRDA:1102,87,0,0
BRDA:1102,87,1,0
BRDA:1104,88,0,0
BRDA:1104,88,1,0
BRDA:1107,89,0,0
BRDA:1107,89,1,0
BRDA:1113,90,0,0
BRDA:1113,90,1,0
BRDA:1117,91,0,0
BRDA:1117,91,1,0
BRDA:1133,92,0,0
BRDA:1154,93,0,0
BRDA:1154,93,1,0
BRDA:1164,94,0,0
BRDA:1164,94,1,0
BRDA:1181,95,0,0
BRDA:1181,95,1,0
BRDA:1211,96,0,0
BRDA:1211,96,1,0
BRDA:1220,97,0,0
BRDA:1220,97,1,0
BRDA:1220,98,0,0
BRDA:1220,98,1,0
BRDA:1222,99,0,0
BRDA:1222,99,1,0
BRDA:1237,100,0,0
BRDA:1237,100,1,0
BRDA:1239,101,0,0
BRDA:1239,101,1,0
BRDA:1239,102,0,0
BRDA:1239,102,1,0
BRDA:1245,103,0,0
BRDA:1245,103,1,0
BRDA:1251,104,0,0
BRDA:1251,104,1,0
BRDA:1251,105,0,0
BRDA:1251,105,1,0
BRDA:1254,106,0,0
BRDA:1254,106,1,0
BRDA:1261,107,0,0
BRDA:1261,107,1,0
BRDA:1261,108,0,0
BRDA:1261,108,1,0
BRDA:1261,108,2,0
BRDA:1263,109,0,0
BRDA:1263,109,1,0
BRDA:1263,110,0,0
BRDA:1263,110,1,0
BRDA:1270,111,0,0
BRDA:1270,111,1,0
BRDA:1270,112,0,0
BRDA:1270,112,1,0
BRDA:1273,113,0,0
BRDA:1273,113,1,0
BRDA:1286,114,0,0
BRDA:1286,114,1,0
BRDA:1290,115,0,0
BRDA:1290,115,1,0
BRDA:1290,116,0,0
BRDA:1290,116,1,0
BRDA:1304,117,0,0
BRDA:1304,117,1,0
BRDA:1304,118,0,0
BRDA:1304,118,1,0
BRDA:1319,119,0,0
BRDA:1319,119,1,0
BRDA:1319,120,0,0
BRDA:1319,120,1,0
BRDA:1359,121,0,0
BRDA:1367,122,0,0
BRDA:1367,122,1,0
BRDA:1375,123,0,0
BRDA:1375,123,1,0
BRDA:1375,124,0,0
BRDA:1375,124,1,0
BRDA:1387,125,0,0
BRDA:1387,125,1,0
BRDA:1396,126,0,0
BRDA:1396,126,1,0
BRDA:1396,127,0,0
BRDA:1396,127,1,0
BRDA:1403,128,0,0
BRDA:1403,128,1,0
BRDA:1405,129,0,0
BRDA:1405,129,1,0
BRDA:1414,130,0,0
BRDA:1414,130,1,0
BRDA:1421,131,0,0
BRDA:1421,131,1,0
BRDA:1431,132,0,0
BRDA:1431,132,1,0
BRDA:1437,133,0,0
BRDA:1437,133,1,0
BRDA:1437,134,0,0
BRDA:1437,134,1,0
BRF:276
BRH:0
end_of_record
